#1#
RAS APP FATAL ciod : Error creating node map from file /home/pakin1/comms-conc/xyzt-1x1x32768x1.map : Bad address
RAS APP FATAL ciod : Error creating node map from file /home/pakin1/comms-conc/xyzt-1x1x32768x1.map : Bad address
RAS APP FATAL ciod : Error creating node map from file /home/pakin1/comms-conc/xyzt-1x1x32768x1.map : Bad address
RAS APP FATAL ciod : Error creating node map from file /home/pakin1/comms-conc/xyzt-1x1x32768x1.map : Bad address
RAS APP FATAL ciod : Error creating node map from file /home/pakin1/comms-conc/xyzt-1x1x32768x1.map : Bad address
RAS APP FATAL ciod : Error creating node map from file /home/pakin1/comms-conc/xyzt-1x1x32768x1.map : Bad address
RAS APP FATAL ciod : Error creating node map from file /home/pakin1/comms-conc/xyzt-1x1x32768x1.map : Bad address
RAS APP FATAL ciod : Error creating node map from file /home/pakin1/comms-conc/xyzt-1x1x32768x1.map : Bad address
RAS APP FATAL ciod : Error creating node map from file /home/pakin1/comms-conc/xyzt-1x1x32768x1.map : Bad address
RAS APP FATAL ciod : Error creating node map from file /home/pakin1/comms-conc/xyzt-1x1x32768x1.map : Bad address
RAS APP FATAL ciod : Error creating node map from file /home/pakin1/comms-conc/xyzt-1x1x32768x1.map : Bad address
RAS APP FATAL ciod : Error creating node map from file /home/pakin1/comms-conc/xyzt-1x1x32768x1.map : Bad address
RAS APP FATAL ciod : Error creating node map from file /home/pakin1/comms-conc/xyzt-1x1x32768x1.map : Bad address
RAS APP FATAL ciod : Error creating node map from file /home/pakin1/comms-conc/xyzt-1x1x32768x1.map : Bad address
RAS APP FATAL ciod : Error creating node map from file /home/pakin1/comms-conc/xyzt-1x1x32768x1.map : Bad address
RAS APP FATAL ciod : Error creating node map from file /home/pakin1/comms-conc/xyzt-1x1x32768x1.map : Bad address
RAS APP FATAL ciod : Error creating node map from file /home/pakin1/comms-conc/xyzt-1x1x32768x1.map : Bad address
RAS APP FATAL ciod : Error creating node map from file /home/pakin1/comms-conc/xyzt-1x1x32768x1.map : Bad address
RAS APP FATAL ciod : Error creating node map from file /home/pakin1/comms-conc/xyzt-1x1x32768x1.map : Bad address
RAS APP FATAL ciod : Error creating node map from file /home/pakin1/comms-conc/xyzt-1x1x32768x1.map : Bad address

#summary:#
Error creating node map from file;


#2#
RAS KERNEL INFO instruction cache parity error corrected
RAS KERNEL INFO instruction cache parity error corrected
RAS KERNEL INFO instruction cache parity error corrected
RAS KERNEL INFO instruction cache parity error corrected
RAS KERNEL INFO instruction cache parity error corrected
RAS KERNEL INFO instruction cache parity error corrected
RAS KERNEL INFO instruction cache parity error corrected
RAS KERNEL INFO instruction cache parity error corrected
RAS KERNEL INFO instruction cache parity error corrected
RAS KERNEL INFO instruction cache parity error corrected
RAS KERNEL INFO instruction cache parity error corrected
RAS KERNEL INFO instruction cache parity error corrected
RAS KERNEL INFO instruction cache parity error corrected
RAS KERNEL INFO instruction cache parity error corrected
RAS KERNEL INFO instruction cache parity error corrected
RAS KERNEL INFO instruction cache parity error corrected
RAS KERNEL INFO instruction cache parity error corrected
RAS KERNEL INFO instruction cache parity error corrected
RAS KERNEL INFO instruction cache parity error corrected
RAS KERNEL INFO instruction cache parity error corrected

#summary:#
instruction cache parity error corrected;

#3#
RAS KERNEL INFO ciod : Message code 0 is not 51 or 4294967295
RAS KERNEL INFO ciod : cpu 0 at treeaddr 8717 sent unrecognized message 0xffffffff
RAS KERNEL INFO generating core.3869
RAS KERNEL INFO ciod : for node 15 , read continuation request but ioState is 0
RAS KERNEL INFO ciod : Message code 0 is not 51 or 4294967295
RAS KERNEL INFO generating core.3863
RAS KERNEL INFO ciod : Message code 0 is not 51 or 4294967295
RAS KERNEL INFO ciod : cpu 0 at treeaddr 13331 sent unrecognized message 0xffffffff
RAS KERNEL INFO ciod : Message code 0 is not 51 or 4294967295
RAS KERNEL INFO generating core.3991
RAS KERNEL INFO ciod : Message code 0 is not 51 or 4294967295
RAS KERNEL INFO generating core.3871
RAS KERNEL INFO generating core.3999
RAS KERNEL INFO ciod : for node 15 , read continuation request but ioState is 0
RAS KERNEL INFO generating core.3988
RAS KERNEL INFO ciod : cpu 0 at treeaddr 8716 sent unrecognized message 0xffffffff
RAS KERNEL INFO generating core.3860
RAS KERNEL INFO ciod : for node 9 , read continuation request but ioState is 0
RAS KERNEL INFO generating core.3989
RAS KERNEL INFO ciod : cpu 0 at treeaddr 13330 sent unrecognized message 0xffffffff

#summary:#
read continuation request; cpu sent unrecognized message; Message code;

#4#
RAS KERNEL FATAL data TLB error interrupt
RAS KERNEL FATAL data TLB error interrupt
RAS KERNEL FATAL data TLB error interrupt
RAS KERNEL FATAL data TLB error interrupt
RAS KERNEL FATAL data TLB error interrupt
RAS KERNEL FATAL data TLB error interrupt
RAS KERNEL FATAL data TLB error interrupt
RAS KERNEL FATAL data TLB error interrupt
RAS KERNEL FATAL data TLB error interrupt
RAS KERNEL FATAL data TLB error interrupt
RAS KERNEL FATAL data TLB error interrupt
RAS KERNEL FATAL data TLB error interrupt
RAS KERNEL FATAL data TLB error interrupt
RAS KERNEL FATAL data TLB error interrupt
RAS KERNEL FATAL data TLB error interrupt
RAS KERNEL FATAL data TLB error interrupt
RAS KERNEL FATAL data TLB error interrupt
RAS KERNEL FATAL data TLB error interrupt
RAS KERNEL FATAL data TLB error interrupt
RAS KERNEL FATAL data TLB error interrupt

#summary:#
error interrupt;

#5#
RAS KERNEL FATAL data TLB error interrupt
RAS KERNEL FATAL data TLB error interrupt
RAS KERNEL FATAL data TLB error interrupt
RAS KERNEL FATAL data TLB error interrupt
RAS KERNEL FATAL data TLB error interrupt
RAS KERNEL FATAL data TLB error interrupt
RAS KERNEL FATAL data TLB error interrupt
RAS KERNEL FATAL data TLB error interrupt
RAS KERNEL FATAL data TLB error interrupt
RAS KERNEL FATAL data TLB error interrupt
RAS KERNEL FATAL data TLB error interrupt
RAS KERNEL FATAL data TLB error interrupt
RAS KERNEL FATAL data TLB error interrupt
RAS KERNEL FATAL data TLB error interrupt
RAS KERNEL FATAL data TLB error interrupt
RAS KERNEL FATAL data TLB error interrupt
RAS KERNEL FATAL data TLB error interrupt
RAS KERNEL FATAL data TLB error interrupt
RAS KERNEL FATAL data TLB error interrupt
RAS KERNEL FATAL data TLB error interrupt

#summary:#
error interrupt;

#6#
RAS KERNEL FATAL data TLB error interrupt
RAS KERNEL FATAL data TLB error interrupt
RAS KERNEL FATAL data TLB error interrupt
RAS KERNEL FATAL data TLB error interrupt
RAS KERNEL FATAL data TLB error interrupt
RAS KERNEL FATAL data TLB error interrupt
RAS KERNEL FATAL data TLB error interrupt
RAS KERNEL FATAL data TLB error interrupt
RAS KERNEL FATAL data TLB error interrupt
RAS KERNEL FATAL data TLB error interrupt
RAS KERNEL FATAL data TLB error interrupt
RAS KERNEL FATAL data TLB error interrupt
RAS KERNEL FATAL data TLB error interrupt
RAS KERNEL FATAL data TLB error interrupt
RAS KERNEL FATAL data TLB error interrupt
RAS KERNEL FATAL data TLB error interrupt
RAS KERNEL FATAL data TLB error interrupt
RAS KERNEL FATAL data TLB error interrupt
RAS KERNEL FATAL data TLB error interrupt
RAS KERNEL FATAL data TLB error interrupt

#summary:#
error interrupt;

#7#
RAS KERNEL FATAL data TLB error interrupt
RAS KERNEL FATAL data TLB error interrupt
RAS KERNEL FATAL data TLB error interrupt
RAS KERNEL FATAL data TLB error interrupt
RAS KERNEL FATAL data TLB error interrupt
RAS KERNEL FATAL data TLB error interrupt
RAS KERNEL FATAL data TLB error interrupt
RAS KERNEL FATAL data TLB error interrupt
RAS KERNEL FATAL data TLB error interrupt
RAS KERNEL FATAL data TLB error interrupt
RAS KERNEL FATAL data TLB error interrupt
RAS KERNEL FATAL data TLB error interrupt
RAS KERNEL FATAL data TLB error interrupt
RAS KERNEL FATAL data TLB error interrupt
RAS KERNEL FATAL data TLB error interrupt
RAS KERNEL FATAL data TLB error interrupt
RAS KERNEL FATAL data TLB error interrupt
RAS KERNEL FATAL data TLB error interrupt
RAS KERNEL FATAL data TLB error interrupt
RAS KERNEL FATAL data TLB error interrupt

#summary:#
error interrupt;

#8#
RAS KERNEL FATAL data storage interrupt
RAS KERNEL FATAL data storage interrupt
RAS KERNEL FATAL data storage interrupt
RAS KERNEL FATAL data storage interrupt
RAS KERNEL FATAL data storage interrupt
RAS KERNEL FATAL data storage interrupt
RAS KERNEL FATAL data storage interrupt
RAS KERNEL FATAL data storage interrupt
RAS KERNEL FATAL data storage interrupt
RAS KERNEL FATAL data storage interrupt
RAS KERNEL FATAL data storage interrupt
RAS KERNEL FATAL data storage interrupt
RAS KERNEL FATAL data storage interrupt
RAS KERNEL FATAL data storage interrupt
RAS KERNEL FATAL data storage interrupt
RAS KERNEL FATAL data storage interrupt
RAS KERNEL FATAL data storage interrupt
RAS KERNEL FATAL data storage interrupt
RAS KERNEL FATAL data storage interrupt
RAS KERNEL FATAL data storage interrupt

#summary:#
data storage interrupt;

#9#
RAS KERNEL FATAL program interrupt : illegal instruction......0
RAS KERNEL FATAL program interrupt : illegal instruction......0
RAS KERNEL FATAL program interrupt : illegal instruction......0
RAS KERNEL FATAL program interrupt : illegal instruction......0
RAS KERNEL FATAL program interrupt : illegal instruction......0
RAS KERNEL FATAL program interrupt : illegal instruction......0
RAS KERNEL FATAL program interrupt : illegal instruction......0
RAS KERNEL FATAL program interrupt : illegal instruction......0
RAS KERNEL FATAL program interrupt : illegal instruction......0
RAS KERNEL FATAL program interrupt : illegal instruction......0
RAS KERNEL FATAL program interrupt : illegal instruction......0
RAS KERNEL FATAL program interrupt : illegal instruction......0
RAS KERNEL FATAL program interrupt : illegal instruction......0
RAS KERNEL FATAL program interrupt : illegal instruction......0
RAS KERNEL FATAL program interrupt : illegal instruction......0
RAS KERNEL FATAL program interrupt : illegal instruction......0
RAS KERNEL FATAL program interrupt : illegal instruction......0
RAS KERNEL FATAL program interrupt : illegal instruction......0
RAS KERNEL FATAL program interrupt : illegal instruction......0
RAS KERNEL FATAL program interrupt : illegal instruction......0

#summary:#
program interrupt;

#10#
RAS KERNEL FATAL program interrupt : illegal instruction......0
RAS KERNEL FATAL data store interrupt caused by icbi.........0
RAS KERNEL FATAL program interrupt : illegal instruction......0
RAS KERNEL FATAL data store interrupt caused by icbi.........0
RAS KERNEL FATAL program interrupt : illegal instruction......0
RAS KERNEL FATAL data store interrupt caused by icbi.........0
RAS KERNEL FATAL program interrupt : illegal instruction......0
RAS KERNEL FATAL data store interrupt caused by icbi.........0
RAS KERNEL FATAL program interrupt : illegal instruction......0
RAS KERNEL FATAL data store interrupt caused by icbi.........0
RAS KERNEL FATAL program interrupt : illegal instruction......0
RAS KERNEL FATAL data store interrupt caused by icbi.........0
RAS KERNEL FATAL program interrupt : illegal instruction......0
RAS KERNEL FATAL data store interrupt caused by icbi.........0
RAS KERNEL FATAL program interrupt : illegal instruction......0
RAS KERNEL FATAL data store interrupt caused by icbi.........0
RAS KERNEL FATAL program interrupt : illegal instruction......0
RAS KERNEL FATAL data store interrupt caused by icbi.........0
RAS KERNEL FATAL data store interrupt caused by icbi.........0
RAS KERNEL FATAL program interrupt : illegal instruction......0

#summary:#
program interrupt; data store interrupt;

#11#
RAS KERNEL FATAL byte ordering exception.....................0
RAS KERNEL FATAL program interrupt : privileged instruction...0
RAS KERNEL FATAL byte ordering exception.....................0
RAS KERNEL FATAL program interrupt : privileged instruction...0
RAS KERNEL FATAL byte ordering exception.....................0
RAS KERNEL FATAL program interrupt : privileged instruction...0
RAS KERNEL FATAL byte ordering exception.....................0
RAS KERNEL FATAL program interrupt : privileged instruction...0
RAS KERNEL FATAL byte ordering exception.....................0
RAS KERNEL FATAL program interrupt : privileged instruction...0
RAS KERNEL FATAL byte ordering exception.....................0
RAS KERNEL FATAL program interrupt : privileged instruction...0
RAS KERNEL FATAL byte ordering exception.....................0
RAS KERNEL FATAL program interrupt : privileged instruction...0
RAS KERNEL FATAL byte ordering exception.....................0
RAS KERNEL FATAL program interrupt : privileged instruction...0
RAS KERNEL FATAL byte ordering exception.....................0
RAS KERNEL FATAL program interrupt : privileged instruction...0
RAS KERNEL FATAL byte ordering exception.....................0
RAS KERNEL FATAL program interrupt : privileged instruction...0

#summary:#
byte ordering exception; program interrupt;

#12#
RAS KERNEL FATAL program interrupt : fp cr update.............0
RAS KERNEL FATAL program interrupt : trap instruction.........0
RAS KERNEL FATAL program interrupt : fp cr update.............0
RAS KERNEL FATAL program interrupt : trap instruction.........0
RAS KERNEL FATAL program interrupt : fp cr update.............0
RAS KERNEL FATAL program interrupt : trap instruction.........0
RAS KERNEL FATAL program interrupt : fp cr update.............0
RAS KERNEL FATAL program interrupt : trap instruction.........0
RAS KERNEL FATAL program interrupt : fp cr update.............0
RAS KERNEL FATAL program interrupt : trap instruction.........0
RAS KERNEL FATAL program interrupt : fp cr update.............0
RAS KERNEL FATAL program interrupt : trap instruction.........0
RAS KERNEL FATAL program interrupt : fp cr update.............0
RAS KERNEL FATAL program interrupt : trap instruction.........0
RAS KERNEL FATAL program interrupt : fp cr update.............0
RAS KERNEL FATAL program interrupt : trap instruction.........0
RAS KERNEL FATAL program interrupt : fp cr update.............0
RAS KERNEL FATAL program interrupt : trap instruction.........0
RAS KERNEL FATAL program interrupt : fp cr update.............0
RAS KERNEL FATAL program interrupt : trap instruction.........0

#summary:#
program interrupt;

#13#
RAS KERNEL FATAL critical input interrupt enable...0
RAS KERNEL FATAL data store interrupt caused by dcbf.........0
RAS KERNEL FATAL critical input interrupt enable...0
RAS KERNEL FATAL data store interrupt caused by dcbf.........0
RAS KERNEL FATAL critical input interrupt enable...0
RAS KERNEL FATAL data store interrupt caused by dcbf.........0
RAS KERNEL FATAL critical input interrupt enable...0
RAS KERNEL FATAL data store interrupt caused by dcbf.........0
RAS KERNEL FATAL critical input interrupt enable...0
RAS KERNEL FATAL data store interrupt caused by dcbf.........0
RAS KERNEL FATAL critical input interrupt enable...0
RAS KERNEL FATAL data store interrupt caused by dcbf.........0
RAS KERNEL FATAL critical input interrupt enable...0
RAS KERNEL FATAL data store interrupt caused by dcbf.........0
RAS KERNEL FATAL critical input interrupt enable...0
RAS KERNEL FATAL data store interrupt caused by dcbf.........0
RAS KERNEL FATAL data store interrupt caused by dcbf.........0
RAS KERNEL FATAL critical input interrupt enable...0
RAS KERNEL FATAL data store interrupt caused by dcbf.........0
RAS KERNEL FATAL critical input interrupt enable...0

#summary:#
critical input interrupt; data store interrupt;

#14#
RAS KERNEL FATAL problem state ( 0 = sup , 1 = usr ) .......0
RAS KERNEL FATAL data store interrupt caused by icbi.........0
RAS KERNEL FATAL problem state ( 0 = sup , 1 = usr ) .......0
RAS KERNEL FATAL data store interrupt caused by icbi.........0
RAS KERNEL FATAL problem state ( 0 = sup , 1 = usr ) .......0
RAS KERNEL FATAL data store interrupt caused by icbi.........0
RAS KERNEL FATAL problem state ( 0 = sup , 1 = usr ) .......0
RAS KERNEL FATAL data store interrupt caused by icbi.........0
RAS KERNEL FATAL problem state ( 0 = sup , 1 = usr ) .......0
RAS KERNEL FATAL data store interrupt caused by icbi.........0
RAS KERNEL FATAL data store interrupt caused by icbi.........0
RAS KERNEL FATAL problem state ( 0 = sup , 1 = usr ) .......0
RAS KERNEL FATAL data store interrupt caused by icbi.........0
RAS KERNEL FATAL problem state ( 0 = sup , 1 = usr ) .......0
RAS KERNEL FATAL problem state ( 0 = sup , 1 = usr ) .......0
RAS KERNEL FATAL data store interrupt caused by icbi.........0
RAS KERNEL FATAL problem state ( 0 = sup , 1 = usr ) .......0
RAS KERNEL FATAL data store interrupt caused by icbi.........0
RAS KERNEL FATAL problem state ( 0 = sup , 1 = usr ) .......0
RAS KERNEL FATAL data store interrupt caused by icbi.........0

#summary:#
problem state; data store interrupt;

#15#
RAS KERNEL FATAL program interrupt : unimplemented operation..0
RAS KERNEL FATAL debug interrupt enable............0
RAS KERNEL FATAL program interrupt : unimplemented operation..0
RAS KERNEL FATAL debug interrupt enable............0
RAS KERNEL FATAL program interrupt : unimplemented operation..0
RAS KERNEL FATAL debug interrupt enable............0
RAS KERNEL FATAL program interrupt : unimplemented operation..0
RAS KERNEL FATAL debug interrupt enable............0
RAS KERNEL FATAL program interrupt : unimplemented operation..0
RAS KERNEL FATAL debug interrupt enable............0
RAS KERNEL FATAL program interrupt : unimplemented operation..0
RAS KERNEL FATAL debug interrupt enable............0
RAS KERNEL FATAL debug interrupt enable............0
RAS KERNEL FATAL program interrupt : unimplemented operation..0
RAS KERNEL FATAL debug interrupt enable............0
RAS KERNEL FATAL program interrupt : unimplemented operation..0
RAS KERNEL FATAL debug interrupt enable............0
RAS KERNEL FATAL program interrupt : unimplemented operation..0
RAS KERNEL FATAL debug interrupt enable............0
RAS KERNEL FATAL program interrupt : unimplemented operation..0

#summary:#
program interrupt; debug interrupt;

#16#
RAS KERNEL FATAL rts panic! - stopping execution
RAS KERNEL FATAL floating pt ex mode 0 enable......0
RAS KERNEL FATAL rts panic! - stopping execution
RAS KERNEL FATAL rts panic! - stopping execution
RAS KERNEL FATAL floating pt ex mode 0 enable......0
RAS KERNEL FATAL rts panic! - stopping execution
RAS KERNEL FATAL floating pt ex mode 0 enable......0
RAS KERNEL FATAL rts panic! - stopping execution
RAS KERNEL FATAL floating pt ex mode 0 enable......0
RAS KERNEL FATAL floating pt ex mode 0 enable......0
RAS KERNEL FATAL rts panic! - stopping execution
RAS KERNEL FATAL floating pt ex mode 0 enable......0
RAS KERNEL FATAL rts panic! - stopping execution
RAS KERNEL FATAL rts panic! - stopping execution
RAS KERNEL FATAL floating pt ex mode 0 enable......0
RAS KERNEL FATAL rts panic! - stopping execution
RAS KERNEL FATAL floating pt ex mode 0 enable......0
RAS KERNEL FATAL rts panic! - stopping execution
RAS KERNEL FATAL floating pt ex mode 0 enable......0
RAS KERNEL FATAL rts panic! - stopping execution

#summary:#
stopping execution; 

#17#
RAS KERNEL FATAL debug interrupt enable............0
RAS KERNEL FATAL debug interrupt enable............0
RAS KERNEL FATAL debug interrupt enable............0
RAS KERNEL FATAL debug interrupt enable............0
RAS KERNEL FATAL debug interrupt enable............0
RAS KERNEL FATAL debug interrupt enable............0
RAS KERNEL FATAL debug interrupt enable............0
RAS KERNEL FATAL debug interrupt enable............0
RAS KERNEL FATAL debug interrupt enable............0
RAS KERNEL FATAL debug interrupt enable............0
RAS KERNEL FATAL debug interrupt enable............0
RAS KERNEL FATAL debug interrupt enable............0
RAS KERNEL FATAL debug interrupt enable............0
RAS KERNEL FATAL debug interrupt enable............0
RAS KERNEL FATAL debug interrupt enable............0
RAS KERNEL FATAL debug interrupt enable............0
RAS KERNEL FATAL debug interrupt enable............0
RAS KERNEL FATAL debug interrupt enable............0
RAS KERNEL FATAL debug interrupt enable............0
RAS KERNEL FATAL debug interrupt enable............0

#summary:#
debug interrupt;

#18#
RAS KERNEL FATAL instruction address space.........0
RAS KERNEL FATAL instruction address space.........0
RAS KERNEL FATAL instruction address space.........0
RAS KERNEL FATAL instruction address space.........0
RAS KERNEL FATAL instruction address space.........0
RAS KERNEL FATAL instruction address space.........0
RAS KERNEL FATAL instruction address space.........0
RAS KERNEL FATAL instruction address space.........0
RAS KERNEL FATAL instruction address space.........0
RAS KERNEL FATAL instruction address space.........0
RAS KERNEL FATAL instruction address space.........0
RAS KERNEL FATAL instruction address space.........0
RAS KERNEL FATAL instruction address space.........0
RAS KERNEL FATAL instruction address space.........0
RAS KERNEL FATAL instruction address space.........0
RAS KERNEL FATAL instruction address space.........0
RAS KERNEL FATAL instruction address space.........0
RAS KERNEL FATAL instruction address space.........0
RAS KERNEL FATAL instruction address space.........0
RAS KERNEL FATAL instruction address space.........0

#summary:#
instruction address space;

#19#
RAS KERNEL FATAL disable store gathering..................0
RAS KERNEL FATAL disable store gathering..................0
RAS KERNEL FATAL disable store gathering..................0
RAS KERNEL FATAL disable store gathering..................0
RAS KERNEL FATAL disable store gathering..................0
RAS KERNEL FATAL disable store gathering..................0
RAS KERNEL FATAL disable store gathering..................0
RAS KERNEL FATAL disable store gathering..................0
RAS KERNEL FATAL disable store gathering..................0
RAS KERNEL FATAL disable store gathering..................0
RAS KERNEL FATAL disable store gathering..................0
RAS KERNEL FATAL disable store gathering..................0
RAS KERNEL FATAL disable store gathering..................0
RAS KERNEL FATAL disable store gathering..................0
RAS KERNEL FATAL disable store gathering..................0
RAS KERNEL FATAL disable store gathering..................0
RAS KERNEL FATAL disable store gathering..................0
RAS KERNEL FATAL disable store gathering..................0
RAS KERNEL FATAL disable store gathering..................0
RAS KERNEL FATAL disable store gathering..................0

#summary:#
disable store gathering;

#20#
RAS KERNEL INFO instruction cache parity error corrected
RAS KERNEL INFO instruction cache parity error corrected
RAS KERNEL INFO instruction cache parity error corrected
RAS KERNEL INFO instruction cache parity error corrected
RAS KERNEL INFO instruction cache parity error corrected
RAS KERNEL INFO instruction cache parity error corrected
RAS KERNEL INFO instruction cache parity error corrected
RAS KERNEL INFO instruction cache parity error corrected
RAS KERNEL INFO instruction cache parity error corrected
RAS KERNEL INFO instruction cache parity error corrected
RAS KERNEL INFO instruction cache parity error corrected
RAS KERNEL INFO instruction cache parity error corrected
RAS KERNEL INFO instruction cache parity error corrected
RAS KERNEL INFO instruction cache parity error corrected
RAS KERNEL INFO instruction cache parity error corrected
RAS KERNEL INFO instruction cache parity error corrected
RAS KERNEL INFO instruction cache parity error corrected
RAS KERNEL INFO instruction cache parity error corrected
RAS KERNEL INFO instruction cache parity error corrected
RAS KERNEL INFO instruction cache parity error corrected

#summary:#
instruction cache parity error corrected;

#21#
RAS KERNEL INFO instruction cache parity error corrected
RAS KERNEL INFO instruction cache parity error corrected
RAS KERNEL INFO instruction cache parity error corrected
RAS KERNEL INFO instruction cache parity error corrected
RAS KERNEL INFO instruction cache parity error corrected
RAS KERNEL INFO instruction cache parity error corrected
RAS KERNEL INFO instruction cache parity error corrected
RAS KERNEL INFO instruction cache parity error corrected
RAS KERNEL INFO instruction cache parity error corrected
RAS KERNEL INFO instruction cache parity error corrected
RAS KERNEL INFO instruction cache parity error corrected
RAS KERNEL INFO instruction cache parity error corrected
RAS KERNEL INFO instruction cache parity error corrected
RAS KERNEL INFO instruction cache parity error corrected
RAS KERNEL INFO instruction cache parity error corrected
RAS KERNEL INFO instruction cache parity error corrected
RAS KERNEL INFO instruction cache parity error corrected
RAS KERNEL INFO instruction cache parity error corrected
RAS KERNEL INFO instruction cache parity error corrected
RAS KERNEL INFO instruction cache parity error corrected

#summary:#
instruction cache parity error corrected;

#22#
RAS KERNEL INFO 1 torus receiver z- input pipe error ( s ) ( dcr 0x02f1 ) detected and corrected
RAS KERNEL INFO CE sym 2 , at 0x02b1c1a0 , mask 0x04
RAS KERNEL INFO total of 1 ddr error ( s ) detected and corrected
RAS KERNEL INFO 1 tree receiver 2 in re-synch state event ( s ) ( dcr 0x019a ) detected
RAS KERNEL INFO CE sym 2 , at 0x02b1c1a0 , mask 0x04
RAS KERNEL INFO total of 3 ddr error ( s ) detected and corrected
RAS LINKCARD INFO MidplaneSwitchController performing bit sparing on R33-M1-L0-U22-C bit 3
RAS LINKCARD INFO MidplaneSwitchController performing bit sparing on R27-M1-L3-U18-C bit 3
RAS APP FATAL ciod : LOGIN chdir ( /p/gb2/draeger/benchmark/dat32k_061605 ) failed : No such file or directory
RAS APP FATAL ciod : LOGIN chdir ( /p/gb2/draeger/benchmark/dat32k_061605 ) failed : No such file or directory
RAS APP FATAL ciod : failed to read message prefix on control stream ( CioStream socket to 172.16.96.116 : 50197
RAS APP FATAL ciod : failed to read message prefix on control stream ( CioStream socket to 172.16.96.116 : 50205
RAS APP FATAL ciod : failed to read message prefix on control stream ( CioStream socket to 172.16.96.116 : 50160
RAS APP FATAL ciod : failed to read message prefix on control stream ( CioStream socket to 172.16.96.116 : 50163
RAS APP FATAL ciod : failed to read message prefix on control stream ( CioStream socket to 172.16.96.116 : 50046
RAS APP FATAL ciod : failed to read message prefix on control stream ( CioStream socket to 172.16.96.116 : 50047
RAS APP FATAL ciod : failed to read message prefix on control stream ( CioStream socket to 172.16.96.116 : 50344
RAS APP FATAL ciod : failed to read message prefix on control stream ( CioStream socket to 172.16.96.116 : 50345
RAS APP FATAL ciod : failed to read message prefix on control stream ( CioStream socket to 172.16.96.116 : 50294
RAS APP FATAL ciod : failed to read message prefix on control stream ( CioStream socket to 172.16.96.116 : 50295

#summary:#
input pipe error detected; input pipe error corrected; failed to read message prefix; MidplaneSwitchController performing bit sparing;

#23#
RAS KERNEL INFO instruction cache parity error corrected
RAS KERNEL INFO instruction cache parity error corrected
RAS KERNEL INFO instruction cache parity error corrected
RAS KERNEL INFO instruction cache parity error corrected
RAS KERNEL INFO instruction cache parity error corrected
RAS KERNEL INFO instruction cache parity error corrected
RAS KERNEL INFO instruction cache parity error corrected
RAS KERNEL INFO instruction cache parity error corrected
RAS KERNEL INFO instruction cache parity error corrected
RAS KERNEL INFO instruction cache parity error corrected
RAS KERNEL INFO instruction cache parity error corrected
RAS KERNEL INFO instruction cache parity error corrected
RAS KERNEL INFO instruction cache parity error corrected
RAS KERNEL INFO instruction cache parity error corrected
RAS KERNEL INFO instruction cache parity error corrected
RAS KERNEL INFO instruction cache parity error corrected
RAS KERNEL INFO instruction cache parity error corrected
RAS KERNEL INFO instruction cache parity error corrected
RAS KERNEL INFO instruction cache parity error corrected
RAS KERNEL INFO instruction cache parity error corrected

#summary:#
instruction cache parity error corrected;

#24#
RAS KERNEL INFO 1969920 double-hummer alignment exceptions
RAS KERNEL INFO 1969920 double-hummer alignment exceptions
RAS KERNEL INFO 2016000 double-hummer alignment exceptions
RAS KERNEL INFO 1969920 double-hummer alignment exceptions
RAS KERNEL INFO 1969920 double-hummer alignment exceptions
RAS KERNEL INFO 1969920 double-hummer alignment exceptions
RAS KERNEL INFO 1969920 double-hummer alignment exceptions
RAS KERNEL INFO 1969920 double-hummer alignment exceptions
RAS KERNEL INFO 1969920 double-hummer alignment exceptions
RAS KERNEL INFO 1969920 double-hummer alignment exceptions
RAS KERNEL INFO 2016000 double-hummer alignment exceptions
RAS KERNEL INFO 1969920 double-hummer alignment exceptions
RAS KERNEL INFO 1969920 double-hummer alignment exceptions
RAS KERNEL INFO 1969920 double-hummer alignment exceptions
RAS KERNEL INFO 1969920 double-hummer alignment exceptions
RAS KERNEL INFO 1969920 double-hummer alignment exceptions
RAS KERNEL INFO 1969920 double-hummer alignment exceptions
RAS KERNEL INFO 1969920 double-hummer alignment exceptions
RAS KERNEL INFO 1969920 double-hummer alignment exceptions
RAS KERNEL INFO 1969920 double-hummer alignment exceptions

#summary:#
double-hummer alignment exceptions;

#25#
RAS KERNEL INFO CE sym 0 , at 0x0b8580a0 , mask 0x30
RAS KERNEL INFO total of 2 ddr error ( s ) detected and corrected
RAS KERNEL INFO total of 1 ddr error ( s ) detected and corrected
RAS KERNEL INFO total of 1 ddr error ( s ) detected and corrected
RAS KERNEL INFO 1 ddr errors ( s ) detected and corrected on rank 0 , symbol 0 , bit 1
RAS KERNEL INFO 1 torus receiver x+ input pipe error ( s ) ( dcr 0x02ec ) detected and corrected
RAS KERNEL INFO 2 tree receiver 2 in re-synch state event ( s ) ( dcr 0x019a ) detected
RAS KERNEL INFO 2960 L3 EDRAM error ( s ) ( dcr 0x0157 ) detected and corrected
RAS KERNEL INFO 2960 L3 EDRAM error ( s ) ( dcr 0x0157 ) detected and corrected
RAS KERNEL INFO CE sym 0 , at 0x1b858080 , mask 0x40
RAS KERNEL INFO 1 ddr errors ( s ) detected and corrected on rank 0 , symbol 14 , bit 7
RAS KERNEL INFO 2 tree receiver 2 in re-synch state event ( s ) ( dcr 0x019a ) detected
RAS KERNEL INFO 78114075 L3 EDRAM error ( s ) ( dcr 0x0157 ) detected and corrected
RAS KERNEL INFO 78114075 L3 EDRAM error ( s ) ( dcr 0x0157 ) detected and corrected
RAS KERNEL INFO total of 1 ddr error ( s ) detected and corrected
RAS KERNEL INFO CE sym 14 , at 0x145e5be0 , mask 0x01
RAS KERNEL INFO total of 1 ddr error ( s ) detected and corrected
RAS KERNEL INFO 1 ddr errors ( s ) detected and corrected on rank 0 , symbol 0 , bit 1
RAS KERNEL INFO CE sym 0 , at 0x1b858080 , mask 0x40
RAS KERNEL INFO 1054 L3 EDRAM error ( s ) ( dcr 0x0157 ) detected and corrected

#summary:#
error detected; error corrected;

#26#
RAS KERNEL INFO exception syndrome register : 0x08000000
RAS KERNEL INFO exception syndrome register : 0x08000000
RAS KERNEL INFO exception syndrome register : 0x08000000
RAS KERNEL INFO exception syndrome register : 0x08000000
RAS KERNEL INFO exception syndrome register : 0x08000000
RAS KERNEL INFO exception syndrome register : 0x08000000
RAS KERNEL INFO exception syndrome register : 0x08000000
RAS KERNEL INFO exception syndrome register : 0x08000000
RAS KERNEL INFO exception syndrome register : 0x08000000
RAS KERNEL INFO exception syndrome register : 0x08000000
RAS KERNEL INFO exception syndrome register : 0x08000000
RAS KERNEL INFO exception syndrome register : 0x08000000
RAS KERNEL INFO exception syndrome register : 0x08000000
RAS KERNEL INFO exception syndrome register : 0x08000000
RAS KERNEL INFO exception syndrome register : 0x08000000
RAS KERNEL INFO exception syndrome register : 0x08000000
RAS KERNEL INFO exception syndrome register : 0x08000000
RAS KERNEL INFO exception syndrome register : 0x08000000
RAS KERNEL INFO exception syndrome register : 0x08000000
RAS KERNEL INFO exception syndrome register : 0x08000000

#summary:#
exception syndrome register;

#27#
RAS KERNEL INFO floating point operation....................0
RAS KERNEL INFO floating point operation....................0
RAS KERNEL INFO floating point operation....................0
RAS KERNEL INFO floating point operation....................0
RAS KERNEL INFO floating point operation....................0
RAS KERNEL INFO floating point operation....................0
RAS KERNEL INFO floating point operation....................0
RAS KERNEL INFO floating point operation....................0
RAS KERNEL INFO floating point operation....................0
RAS KERNEL INFO floating point operation....................0
RAS KERNEL INFO floating point operation....................0
RAS KERNEL INFO floating point operation....................0
RAS KERNEL INFO floating point operation....................0
RAS KERNEL INFO floating point operation....................0
RAS KERNEL INFO floating point operation....................0
RAS KERNEL INFO floating point operation....................0
RAS KERNEL INFO floating point operation....................0
RAS KERNEL INFO floating point operation....................0
RAS KERNEL INFO floating point operation....................0
RAS KERNEL INFO floating point operation....................0

#summary:#
floating point operation;

#28#
RAS KERNEL INFO program interrupt : unimplemented operation..0
RAS KERNEL INFO program interrupt : unimplemented operation..0
RAS KERNEL INFO program interrupt : unimplemented operation..0
RAS KERNEL INFO program interrupt : unimplemented operation..0
RAS KERNEL INFO program interrupt : unimplemented operation..0
RAS KERNEL INFO program interrupt : unimplemented operation..0
RAS KERNEL INFO program interrupt : unimplemented operation..0
RAS KERNEL INFO program interrupt : unimplemented operation..0
RAS KERNEL INFO program interrupt : unimplemented operation..0
RAS KERNEL INFO program interrupt : unimplemented operation..0
RAS KERNEL INFO program interrupt : unimplemented operation..0
RAS KERNEL INFO program interrupt : unimplemented operation..0
RAS KERNEL INFO program interrupt : unimplemented operation..0
RAS KERNEL INFO program interrupt : unimplemented operation..0
RAS KERNEL INFO program interrupt : unimplemented operation..0
RAS KERNEL INFO program interrupt : unimplemented operation..0
RAS KERNEL INFO program interrupt : unimplemented operation..0
RAS KERNEL INFO program interrupt : unimplemented operation..0
RAS KERNEL INFO program interrupt : unimplemented operation..0
RAS KERNEL INFO program interrupt : unimplemented operation..0

#summary:#
program interrupt; unimplemented operationï¼›

#29#
NULL DISCOVERY ERROR Node card status : no ALERTs are active. Clock Mode is Low. Clock Select is Midplane. Phy JTAG Reset is asserted. ASIC JTAG Reset is asserted. Temperature Mask is not active. No temperature error. Temperature Limit Error Latch is clear. PGOOD IS NOT ASSERTED. PGOOD ERROR LATCH IS ACTIVE. MPGOOD IS NOT OK. MPGOOD ERROR LATCH IS ACTIVE. The 2.5 volt rail is OK. The 1.5 volt rail is OK.
NULL DISCOVERY WARNING Node card is not fully functional
NULL DISCOVERY SEVERE Can not get assembly information for node card
NULL DISCOVERY ERROR Node card status : no ALERTs are active. Clock Mode is Low. Clock Select is Midplane. Phy JTAG Reset is asserted. ASIC JTAG Reset is asserted. Temperature Mask is not active. No temperature error. Temperature Limit Error Latch is clear. PGOOD IS NOT ASSERTED. PGOOD ERROR LATCH IS ACTIVE. MPGOOD IS NOT OK. MPGOOD ERROR LATCH IS ACTIVE. The 2.5 volt rail is OK. The 1.5 volt rail is OK.
NULL DISCOVERY WARNING Node card is not fully functional
NULL DISCOVERY SEVERE Can not get assembly information for node card
NULL DISCOVERY ERROR Node card status : no ALERTs are active. Clock Mode is Low. Clock Select is Midplane. Phy JTAG Reset is asserted. ASIC JTAG Reset is asserted. Temperature Mask is not active. No temperature error. Temperature Limit Error Latch is clear. PGOOD IS NOT ASSERTED. PGOOD ERROR LATCH IS ACTIVE. MPGOOD IS NOT OK. MPGOOD ERROR LATCH IS ACTIVE. The 2.5 volt rail is OK. The 1.5 volt rail is OK.
NULL DISCOVERY WARNING Node card is not fully functional
NULL DISCOVERY SEVERE Can not get assembly information for node card
NULL DISCOVERY ERROR Node card status : no ALERTs are active. Clock Mode is Low. Clock Select is Midplane. Phy JTAG Reset is asserted. ASIC JTAG Reset is asserted. Temperature Mask is not active. No temperature error. Temperature Limit Error Latch is clear. PGOOD IS NOT ASSERTED. PGOOD ERROR LATCH IS ACTIVE. MPGOOD IS NOT OK. MPGOOD ERROR LATCH IS ACTIVE. The 2.5 volt rail is OK. The 1.5 volt rail is OK.
NULL DISCOVERY WARNING Node card is not fully functional
NULL DISCOVERY SEVERE Can not get assembly information for node card
NULL DISCOVERY ERROR Node card status : no ALERTs are active. Clock Mode is Low. Clock Select is Midplane. Phy JTAG Reset is asserted. ASIC JTAG Reset is asserted. Temperature Mask is not active. No temperature error. Temperature Limit Error Latch is clear. PGOOD IS NOT ASSERTED. PGOOD ERROR LATCH IS ACTIVE. MPGOOD IS NOT OK. MPGOOD ERROR LATCH IS ACTIVE. The 2.5 volt rail is OK. The 1.5 volt rail is OK.
NULL DISCOVERY WARNING Node card is not fully functional
NULL DISCOVERY SEVERE Can not get assembly information for node card
NULL DISCOVERY ERROR Node card status : no ALERTs are active. Clock Mode is Low. Clock Select is Midplane. Phy JTAG Reset is asserted. ASIC JTAG Reset is asserted. Temperature Mask is not active. No temperature error. Temperature Limit Error Latch is clear. PGOOD IS NOT ASSERTED. PGOOD ERROR LATCH IS ACTIVE. MPGOOD IS NOT OK. MPGOOD ERROR LATCH IS ACTIVE. The 2.5 volt rail is OK. The 1.5 volt rail is OK.
NULL DISCOVERY WARNING Node card is not fully functional
NULL DISCOVERY WARNING Node card is not fully functional
NULL DISCOVERY SEVERE Can not get assembly information for node card
NULL DISCOVERY SEVERE Can not get assembly information for node card

#summary:#
Node card status; Clock Mode is Low; Phy JTAG Reset is asserted; PGOOD IS NOT ASSERTED; MPGOOD IS NOT OK; MPGOOD ERROR LATCH IS ACTIVE;  Node card is not fully functional; Can not get assembly information;

#30#
NULL DISCOVERY WARNING Node card VPD check : U11 node in processor card slot J15 do not match. VPD ecid 04D38092472FFFFF07041B308ED7 , found 074F04E7E17BFFFF060B1C3046ED
NULL HARDWARE SEVERE LinkCard power module U58 is not accessible
NULL HARDWARE SEVERE LinkCard is not fully functional
NULL HARDWARE SEVERE LinkCard power module U58 is not accessible
NULL HARDWARE SEVERE LinkCard is not fully functional
NULL HARDWARE SEVERE LinkCard power module U58 is not accessible
NULL HARDWARE SEVERE LinkCard is not fully functional
NULL HARDWARE SEVERE LinkCard power module U58 is not accessible
NULL HARDWARE SEVERE LinkCard is not fully functional
NULL HARDWARE SEVERE LinkCard power module U58 is not accessible
NULL HARDWARE SEVERE LinkCard is not fully functional
NULL HARDWARE SEVERE LinkCard power module U58 is not accessible
NULL HARDWARE SEVERE LinkCard is not fully functional
NULL HARDWARE SEVERE NodeCard power module U70 is not accessible
NULL HARDWARE SEVERE LinkCard power module U58 is not accessible
NULL HARDWARE SEVERE LinkCard is not fully functional
NULL HARDWARE SEVERE LinkCard power module U58 is not accessible
NULL HARDWARE SEVERE LinkCard is not fully functional
NULL HARDWARE SEVERE LinkCard power module U58 is not accessible
NULL HARDWARE SEVERE LinkCard is not fully functional

#summary:#
card slot do not match; LinkCard is not accessible;  LinkCard is not fully functional;

#31#
RAS KERNEL INFO 1146800 double-hummer alignment exceptions
RAS KERNEL INFO 1146800 double-hummer alignment exceptions
RAS KERNEL INFO 1146800 double-hummer alignment exceptions
RAS KERNEL INFO 1146800 double-hummer alignment exceptions
RAS KERNEL INFO 1146800 double-hummer alignment exceptions
RAS KERNEL INFO 1146800 double-hummer alignment exceptions
RAS KERNEL INFO 1146800 double-hummer alignment exceptions
RAS KERNEL INFO 1146800 double-hummer alignment exceptions
RAS KERNEL INFO 1146800 double-hummer alignment exceptions
RAS KERNEL INFO 1146800 double-hummer alignment exceptions
RAS KERNEL INFO 1146800 double-hummer alignment exceptions
RAS KERNEL INFO 1146800 double-hummer alignment exceptions
RAS KERNEL INFO 1146800 double-hummer alignment exceptions
RAS KERNEL INFO 1311300 double-hummer alignment exceptions
RAS KERNEL INFO 1311300 double-hummer alignment exceptions
RAS KERNEL INFO 1311300 double-hummer alignment exceptions
RAS KERNEL INFO 1311300 double-hummer alignment exceptions
RAS KERNEL INFO 1311300 double-hummer alignment exceptions
RAS KERNEL INFO 1311300 double-hummer alignment exceptions
RAS KERNEL INFO 1146800 double-hummer alignment exceptions

#summary:#
double-hummer alignment exceptions;

#32#
RAS KERNEL INFO 1146800 double-hummer alignment exceptions
RAS KERNEL INFO 1146800 double-hummer alignment exceptions
RAS KERNEL INFO 1146800 double-hummer alignment exceptions
RAS KERNEL INFO 1146800 double-hummer alignment exceptions
RAS KERNEL INFO 1146800 double-hummer alignment exceptions
RAS KERNEL INFO 1146800 double-hummer alignment exceptions
RAS KERNEL INFO 1146800 double-hummer alignment exceptions
RAS KERNEL INFO 1146800 double-hummer alignment exceptions
RAS KERNEL INFO 1146800 double-hummer alignment exceptions
RAS KERNEL INFO 1146800 double-hummer alignment exceptions
RAS KERNEL INFO 1146800 double-hummer alignment exceptions
RAS KERNEL INFO 1146800 double-hummer alignment exceptions
RAS KERNEL INFO 1146800 double-hummer alignment exceptions
RAS KERNEL INFO 1146800 double-hummer alignment exceptions
RAS KERNEL INFO 1146800 double-hummer alignment exceptions
RAS KERNEL INFO 1146800 double-hummer alignment exceptions
RAS KERNEL INFO 1146800 double-hummer alignment exceptions
RAS KERNEL INFO 1146800 double-hummer alignment exceptions
RAS KERNEL INFO 1146800 double-hummer alignment exceptions
RAS KERNEL INFO 1146800 double-hummer alignment exceptions

#summary:#
double-hummer alignment exceptions;

#33#
RAS KERNEL INFO 1146800 double-hummer alignment exceptions
RAS KERNEL INFO 1146800 double-hummer alignment exceptions
RAS KERNEL INFO 1146800 double-hummer alignment exceptions
RAS KERNEL INFO 1146800 double-hummer alignment exceptions
RAS KERNEL INFO 1146800 double-hummer alignment exceptions
RAS KERNEL INFO 1146800 double-hummer alignment exceptions
RAS KERNEL INFO 1146800 double-hummer alignment exceptions
RAS KERNEL INFO 1146800 double-hummer alignment exceptions
RAS KERNEL INFO 1146800 double-hummer alignment exceptions
RAS KERNEL INFO 1146800 double-hummer alignment exceptions
RAS KERNEL INFO 1146800 double-hummer alignment exceptions
RAS KERNEL INFO 1146800 double-hummer alignment exceptions
RAS KERNEL INFO 1146800 double-hummer alignment exceptions
RAS KERNEL INFO 1146800 double-hummer alignment exceptions
RAS KERNEL INFO 1146800 double-hummer alignment exceptions
RAS KERNEL INFO 1146800 double-hummer alignment exceptions
RAS KERNEL INFO 1146800 double-hummer alignment exceptions
RAS KERNEL INFO 1146800 double-hummer alignment exceptions
RAS KERNEL INFO 1146800 double-hummer alignment exceptions
RAS KERNEL INFO 1146800 double-hummer alignment exceptions

#summary:#
double-hummer alignment exceptions;

#34#
RAS KERNEL INFO 1146800 double-hummer alignment exceptions
RAS KERNEL INFO 1311300 double-hummer alignment exceptions
RAS KERNEL INFO 1311300 double-hummer alignment exceptions
RAS KERNEL INFO 1311300 double-hummer alignment exceptions
RAS KERNEL INFO 1311300 double-hummer alignment exceptions
RAS KERNEL INFO 1311300 double-hummer alignment exceptions
RAS KERNEL INFO 1311300 double-hummer alignment exceptions
RAS KERNEL INFO 1146800 double-hummer alignment exceptions
RAS KERNEL INFO 1311300 double-hummer alignment exceptions
RAS KERNEL INFO 1146800 double-hummer alignment exceptions
RAS KERNEL INFO 1311300 double-hummer alignment exceptions
RAS KERNEL INFO 1311300 double-hummer alignment exceptions
RAS KERNEL INFO 1311300 double-hummer alignment exceptions
RAS KERNEL INFO 1146800 double-hummer alignment exceptions
RAS KERNEL INFO 1311300 double-hummer alignment exceptions
RAS KERNEL INFO 1146800 double-hummer alignment exceptions
RAS KERNEL INFO 1311300 double-hummer alignment exceptions
RAS KERNEL INFO 1146800 double-hummer alignment exceptions
RAS KERNEL INFO 1146800 double-hummer alignment exceptions
RAS KERNEL INFO 1146800 double-hummer alignment exceptions

#summary:#
double-hummer alignment exceptions;

#35#
RAS APP FATAL ciod : Error creating node map from file /home/auselton/bgl/64mps.sequential.mapfile : Resource temporarily unavailable
RAS APP FATAL ciod : Error creating node map from file /home/auselton/bgl/64mps.sequential.mapfile : Resource temporarily unavailable
RAS APP FATAL ciod : Error creating node map from file /home/auselton/bgl/64mps.sequential.mapfile : Resource temporarily unavailable
RAS APP FATAL ciod : Error creating node map from file /home/auselton/bgl/64mps.sequential.mapfile : Resource temporarily unavailable
RAS APP FATAL ciod : Error creating node map from file /home/auselton/bgl/64mps.sequential.mapfile : Resource temporarily unavailable
RAS APP FATAL ciod : Error creating node map from file /home/auselton/bgl/64mps.sequential.mapfile : Resource temporarily unavailable
RAS APP FATAL ciod : Error creating node map from file /home/auselton/bgl/64mps.sequential.mapfile : Resource temporarily unavailable
RAS APP FATAL ciod : Error creating node map from file /home/auselton/bgl/64mps.sequential.mapfile : Resource temporarily unavailable
RAS APP FATAL ciod : Error creating node map from file /home/auselton/bgl/64mps.sequential.mapfile : Resource temporarily unavailable
RAS APP FATAL ciod : Error creating node map from file /home/auselton/bgl/64mps.sequential.mapfile : Resource temporarily unavailable
RAS APP FATAL ciod : Error creating node map from file /home/auselton/bgl/64mps.sequential.mapfile : Resource temporarily unavailable
RAS APP FATAL ciod : Error creating node map from file /home/auselton/bgl/64mps.sequential.mapfile : Resource temporarily unavailable
RAS APP FATAL ciod : Error creating node map from file /home/auselton/bgl/64mps.sequential.mapfile : Resource temporarily unavailable
RAS APP FATAL ciod : Error creating node map from file /home/auselton/bgl/64mps.sequential.mapfile : Resource temporarily unavailable
RAS APP FATAL ciod : Error creating node map from file /home/auselton/bgl/64mps.sequential.mapfile : Resource temporarily unavailable
RAS APP FATAL ciod : Error creating node map from file /home/auselton/bgl/64mps.sequential.mapfile : Resource temporarily unavailable
RAS APP FATAL ciod : Error creating node map from file /home/auselton/bgl/64mps.sequential.mapfile : Resource temporarily unavailable
RAS APP FATAL ciod : Error creating node map from file /home/auselton/bgl/64mps.sequential.mapfile : Resource temporarily unavailable
RAS APP FATAL ciod : Error creating node map from file /home/auselton/bgl/64mps.sequential.mapfile : Resource temporarily unavailable
RAS APP FATAL ciod : Error creating node map from file /home/auselton/bgl/64mps.sequential.mapfile : Resource temporarily unavailable

#summary:#
Error creating node map from file;

#36#
NULL DISCOVERY INFO Node card VPD check : U11 node in processor card slot J08 do not match. VPD ecid 074104C0C97BFFFF070D1B908CDE , found 0000000000000000000000000000
NULL DISCOVERY ERROR Found invalid node ecid in processor card slot J09 , ecid 0000000000000000000000000000
NULL DISCOVERY ERROR Found invalid node ecid in processor card slot J09 , ecid 0000000000000000000000000000
NULL DISCOVERY INFO Node card VPD check : U01 node in processor card slot J09 do not match. VPD ecid 074104C0C97BFFFF0B0F1B30CED6 , found 0000000000000000000000000000
NULL DISCOVERY INFO Node card VPD check : U11 node in processor card slot J09 do not match. VPD ecid 074804C1137BFFFF05091B808ADD , found 0000000000000000000000000000
NULL DISCOVERY ERROR Found invalid node ecid in processor card slot J10 , ecid 0000000000000000000000000000
NULL DISCOVERY ERROR Found invalid node ecid in processor card slot J10 , ecid 0000000000000000000000000000
NULL DISCOVERY INFO Node card VPD check : U01 node in processor card slot J10 do not match. VPD ecid 075C04C0D27BFFFF0A081B4086D5 , found 0000000000000000000000000000
NULL DISCOVERY INFO Node card VPD check : U11 node in processor card slot J10 do not match. VPD ecid 074F04C0DF7BFFFF050D1BC090E0 , found 0000000000000000000000000000
NULL DISCOVERY ERROR Found invalid node ecid in processor card slot J11 , ecid 0000000000000000000000000000
NULL DISCOVERY ERROR Found invalid node ecid in processor card slot J11 , ecid 0000000000000000000000000000
NULL DISCOVERY INFO Node card VPD check : U01 node in processor card slot J11 do not match. VPD ecid 074104C0C97BFFFF0B0D1B508CD9 , found 0000000000000000000000000000
NULL DISCOVERY INFO Node card VPD check : U11 node in processor card slot J11 do not match. VPD ecid 074104C0C97BFFFF0A071AE0C6CF , found 0000000000000000000000000000
NULL DISCOVERY ERROR Found invalid node ecid in processor card slot J12 , ecid 0000000000000000000000000000
NULL DISCOVERY ERROR Found invalid node ecid in processor card slot J12 , ecid 0000000000000000000000000000
NULL DISCOVERY INFO Node card VPD check : U01 node in processor card slot J12 do not match. VPD ecid 074104C0C97BFFFF0A0F1B808EDB , found 0000000000000000000000000000
NULL DISCOVERY INFO Node card VPD check : U11 node in processor card slot J12 do not match. VPD ecid 074804C1137BFFFF050A1B9086DC , found 0000000000000000000000000000
NULL DISCOVERY ERROR Found invalid node ecid in processor card slot J13 , ecid 0000000000000000000000000000
NULL DISCOVERY ERROR Found invalid node ecid in processor card slot J13 , ecid 0000000000000000000000000000
NULL DISCOVERY INFO Node card VPD check : U01 node in processor card slot J13 do not match. VPD ecid 075C04C0D27BFFFF08091B208ED4 , found 0000000000000000000000000000

#summary:#
card slot do not match; Found invalid node; 

#37#
NULL DISCOVERY ERROR Found invalid node ecid in processor card slot J10 , ecid 0000000000000000000000000000
NULL DISCOVERY ERROR Found invalid node ecid in processor card slot J08 , ecid 0000000000000000000000000000
NULL DISCOVERY ERROR Found invalid node ecid in processor card slot J10 , ecid 0000000000000000000000000000
NULL DISCOVERY INFO Node card VPD check : U11 node in processor card slot J11 do not match. VPD ecid 07460D44612FFFFF0D071AC08ECF , found 0000000000000000000000000000
NULL DISCOVERY INFO Node card VPD check : U01 node in processor card slot J10 do not match. VPD ecid 04E28092DC2FFFFF0B0C1BA086E2 , found 0000000000000000000000000000
NULL DISCOVERY ERROR Found invalid node ecid in processor card slot J06 , ecid 0000000000000000000000000000
NULL DISCOVERY ERROR Found invalid node ecid in processor card slot J11 , ecid 0000000000000000000000000000
NULL DISCOVERY INFO Node card VPD check : U11 node in processor card slot J10 do not match. VPD ecid 04E28092DC2FFFFF07081B40A2DC , found 0000000000000000000000000000
NULL DISCOVERY ERROR Found invalid node ecid in processor card slot J16 , ecid 0000000000000000000000000000
NULL DISCOVERY ERROR Found invalid node ecid in processor card slot J11 , ecid 0000000000000000000000000000
NULL DISCOVERY ERROR Found invalid node ecid in processor card slot J11 , ecid 0000000000000000000000000000
NULL DISCOVERY INFO Node card VPD check : U11 node in processor card slot J17 do not match. VPD ecid 074C04E0E07BFFFF03061AC0CCCD , found 0000000000000000000000000000
NULL DISCOVERY ERROR Found invalid node ecid in processor card slot J16 , ecid 0000000000000000000000000000
NULL DISCOVERY ERROR Found invalid node ecid in processor card slot J16 , ecid 0000000000000000000000000000
NULL DISCOVERY INFO Node card VPD check : U01 node in processor card slot J11 do not match. VPD ecid 04DA8092C02FFFFF050D1B8094E1 , found 0000000000000000000000000000
NULL DISCOVERY INFO Node card VPD check : U01 node in processor card slot J04 do not match. VPD ecid 074A0D51102FFFFF0A0E1A80C6CA , found 0000000000000000000000000000
NULL DISCOVERY INFO Node card VPD check : U11 node in processor card slot J04 do not match. VPD ecid 07500D44052FFFFF080A1A20CCC3 , found 0000000000000000000000000000
NULL DISCOVERY INFO Node card VPD check : U11 node in processor card slot J11 do not match. VPD ecid 04CE80929E2FFFFF020C1B1094D7 , found 0000000000000000000000000000
NULL DISCOVERY INFO Node card VPD check : U01 node in processor card slot J02 do not match. VPD ecid 074004E0C87BFFFF09071A2108C0 , found 0000000000000000000000000000
NULL DISCOVERY ERROR Found invalid node ecid in processor card slot J11 , ecid 0000000000000000000000000000

#summary:#
card slot do not match; Found invalid node; 

#38#
NULL DISCOVERY INFO Node card VPD check : missing U11 node , VPD ecid 07511056612FFFFF0A011BC0D8E2 in processor card slot J19
NULL DISCOVERY INFO Node card VPD check : missing U01 node , VPD ecid 04C78466A02FFFFF050D1C104EE7 in processor card slot J18
NULL DISCOVERY INFO Node card VPD check : missing U11 node , VPD ecid 04C68465902FFFFF0B0D1BC054E1 in processor card slot J18
NULL DISCOVERY INFO Node card VPD check : missing U01 node , VPD ecid 04CB84664A2FFFFF03091BF08CE7 in processor card slot J19
NULL DISCOVERY INFO Node card VPD check : missing U11 node , VPD ecid 04CF8465D92FFFFF0D0C1B908EE2 in processor card slot J19
NULL DISCOVERY INFO Node card VPD check : missing U01 node , VPD ecid 04E18444CB2FFFFF0C0B1B808CE0 in processor card slot J18
NULL DISCOVERY INFO Node card VPD check : missing U11 node , VPD ecid 07511052052FFFFF07071B8086E0 in processor card slot J18
NULL DISCOVERY INFO Node card VPD check : missing U01 node , VPD ecid 07511093502FFFFF03071BA058E3 in processor card slot J19
NULL DISCOVERY INFO Node card VPD check : missing U11 node , VPD ecid 074B1093052FFFFF07101C2058EC in processor card slot J19
NULL DISCOVERY INFO Node card VPD check : missing U01 node , VPD ecid 04E38455992FFFFF0C071B9048E4 in processor card slot J19
NULL DISCOVERY INFO Node card VPD check : missing U11 node , VPD ecid 04E38455992FFFFF020C1C204EF0 in processor card slot J19
NULL DISCOVERY INFO New ido chip inserted into the database : FF : F2 : 9F : 16 : EB : 40 : 00 : 0D : 60 : E9 : 14 : BF ip = 10.0.0.138 v = 13 t = 4
NULL DISCOVERY INFO New ido chip inserted into the database : FF : F2 : 9F : 15 : 7E : 3C : 00 : 0D : 60 : EA : 81 : C3 ip = 10.0.0.156 v = 13 t = 1
NULL DISCOVERY INFO New ido chip inserted into the database : FF : F2 : 9F : 16 : EB : 54 : 00 : 0D : 60 : E9 : 14 : AB ip = 10.0.0.143 v = 13 t = 4
NULL DISCOVERY INFO New ido chip inserted into the database : FF : F2 : 9F : 16 : E9 : AC : 00 : 0D : 60 : E9 : 16 : 53 ip = 10.0.0.139 v = 13 t = 4
NULL DISCOVERY INFO New ido chip inserted into the database : FF : F2 : 9F : 15 : 7E : 28 : 00 : 0D : 60 : EA : 81 : D7 ip = 10.0.0.144 v = 13 t = 1
NULL DISCOVERY INFO New ido chip inserted into the database : FF : F2 : 9F : 15 : 1F : 50 : 00 : 0D : 60 : EA : E0 : AF ip = 10.0.0.140 v = 9 t = 2
NULL DISCOVERY INFO New ido chip inserted into the database : FF : F2 : 9F : 16 : E9 : D4 : 00 : 0D : 60 : E9 : 16 : 2B ip = 10.0.0.141 v = 13 t = 4
NULL DISCOVERY INFO New ido chip inserted into the database : FF : F2 : 9F : 16 : E8 : 42 : 00 : 0D : 60 : E9 : 17 : BD ip = 10.0.0.142 v = 13 t = 4
NULL DISCOVERY INFO New ido chip inserted into the database : FF : F2 : 9F : 16 : E8 : 4C : 00 : 0D : 60 : E9 : 17 : B3 ip = 10.0.0.146 v = 13 t = 4

#summary:#
missing node; New ido chip inserted into the database;

#39#
RAS MMCS ERROR idoproxydb hit ASSERT condition : ASSERT expression = 0 Source file = idotransportmgr.cpp Source line = 1043 Function = int IdoTransportMgr : : SendPacket ( IdoUdpMgr* , BglCtlPavTrace* )
RAS MMCS ERROR idoproxydb hit ASSERT condition : ASSERT expression = 0 Source file = idotransportmgr.cpp Source line = 1043 Function = int IdoTransportMgr : : SendPacket ( IdoUdpMgr* , BglCtlPavTrace* )
RAS MMCS ERROR idoproxydb hit ASSERT condition : ASSERT expression = 0 Source file = idotransportmgr.cpp Source line = 1043 Function = int IdoTransportMgr : : SendPacket ( IdoUdpMgr* , BglCtlPavTrace* )
RAS MMCS ERROR idoproxydb hit ASSERT condition : ASSERT expression = 0 Source file = idotransportmgr.cpp Source line = 1043 Function = int IdoTransportMgr : : SendPacket ( IdoUdpMgr* , BglCtlPavTrace* )
RAS MMCS ERROR idoproxydb hit ASSERT condition : ASSERT expression = 0 Source file = idotransportmgr.cpp Source line = 1043 Function = int IdoTransportMgr : : SendPacket ( IdoUdpMgr* , BglCtlPavTrace* )
RAS MMCS ERROR idoproxydb hit ASSERT condition : ASSERT expression = 0 Source file = idotransportmgr.cpp Source line = 1043 Function = int IdoTransportMgr : : SendPacket ( IdoUdpMgr* , BglCtlPavTrace* )
RAS MMCS ERROR idoproxydb hit ASSERT condition : ASSERT expression = 0 Source file = idotransportmgr.cpp Source line = 1043 Function = int IdoTransportMgr : : SendPacket ( IdoUdpMgr* , BglCtlPavTrace* )
RAS MMCS ERROR idoproxydb hit ASSERT condition : ASSERT expression = 0 Source file = idotransportmgr.cpp Source line = 1043 Function = int IdoTransportMgr : : SendPacket ( IdoUdpMgr* , BglCtlPavTrace* )
RAS MMCS ERROR idoproxydb hit ASSERT condition : ASSERT expression = 0 Source file = idotransportmgr.cpp Source line = 1043 Function = int IdoTransportMgr : : SendPacket ( IdoUdpMgr* , BglCtlPavTrace* )
RAS MMCS ERROR idoproxydb hit ASSERT condition : ASSERT expression = 0 Source file = idotransportmgr.cpp Source line = 1043 Function = int IdoTransportMgr : : SendPacket ( IdoUdpMgr* , BglCtlPavTrace* )
RAS MMCS ERROR idoproxydb hit ASSERT condition : ASSERT expression = 0 Source file = idotransportmgr.cpp Source line = 1043 Function = int IdoTransportMgr : : SendPacket ( IdoUdpMgr* , BglCtlPavTrace* )
RAS MMCS ERROR idoproxydb hit ASSERT condition : ASSERT expression = 0 Source file = idotransportmgr.cpp Source line = 1043 Function = int IdoTransportMgr : : SendPacket ( IdoUdpMgr* , BglCtlPavTrace* )
RAS MMCS ERROR idoproxydb hit ASSERT condition : ASSERT expression = 0 Source file = idotransportmgr.cpp Source line = 1043 Function = int IdoTransportMgr : : SendPacket ( IdoUdpMgr* , BglCtlPavTrace* )
RAS MMCS ERROR idoproxydb hit ASSERT condition : ASSERT expression = 0 Source file = idotransportmgr.cpp Source line = 1043 Function = int IdoTransportMgr : : SendPacket ( IdoUdpMgr* , BglCtlPavTrace* )
RAS MMCS ERROR idoproxydb hit ASSERT condition : ASSERT expression = 0 Source file = idotransportmgr.cpp Source line = 1043 Function = int IdoTransportMgr : : SendPacket ( IdoUdpMgr* , BglCtlPavTrace* )
RAS MMCS ERROR idoproxydb hit ASSERT condition : ASSERT expression = 0 Source file = idotransportmgr.cpp Source line = 1043 Function = int IdoTransportMgr : : SendPacket ( IdoUdpMgr* , BglCtlPavTrace* )
RAS MMCS ERROR idoproxydb hit ASSERT condition : ASSERT expression = 0 Source file = idotransportmgr.cpp Source line = 1043 Function = int IdoTransportMgr : : SendPacket ( IdoUdpMgr* , BglCtlPavTrace* )
RAS MMCS ERROR idoproxydb hit ASSERT condition : ASSERT expression = 0 Source file = idotransportmgr.cpp Source line = 1043 Function = int IdoTransportMgr : : SendPacket ( IdoUdpMgr* , BglCtlPavTrace* )
RAS MMCS ERROR idoproxydb hit ASSERT condition : ASSERT expression = 0 Source file = idotransportmgr.cpp Source line = 1043 Function = int IdoTransportMgr : : SendPacket ( IdoUdpMgr* , BglCtlPavTrace* )
RAS MMCS ERROR idoproxydb hit ASSERT condition : ASSERT expression = 0 Source file = idotransportmgr.cpp Source line = 1043 Function = int IdoTransportMgr : : SendPacket ( IdoUdpMgr* , BglCtlPavTrace* )

#summary:#
RAS MMCS ERROR; idoproxydb hit ASSERT condition; 

#40#
RAS MMCS ERROR idoproxydb hit ASSERT condition : ASSERT expression = 0 Source file = idotransportmgr.cpp Source line = 1043 Function = int IdoTransportMgr : : SendPacket ( IdoUdpMgr* , BglCtlPavTrace* )
RAS MMCS ERROR idoproxydb hit ASSERT condition : ASSERT expression = 0 Source file = idotransportmgr.cpp Source line = 1043 Function = int IdoTransportMgr : : SendPacket ( IdoUdpMgr* , BglCtlPavTrace* )
RAS MMCS ERROR idoproxydb hit ASSERT condition : ASSERT expression = 0 Source file = idotransportmgr.cpp Source line = 1043 Function = int IdoTransportMgr : : SendPacket ( IdoUdpMgr* , BglCtlPavTrace* )
RAS MMCS ERROR idoproxydb hit ASSERT condition : ASSERT expression = 0 Source file = idotransportmgr.cpp Source line = 1043 Function = int IdoTransportMgr : : SendPacket ( IdoUdpMgr* , BglCtlPavTrace* )
RAS MMCS ERROR idoproxydb hit ASSERT condition : ASSERT expression = 0 Source file = idotransportmgr.cpp Source line = 1043 Function = int IdoTransportMgr : : SendPacket ( IdoUdpMgr* , BglCtlPavTrace* )
RAS MMCS ERROR idoproxydb hit ASSERT condition : ASSERT expression = 0 Source file = idotransportmgr.cpp Source line = 1043 Function = int IdoTransportMgr : : SendPacket ( IdoUdpMgr* , BglCtlPavTrace* )
RAS MMCS ERROR idoproxydb hit ASSERT condition : ASSERT expression = 0 Source file = idotransportmgr.cpp Source line = 1043 Function = int IdoTransportMgr : : SendPacket ( IdoUdpMgr* , BglCtlPavTrace* )
RAS MMCS ERROR idoproxydb hit ASSERT condition : ASSERT expression = 0 Source file = idotransportmgr.cpp Source line = 1043 Function = int IdoTransportMgr : : SendPacket ( IdoUdpMgr* , BglCtlPavTrace* )
RAS MMCS ERROR idoproxydb hit ASSERT condition : ASSERT expression = 0 Source file = idotransportmgr.cpp Source line = 1043 Function = int IdoTransportMgr : : SendPacket ( IdoUdpMgr* , BglCtlPavTrace* )
RAS MMCS ERROR idoproxydb hit ASSERT condition : ASSERT expression = 0 Source file = idotransportmgr.cpp Source line = 1043 Function = int IdoTransportMgr : : SendPacket ( IdoUdpMgr* , BglCtlPavTrace* )
RAS MMCS ERROR idoproxydb hit ASSERT condition : ASSERT expression = 0 Source file = idotransportmgr.cpp Source line = 1043 Function = int IdoTransportMgr : : SendPacket ( IdoUdpMgr* , BglCtlPavTrace* )
RAS MMCS ERROR idoproxydb hit ASSERT condition : ASSERT expression = 0 Source file = idotransportmgr.cpp Source line = 1043 Function = int IdoTransportMgr : : SendPacket ( IdoUdpMgr* , BglCtlPavTrace* )
RAS MMCS ERROR idoproxydb hit ASSERT condition : ASSERT expression = 0 Source file = idotransportmgr.cpp Source line = 1043 Function = int IdoTransportMgr : : SendPacket ( IdoUdpMgr* , BglCtlPavTrace* )
RAS MMCS ERROR idoproxydb hit ASSERT condition : ASSERT expression = 0 Source file = idotransportmgr.cpp Source line = 1043 Function = int IdoTransportMgr : : SendPacket ( IdoUdpMgr* , BglCtlPavTrace* )
RAS MMCS ERROR idoproxydb hit ASSERT condition : ASSERT expression = 0 Source file = idotransportmgr.cpp Source line = 1043 Function = int IdoTransportMgr : : SendPacket ( IdoUdpMgr* , BglCtlPavTrace* )
RAS MMCS ERROR idoproxydb hit ASSERT condition : ASSERT expression = 0 Source file = idotransportmgr.cpp Source line = 1043 Function = int IdoTransportMgr : : SendPacket ( IdoUdpMgr* , BglCtlPavTrace* )
RAS MMCS ERROR idoproxydb hit ASSERT condition : ASSERT expression = 0 Source file = idotransportmgr.cpp Source line = 1043 Function = int IdoTransportMgr : : SendPacket ( IdoUdpMgr* , BglCtlPavTrace* )
RAS MMCS ERROR idoproxydb hit ASSERT condition : ASSERT expression = 0 Source file = idotransportmgr.cpp Source line = 1043 Function = int IdoTransportMgr : : SendPacket ( IdoUdpMgr* , BglCtlPavTrace* )
RAS MMCS ERROR idoproxydb hit ASSERT condition : ASSERT expression = 0 Source file = idotransportmgr.cpp Source line = 1043 Function = int IdoTransportMgr : : SendPacket ( IdoUdpMgr* , BglCtlPavTrace* )
RAS MMCS ERROR idoproxydb hit ASSERT condition : ASSERT expression = 0 Source file = idotransportmgr.cpp Source line = 1043 Function = int IdoTransportMgr : : SendPacket ( IdoUdpMgr* , BglCtlPavTrace* )

#summary:#
RAS MMCS ERROR; idoproxydb hit ASSERT condition; 

#41#
NULL DISCOVERY WARNING Node card is not fully functional
NULL DISCOVERY SEVERE Can not get assembly information for node card
NULL DISCOVERY ERROR Node card status : no ALERTs are active. Clock Mode is Low. Clock Select is Midplane. Phy JTAG Reset is asserted. ASIC JTAG Reset is asserted. Temperature Mask is not active. No temperature error. Temperature Limit Error Latch is clear. PGOOD IS NOT ASSERTED. PGOOD ERROR LATCH IS ACTIVE. MPGOOD IS NOT OK. MPGOOD ERROR LATCH IS ACTIVE. The 2.5 volt rail is OK. The 1.5 volt rail is OK.
NULL DISCOVERY WARNING Node card is not fully functional
NULL DISCOVERY SEVERE Can not get assembly information for node card
NULL DISCOVERY ERROR Node card status : no ALERTs are active. Clock Mode is Low. Clock Select is Midplane. Phy JTAG Reset is asserted. ASIC JTAG Reset is asserted. Temperature Mask is not active. No temperature error. Temperature Limit Error Latch is clear. PGOOD IS NOT ASSERTED. PGOOD ERROR LATCH IS ACTIVE. MPGOOD IS NOT OK. MPGOOD ERROR LATCH IS ACTIVE. The 2.5 volt rail is OK. The 1.5 volt rail is OK.
NULL DISCOVERY WARNING Node card is not fully functional
NULL DISCOVERY SEVERE Can not get assembly information for node card
NULL DISCOVERY ERROR Node card status : no ALERTs are active. Clock Mode is Low. Clock Select is Midplane. Phy JTAG Reset is asserted. ASIC JTAG Reset is asserted. Temperature Mask is not active. No temperature error. Temperature Limit Error Latch is clear. PGOOD IS NOT ASSERTED. PGOOD ERROR LATCH IS ACTIVE. MPGOOD IS NOT OK. MPGOOD ERROR LATCH IS ACTIVE. The 2.5 volt rail is OK. The 1.5 volt rail is OK.
NULL DISCOVERY WARNING Node card is not fully functional
NULL DISCOVERY SEVERE Can not get assembly information for node card
NULL DISCOVERY ERROR Node card status : no ALERTs are active. Clock Mode is Low. Clock Select is Midplane. Phy JTAG Reset is asserted. ASIC JTAG Reset is asserted. Temperature Mask is not active. No temperature error. Temperature Limit Error Latch is clear. PGOOD IS NOT ASSERTED. PGOOD ERROR LATCH IS ACTIVE. MPGOOD IS NOT OK. MPGOOD ERROR LATCH IS ACTIVE. The 2.5 volt rail is OK. The 1.5 volt rail is OK.
NULL DISCOVERY WARNING Node card is not fully functional
NULL DISCOVERY SEVERE Can not get assembly information for node card
NULL DISCOVERY ERROR Node card status : no ALERTs are active. Clock Mode is Low. Clock Select is Midplane. Phy JTAG Reset is asserted. ASIC JTAG Reset is asserted. Temperature Mask is not active. No temperature error. Temperature Limit Error Latch is clear. PGOOD IS NOT ASSERTED. PGOOD ERROR LATCH IS ACTIVE. MPGOOD IS NOT OK. MPGOOD ERROR LATCH IS ACTIVE. The 2.5 volt rail is OK. The 1.5 volt rail is OK.
NULL DISCOVERY WARNING Node card is not fully functional
NULL DISCOVERY SEVERE Can not get assembly information for node card
NULL DISCOVERY ERROR Node card status : no ALERTs are active. Clock Mode is Low. Clock Select is Midplane. Phy JTAG Reset is asserted. ASIC JTAG Reset is asserted. Temperature Mask is not active. No temperature error. Temperature Limit Error Latch is clear. PGOOD IS NOT ASSERTED. PGOOD ERROR LATCH IS ACTIVE. MPGOOD IS NOT OK. MPGOOD ERROR LATCH IS ACTIVE. The 2.5 volt rail is OK. The 1.5 volt rail is OK.
NULL DISCOVERY WARNING Node card is not fully functional
NULL DISCOVERY SEVERE Can not get assembly information for node card

#summary:#
Node card is not functional; Can not get assembly information; no ALERTs are active; Phy JTAG Reset is asserted; Clock Mode is Low; Clock Select is Midplane; No temperature error; PGOOD IS NOT ASSERTED; MPGOOD IS NOT OK; MPGOOD ERROR LATCH IS ACTIVE;

#42#
NULL DISCOVERY ERROR Node card status : no ALERTs are active. Clock Mode is Low. Clock Select is Midplane. Phy JTAG Reset is asserted. ASIC JTAG Reset is asserted. Temperature Mask is not active. No temperature error. Temperature Limit Error Latch is clear. PGOOD IS NOT ASSERTED. PGOOD ERROR LATCH IS ACTIVE. MPGOOD IS NOT OK. MPGOOD ERROR LATCH IS ACTIVE. The 2.5 volt rail is OK. The 1.5 volt rail is OK.
NULL DISCOVERY WARNING Node card is not fully functional
NULL DISCOVERY ERROR Node card status : no ALERTs are active. Clock Mode is Low. Clock Select is Midplane. Phy JTAG Reset is asserted. ASIC JTAG Reset is asserted. Temperature Mask is not active. No temperature error. Temperature Limit Error Latch is clear. PGOOD IS NOT ASSERTED. PGOOD ERROR LATCH IS ACTIVE. MPGOOD IS NOT OK. MPGOOD ERROR LATCH IS ACTIVE. The 2.5 volt rail is OK. The 1.5 volt rail is OK.
NULL DISCOVERY SEVERE Can not get assembly information for node card
NULL DISCOVERY ERROR Node card status : no ALERTs are active. Clock Mode is Low. Clock Select is Midplane. Phy JTAG Reset is asserted. ASIC JTAG Reset is asserted. Temperature Mask is not active. No temperature error. Temperature Limit Error Latch is clear. PGOOD IS NOT ASSERTED. PGOOD ERROR LATCH IS ACTIVE. MPGOOD IS NOT OK. MPGOOD ERROR LATCH IS ACTIVE. The 2.5 volt rail is OK. The 1.5 volt rail is OK.
NULL DISCOVERY WARNING Node card is not fully functional
NULL DISCOVERY WARNING Node card is not fully functional
NULL DISCOVERY WARNING Node card is not fully functional
NULL DISCOVERY SEVERE Can not get assembly information for node card
NULL DISCOVERY WARNING Node card is not fully functional
NULL DISCOVERY SEVERE Can not get assembly information for node card
NULL DISCOVERY SEVERE Can not get assembly information for node card
NULL DISCOVERY ERROR Node card status : no ALERTs are active. Clock Mode is Low. Clock Select is Midplane. Phy JTAG Reset is asserted. ASIC JTAG Reset is asserted. Temperature Mask is not active. No temperature error. Temperature Limit Error Latch is clear. PGOOD IS NOT ASSERTED. PGOOD ERROR LATCH IS ACTIVE. MPGOOD IS NOT OK. MPGOOD ERROR LATCH IS ACTIVE. The 2.5 volt rail is OK. The 1.5 volt rail is OK.
NULL DISCOVERY ERROR Node card status : no ALERTs are active. Clock Mode is Low. Clock Select is Midplane. Phy JTAG Reset is asserted. ASIC JTAG Reset is asserted. Temperature Mask is not active. No temperature error. Temperature Limit Error Latch is clear. PGOOD IS NOT ASSERTED. PGOOD ERROR LATCH IS ACTIVE. MPGOOD IS NOT OK. MPGOOD ERROR LATCH IS ACTIVE. The 2.5 volt rail is OK. The 1.5 volt rail is OK.
NULL DISCOVERY SEVERE Can not get assembly information for node card
NULL DISCOVERY ERROR Node card status : no ALERTs are active. Clock Mode is Low. Clock Select is Midplane. Phy JTAG Reset is asserted. ASIC JTAG Reset is asserted. Temperature Mask is not active. No temperature error. Temperature Limit Error Latch is clear. PGOOD IS NOT ASSERTED. PGOOD ERROR LATCH IS ACTIVE. MPGOOD IS NOT OK. MPGOOD ERROR LATCH IS ACTIVE. The 2.5 volt rail is OK. The 1.5 volt rail is OK.
NULL DISCOVERY ERROR Node card status : no ALERTs are active. Clock Mode is Low. Clock Select is Midplane. Phy JTAG Reset is asserted. ASIC JTAG Reset is asserted. Temperature Mask is not active. No temperature error. Temperature Limit Error Latch is clear. PGOOD IS NOT ASSERTED. PGOOD ERROR LATCH IS ACTIVE. MPGOOD IS NOT OK. MPGOOD ERROR LATCH IS ACTIVE. The 2.5 volt rail is OK. The 1.5 volt rail is OK.
NULL DISCOVERY WARNING Node card is not fully functional
NULL DISCOVERY WARNING Node card is not fully functional
NULL DISCOVERY WARNING Node card is not fully functional

#summary:#
no ALERTs are active; Clock Mode is Low; Clock Select is Midplane; Phy JTAG Reset is asserted; ASIC JTAG Reset is asserted; Temperature Mask is not active; No temperature error; Temperature Limit Error Latch is clear; PGOOD IS NOT ASSERTED; PGOOD ERROR LATCH IS ACTIVE; MPGOOD IS NOT OK; MPGOOD ERROR LATCH IS ACTIVE; Node card is not fully functional; Can not get assembly information;

#43#
RAS KERNEL FATAL Error : unable to mount filesystem
RAS KERNEL FATAL Error : unable to mount filesystem
RAS KERNEL FATAL Error : unable to mount filesystem
RAS KERNEL FATAL Error : unable to mount filesystem
RAS KERNEL FATAL Error : unable to mount filesystem
RAS KERNEL FATAL Error : unable to mount filesystem
RAS KERNEL FATAL Error : unable to mount filesystem
RAS KERNEL FATAL Error : unable to mount filesystem
RAS KERNEL FATAL Error : unable to mount filesystem
RAS KERNEL FATAL Error : unable to mount filesystem
RAS KERNEL FATAL Error : unable to mount filesystem
RAS KERNEL FATAL Error : unable to mount filesystem
RAS KERNEL FATAL Error : unable to mount filesystem
RAS KERNEL FATAL Error : unable to mount filesystem
RAS KERNEL FATAL Error : unable to mount filesystem
RAS KERNEL FATAL Error : unable to mount filesystem
RAS KERNEL FATAL Error : unable to mount filesystem
RAS KERNEL FATAL Error : unable to mount filesystem
RAS KERNEL FATAL Error : unable to mount filesystem
RAS KERNEL FATAL Error : unable to mount filesystem

#summary:#
unable to mount filesystem;

#44#
NULL DISCOVERY INFO Ido chip status changed : FF : F2 : 9F : 16 : BB : 2C : 00 : 0D : 60 : E9 : 44 : D3 ip = 10.4.0.129 v = 13 t = 4 status = M Tue Aug 09 10 : 08 : 17 PDT 2005
NULL DISCOVERY INFO Ido chip status changed : FF : F2 : 9F : 16 : CA : 28 : 00 : 0D : 60 : E9 : 35 : D7 ip = 10.4.1.206 v = 13 t = 4 status = M Tue Aug 09 10 : 08 : 17 PDT 2005
NULL DISCOVERY INFO Ido chip status changed : FF : F2 : 9F : 16 : DA : 29 : 00 : 0D : 60 : E9 : 25 : D6 ip = 10.4.2.100 v = 13 t = 4 status = M Tue Aug 09 10 : 08 : 17 PDT 2005
NULL DISCOVERY INFO Ido chip status changed : FF : F2 : 9F : 16 : DD : 5A : 00 : 0D : 60 : E9 : 22 : A5 ip = 10.4.2.101 v = 13 t = 4 status = M Tue Aug 09 10 : 08 : 17 PDT 2005
NULL DISCOVERY INFO Ido chip status changed : FF : F2 : 9F : 15 : 7D : 5C : 00 : 0D : 60 : EA : 82 : A3 ip = 10.4.1.134 v = 13 t = 1 status = M Tue Aug 09 10 : 08 : 17 PDT 2005
NULL DISCOVERY INFO Ido chip status changed : FF : F2 : 9F : 15 : 7C : 7A : 00 : 0D : 60 : EA : 83 : 85 ip = 10.4.1.215 v = 13 t = 1 status = M Tue Aug 09 10 : 08 : 17 PDT 2005
NULL DISCOVERY INFO Ido chip status changed : FF : F2 : 9F : 16 : B7 : 41 : 00 : 0D : 60 : E9 : 48 : BE ip = 10.4.1.136 v = 13 t = 4 status = M Tue Aug 09 10 : 08 : 17 PDT 2005
NULL DISCOVERY INFO Ido chip status changed : FF : F2 : 9F : 16 : C3 : BC : 00 : 0D : 60 : E9 : 3C : 43 ip = 10.4.0.126 v = 13 t = 4 status = M Tue Aug 09 10 : 08 : 17 PDT 2005
NULL DISCOVERY INFO Ido chip status changed : FF : F2 : 9F : 16 : B7 : 3C : 00 : 0D : 60 : E9 : 48 : C3 ip = 10.4.1.150 v = 13 t = 4 status = M Tue Aug 09 10 : 08 : 17 PDT 2005
NULL DISCOVERY INFO Ido chip status changed : FF : F2 : 9F : 15 : 7D : 45 : 00 : 0D : 60 : EA : 82 : BA ip = 10.4.1.145 v = 13 t = 1 status = M Tue Aug 09 10 : 08 : 17 PDT 2005
NULL DISCOVERY INFO Ido chip status changed : FF : F2 : 9F : 16 : CB : DD : 00 : 0D : 60 : E9 : 34 : 22 ip = 10.4.1.207 v = 13 t = 4 status = M Tue Aug 09 10 : 08 : 17 PDT 2005
NULL DISCOVERY INFO Ido chip status changed : FF : F2 : 9F : 16 : BB : 13 : 00 : 0D : 60 : E9 : 44 : EC ip = 10.4.0.52 v = 13 t = 4 status = M Tue Aug 09 10 : 08 : 17 PDT 2005
NULL DISCOVERY INFO Ido chip status changed : FF : F2 : 9F : 16 : BC : EB : 00 : 0D : 60 : E9 : 43 : 14 ip = 10.4.0.46 v = 13 t = 4 status = M Tue Aug 09 10 : 08 : 17 PDT 2005
NULL DISCOVERY INFO Ido chip status changed : FF : F2 : 9F : 15 : 7D : 5F : 00 : 0D : 60 : EA : 82 : A0 ip = 10.4.1.152 v = 13 t = 1 status = M Tue Aug 09 10 : 08 : 17 PDT 2005
NULL DISCOVERY INFO Ido chip status changed : FF : F2 : 9F : 16 : DE : 83 : 00 : 0D : 60 : E9 : 21 : 7C ip = 10.4.1.209 v = 13 t = 4 status = M Tue Aug 09 10 : 08 : 17 PDT 2005
NULL DISCOVERY INFO Ido chip status changed : FF : F2 : 9F : 15 : 7D : 1E : 00 : 0D : 60 : EA : 82 : E1 ip = 10.4.2.105 v = 13 t = 1 status = M Tue Aug 09 10 : 08 : 17 PDT 2005
NULL DISCOVERY INFO Ido chip status changed : FF : F2 : 9F : 16 : C6 : C4 : 00 : 0D : 60 : E9 : 39 : 3B ip = 10.4.1.148 v = 13 t = 4 status = M Tue Aug 09 10 : 08 : 17 PDT 2005
NULL DISCOVERY INFO Ido chip status changed : FF : F2 : 9F : 16 : DA : 47 : 00 : 0D : 60 : E9 : 25 : B8 ip = 10.4.2.122 v = 13 t = 4 status = M Tue Aug 09 10 : 08 : 17 PDT 2005
NULL DISCOVERY INFO Ido chip status changed : FF : F2 : 9F : 16 : DA : 7E : 00 : 0D : 60 : E9 : 25 : 81 ip = 10.4.2.91 v = 13 t = 4 status = M Tue Aug 09 10 : 08 : 17 PDT 2005
NULL DISCOVERY INFO Ido chip status changed : FF : F2 : 9F : 16 : B8 : BF : 00 : 0D : 60 : E9 : 47 : 40 ip = 10.4.1.140 v = 13 t = 4 status = M Tue Aug 09 10 : 08 : 17 PDT 2005

#summary:#
Ido chip status changed;

#45#
RAS KERNEL INFO CE sym 10 , at 0x0585ca00 , mask 0x80
RAS KERNEL INFO CE sym 15 , at 0x07fbfee0 , mask 0x40
RAS KERNEL INFO total of 2 ddr error ( s ) detected and corrected
RAS KERNEL INFO CE sym 11 , at 0x117ed620 , mask 0x10
RAS KERNEL INFO total of 2 ddr error ( s ) detected and corrected
RAS KERNEL INFO CE sym 27 , at 0x1236bae0 , mask 0x02
RAS KERNEL INFO CE sym 21 , at 0x15937660 , mask 0x10
RAS KERNEL INFO CE sym 18 , at 0x0e0272e0 , mask 0x10
RAS KERNEL INFO CE sym 34 , at 0x19165940 , mask 0x40
RAS KERNEL INFO total of 2 ddr error ( s ) detected and corrected
RAS KERNEL INFO total of 2 ddr error ( s ) detected and corrected
RAS KERNEL INFO CE sym 4 , at 0x0fb8cae0 , mask 0x10
RAS KERNEL INFO total of 2 ddr error ( s ) detected and corrected
RAS KERNEL INFO total of 2 ddr error ( s ) detected and corrected
RAS KERNEL INFO CE sym 18 , at 0x15afb0a0 , mask 0x08
RAS KERNEL INFO CE sym 5 , at 0x0483fae0 , mask 0x40
RAS KERNEL INFO CE sym 26 , at 0x03231ca0 , mask 0x10
RAS KERNEL INFO CE sym 9 , at 0x139fc420 , mask 0x04
RAS KERNEL INFO CE sym 21 , at 0x17946860 , mask 0x10
RAS KERNEL INFO total of 2 ddr error ( s ) detected and corrected

#summary:#
error detected; error corrected; 

#46#
RAS APP FATAL ciod : Error loading /bgl/apps/scaletest/performance/MINIBEN/mb_243_0810/allreduce.rts : invalid or missing program image , Exec format error
RAS APP FATAL ciod : Error loading /bgl/apps/scaletest/performance/MINIBEN/mb_243_0810/allreduce.rts : invalid or missing program image , Exec format error
RAS APP FATAL ciod : Error loading /bgl/apps/scaletest/performance/MINIBEN/mb_243_0810/allreduce.rts : invalid or missing program image , Exec format error
RAS APP FATAL ciod : Error loading /bgl/apps/scaletest/performance/MINIBEN/mb_243_0810/allreduce.rts : invalid or missing program image , Exec format error
RAS APP FATAL ciod : Error loading /bgl/apps/scaletest/performance/MINIBEN/mb_243_0810/allreduce.rts : invalid or missing program image , Exec format error
RAS APP FATAL ciod : Error loading /bgl/apps/scaletest/performance/MINIBEN/mb_243_0810/allreduce.rts : invalid or missing program image , Exec format error
RAS APP FATAL ciod : Error loading /bgl/apps/scaletest/performance/MINIBEN/mb_243_0810/allreduce.rts : invalid or missing program image , Exec format error
RAS APP FATAL ciod : Error loading /bgl/apps/scaletest/performance/MINIBEN/mb_243_0810/allreduce.rts : invalid or missing program image , Exec format error
RAS APP FATAL ciod : Error loading /bgl/apps/scaletest/performance/MINIBEN/mb_243_0810/allreduce.rts : invalid or missing program image , Exec format error
RAS APP FATAL ciod : Error loading /bgl/apps/scaletest/performance/MINIBEN/mb_243_0810/allreduce.rts : invalid or missing program image , Exec format error
RAS APP FATAL ciod : Error loading /bgl/apps/scaletest/performance/MINIBEN/mb_243_0810/allreduce.rts : invalid or missing program image , Exec format error
RAS APP FATAL ciod : Error loading /bgl/apps/scaletest/performance/MINIBEN/mb_243_0810/allreduce.rts : invalid or missing program image , Exec format error
RAS APP FATAL ciod : Error loading /bgl/apps/scaletest/performance/MINIBEN/mb_243_0810/allreduce.rts : invalid or missing program image , Exec format error
RAS APP FATAL ciod : Error loading /bgl/apps/scaletest/performance/MINIBEN/mb_243_0810/allreduce.rts : invalid or missing program image , Exec format error
RAS APP FATAL ciod : Error loading /bgl/apps/scaletest/performance/MINIBEN/mb_243_0810/allreduce.rts : invalid or missing program image , Exec format error
RAS APP FATAL ciod : Error loading /bgl/apps/scaletest/performance/MINIBEN/mb_243_0810/allreduce.rts : invalid or missing program image , Exec format error
RAS APP FATAL ciod : Error loading /bgl/apps/scaletest/performance/MINIBEN/mb_243_0810/allreduce.rts : invalid or missing program image , Exec format error
RAS APP FATAL ciod : Error loading /bgl/apps/scaletest/performance/MINIBEN/mb_243_0810/allreduce.rts : invalid or missing program image , Exec format error
RAS APP FATAL ciod : Error loading /bgl/apps/scaletest/performance/MINIBEN/mb_243_0810/allreduce.rts : invalid or missing program image , Exec format error
RAS APP FATAL ciod : Error loading /bgl/apps/scaletest/performance/MINIBEN/mb_243_0810/allreduce.rts : invalid or missing program image , Exec format error

#summary:#
Error loading; invalid or missing program image;

#47#
RAS APP FATAL ciod : Error loading /bgl/apps/scaletest/performance/MINIBEN/mb_243_0810/allreduce.rts : invalid or missing program image , Exec format error
RAS APP FATAL ciod : Error loading /bgl/apps/scaletest/performance/MINIBEN/mb_243_0810/allreduce.rts : invalid or missing program image , Exec format error
RAS APP FATAL ciod : Error loading /bgl/apps/scaletest/performance/MINIBEN/mb_243_0810/allreduce.rts : invalid or missing program image , Exec format error
RAS APP FATAL ciod : Error loading /bgl/apps/scaletest/performance/MINIBEN/mb_243_0810/allreduce.rts : invalid or missing program image , Exec format error
RAS APP FATAL ciod : Error loading /bgl/apps/scaletest/performance/MINIBEN/mb_243_0810/allreduce.rts : invalid or missing program image , Exec format error
RAS APP FATAL ciod : Error loading /bgl/apps/scaletest/performance/MINIBEN/mb_243_0810/allreduce.rts : invalid or missing program image , Exec format error
RAS APP FATAL ciod : Error loading /bgl/apps/scaletest/performance/MINIBEN/mb_243_0810/allreduce.rts : invalid or missing program image , Exec format error
RAS APP FATAL ciod : Error loading /bgl/apps/scaletest/performance/MINIBEN/mb_243_0810/allreduce.rts : invalid or missing program image , Exec format error
RAS APP FATAL ciod : Error loading /bgl/apps/scaletest/performance/MINIBEN/mb_243_0810/allreduce.rts : invalid or missing program image , Exec format error
RAS APP FATAL ciod : Error loading /bgl/apps/scaletest/performance/MINIBEN/mb_243_0810/allreduce.rts : invalid or missing program image , Exec format error
RAS APP FATAL ciod : Error loading /bgl/apps/scaletest/performance/MINIBEN/mb_243_0810/allreduce.rts : invalid or missing program image , Exec format error
RAS APP FATAL ciod : Error loading /bgl/apps/scaletest/performance/MINIBEN/mb_243_0810/allreduce.rts : invalid or missing program image , Exec format error
RAS APP FATAL ciod : Error loading /bgl/apps/scaletest/performance/MINIBEN/mb_243_0810/allreduce.rts : invalid or missing program image , Exec format error
RAS APP FATAL ciod : Error loading /bgl/apps/scaletest/performance/MINIBEN/mb_243_0810/allreduce.rts : invalid or missing program image , Exec format error
RAS APP FATAL ciod : Error loading /bgl/apps/scaletest/performance/MINIBEN/mb_243_0810/allreduce.rts : invalid or missing program image , Exec format error
RAS APP FATAL ciod : Error loading /bgl/apps/scaletest/performance/MINIBEN/mb_243_0810/allreduce.rts : invalid or missing program image , Exec format error
RAS APP FATAL ciod : Error loading /bgl/apps/scaletest/performance/MINIBEN/mb_243_0810/allreduce.rts : invalid or missing program image , Exec format error
RAS APP FATAL ciod : Error loading /bgl/apps/scaletest/performance/MINIBEN/mb_243_0810/allreduce.rts : invalid or missing program image , Exec format error
RAS APP FATAL ciod : Error loading /bgl/apps/scaletest/performance/MINIBEN/mb_243_0810/allreduce.rts : invalid or missing program image , Exec format error
RAS APP FATAL ciod : Error loading /bgl/apps/scaletest/performance/MINIBEN/mb_243_0810/allreduce.rts : invalid or missing program image , Exec format error

#summary:#
Error loading; invalid or missing program image;

#48#
RAS APP FATAL ciod : Error loading /bgl/apps/scaletest/performance/MINIBEN/mb_243_0810/allreduce.rts : invalid or missing program image , Exec format error
RAS APP FATAL ciod : Error loading /bgl/apps/scaletest/performance/MINIBEN/mb_243_0810/allreduce.rts : invalid or missing program image , Exec format error
RAS APP FATAL ciod : Error loading /bgl/apps/scaletest/performance/MINIBEN/mb_243_0810/allreduce.rts : invalid or missing program image , Exec format error
RAS APP FATAL ciod : Error loading /bgl/apps/scaletest/performance/MINIBEN/mb_243_0810/allreduce.rts : invalid or missing program image , Exec format error
RAS APP FATAL ciod : Error loading /bgl/apps/scaletest/performance/MINIBEN/mb_243_0810/allreduce.rts : invalid or missing program image , Exec format error
RAS APP FATAL ciod : Error loading /bgl/apps/scaletest/performance/MINIBEN/mb_243_0810/allreduce.rts : invalid or missing program image , Exec format error
RAS APP FATAL ciod : Error loading /bgl/apps/scaletest/performance/MINIBEN/mb_243_0810/allreduce.rts : invalid or missing program image , Exec format error
RAS APP FATAL ciod : Error loading /bgl/apps/scaletest/performance/MINIBEN/mb_243_0810/allreduce.rts : invalid or missing program image , Exec format error
RAS APP FATAL ciod : Error loading /bgl/apps/scaletest/performance/MINIBEN/mb_243_0810/allreduce.rts : invalid or missing program image , Exec format error
RAS APP FATAL ciod : Error loading /bgl/apps/scaletest/performance/MINIBEN/mb_243_0810/allreduce.rts : invalid or missing program image , Exec format error
RAS APP FATAL ciod : Error loading /bgl/apps/scaletest/performance/MINIBEN/mb_243_0810/allreduce.rts : invalid or missing program image , Exec format error
RAS APP FATAL ciod : Error loading /bgl/apps/scaletest/performance/MINIBEN/mb_243_0810/allreduce.rts : invalid or missing program image , Exec format error
RAS APP FATAL ciod : Error loading /bgl/apps/scaletest/performance/MINIBEN/mb_243_0810/allreduce.rts : invalid or missing program image , Exec format error
RAS APP FATAL ciod : Error loading /bgl/apps/scaletest/performance/MINIBEN/mb_243_0810/allreduce.rts : invalid or missing program image , Exec format error
RAS APP FATAL ciod : Error loading /bgl/apps/scaletest/performance/MINIBEN/mb_243_0810/allreduce.rts : invalid or missing program image , Exec format error
RAS APP FATAL ciod : Error loading /bgl/apps/scaletest/performance/MINIBEN/mb_243_0810/allreduce.rts : invalid or missing program image , Exec format error
RAS APP FATAL ciod : Error loading /bgl/apps/scaletest/performance/MINIBEN/mb_243_0810/allreduce.rts : invalid or missing program image , Exec format error
RAS APP FATAL ciod : Error loading /bgl/apps/scaletest/performance/MINIBEN/mb_243_0810/allreduce.rts : invalid or missing program image , Exec format error
RAS APP FATAL ciod : Error loading /bgl/apps/scaletest/performance/MINIBEN/mb_243_0810/allreduce.rts : invalid or missing program image , Exec format error
RAS APP FATAL ciod : Error loading /bgl/apps/scaletest/performance/MINIBEN/mb_243_0810/allreduce.rts : invalid or missing program image , Exec format error

#summary:#
Error loading; invalid or missing program image;

#49#
RAS KERNEL FATAL rts : kernel terminated for reason 1001
RAS KERNEL FATAL rts : kernel terminated for reason 1001
RAS KERNEL FATAL rts : kernel terminated for reason 1001
RAS KERNEL FATAL rts : kernel terminated for reason 1001
RAS KERNEL FATAL rts : kernel terminated for reason 1001
RAS KERNEL FATAL rts : kernel terminated for reason 1004
RAS KERNEL FATAL rts : kernel terminated for reason 1001
RAS KERNEL FATAL rts : kernel terminated for reason 1001
RAS KERNEL FATAL rts : kernel terminated for reason 1001
RAS KERNEL FATAL rts : kernel terminated for reason 1001
RAS KERNEL FATAL rts : kernel terminated for reason 1001
RAS KERNEL FATAL rts : kernel terminated for reason 1001
RAS KERNEL FATAL rts : kernel terminated for reason 1001
RAS KERNEL FATAL rts : kernel terminated for reason 1001
RAS KERNEL FATAL rts : kernel terminated for reason 1001
RAS KERNEL FATAL rts : kernel terminated for reason 1001
RAS KERNEL FATAL rts : kernel terminated for reason 1001
RAS KERNEL FATAL rts : kernel terminated for reason 1001
RAS KERNEL FATAL rts : kernel terminated for reason 1001
RAS KERNEL FATAL rts : kernel terminated for reason 1001

#summary:#
kernel terminated for reason;

#50#
RAS KERNEL INFO ciod : generated 64 core files for program /bgl/apps/swl-prep/ibm-swl/functional/sppm_chkpt/run/sppm
RAS KERNEL INFO ciod : generated 64 core files for program /bgl/apps/swl-prep/ibm-swl/functional/sppm_chkpt/run/sppm
RAS KERNEL INFO ciod : generated 64 core files for program /bgl/apps/swl-prep/ibm-swl/functional/sppm_chkpt/run/sppm
RAS KERNEL INFO ciod : generated 64 core files for program /bgl/apps/swl-prep/ibm-swl/functional/sppm_chkpt/run/sppm
RAS KERNEL INFO ciod : generated 64 core files for program /bgl/apps/swl-prep/ibm-swl/functional/sppm_chkpt/run/sppm
RAS KERNEL INFO ciod : generated 64 core files for program /bgl/apps/swl-prep/ibm-swl/functional/sppm_chkpt/run/sppm
RAS KERNEL INFO ciod : generated 64 core files for program /bgl/apps/swl-prep/ibm-swl/functional/sppm_chkpt/run/sppm
RAS KERNEL INFO ciod : generated 64 core files for program /bgl/apps/swl-prep/ibm-swl/functional/sppm_chkpt/run/sppm
RAS KERNEL INFO ciod : generated 64 core files for program /bgl/apps/swl-prep/ibm-swl/functional/sppm_chkpt/run/sppm
RAS KERNEL INFO ciod : generated 64 core files for program /bgl/apps/swl-prep/ibm-swl/functional/sppm_chkpt/run/sppm
RAS KERNEL INFO ciod : generated 64 core files for program /bgl/apps/swl-prep/ibm-swl/functional/sppm_chkpt/run/sppm
RAS KERNEL INFO ciod : generated 64 core files for program /bgl/apps/swl-prep/ibm-swl/functional/sppm_chkpt/run/sppm
RAS KERNEL INFO ciod : generated 64 core files for program /bgl/apps/swl-prep/ibm-swl/functional/sppm_chkpt/run/sppm
RAS KERNEL INFO ciod : generated 64 core files for program /bgl/apps/swl-prep/ibm-swl/functional/sppm_chkpt/run/sppm
RAS KERNEL INFO ciod : generated 64 core files for program /bgl/apps/swl-prep/ibm-swl/functional/sppm_chkpt/run/sppm
RAS KERNEL INFO ciod : generated 64 core files for program /bgl/apps/swl-prep/ibm-swl/functional/sppm_chkpt/run/sppm
RAS KERNEL INFO ciod : generated 64 core files for program /bgl/apps/swl-prep/ibm-swl/functional/sppm_chkpt/run/sppm
RAS KERNEL INFO ciod : generated 64 core files for program /bgl/apps/swl-prep/ibm-swl/functional/sppm_chkpt/run/sppm
RAS KERNEL INFO ciod : generated 64 core files for program /bgl/apps/swl-prep/ibm-swl/functional/sppm_chkpt/run/sppm
RAS KERNEL INFO ciod : generated 64 core files for program /bgl/apps/swl-prep/ibm-swl/functional/sppm_chkpt/run/sppm

#summary:#
generated core files for program;

#51#
RAS APP FATAL ciod : Error reading message prefix after LOGIN_MESSAGE on CioStream socket to 172.16.96.116 : 37478 : Link has been severed
RAS APP FATAL ciod : Error reading message prefix after LOGIN_MESSAGE on CioStream socket to 172.16.96.116 : 37695 : Link has been severed
RAS APP FATAL ciod : Error reading message prefix after LOGIN_MESSAGE on CioStream socket to 172.16.96.116 : 37696 : Link has been severed
RAS APP FATAL ciod : LOGIN chdir ( /home/germann2/SPaSM_static ) failed : No such file or directory
RAS APP FATAL ciod : LOGIN chdir ( /home/germann2/SPaSM_static ) failed : No such file or directory
RAS APP FATAL ciod : LOGIN chdir ( /home/germann2/SPaSM_static ) failed : No such file or directory
RAS APP FATAL ciod : LOGIN chdir ( /home/germann2/SPaSM_static ) failed : No such file or directory
RAS APP FATAL ciod : Error reading message prefix after LOGIN_MESSAGE on CioStream socket to 172.16.96.116 : 37443 : Link has been severed
RAS APP FATAL ciod : LOGIN chdir ( /home/germann2/SPaSM_static ) failed : No such file or directory
RAS APP FATAL ciod : LOGIN chdir ( /home/germann2/SPaSM_static ) failed : No such file or directory
RAS APP FATAL ciod : LOGIN chdir ( /home/germann2/SPaSM_static ) failed : No such file or directory
RAS APP FATAL ciod : LOGIN chdir ( /home/germann2/SPaSM_static ) failed : No such file or directory
RAS APP FATAL ciod : LOGIN chdir ( /home/germann2/SPaSM_static ) failed : No such file or directory
RAS APP FATAL ciod : LOGIN chdir ( /home/germann2/SPaSM_static ) failed : No such file or directory
RAS APP FATAL ciod : LOGIN chdir ( /home/germann2/SPaSM_static ) failed : No such file or directory
RAS APP FATAL ciod : Error reading message prefix after LOGIN_MESSAGE on CioStream socket to 172.16.96.116 : 37743 : Link has been severed
RAS APP FATAL ciod : LOGIN chdir ( /home/germann2/SPaSM_static ) failed : No such file or directory
RAS APP FATAL ciod : Error reading message prefix after LOGIN_MESSAGE on CioStream socket to 172.16.96.116 : 38290 : Link has been severed
RAS APP FATAL ciod : Error reading message prefix after LOGIN_MESSAGE on CioStream socket to 172.16.96.116 : 38291 : Link has been severed
RAS APP FATAL ciod : LOGIN chdir ( /home/germann2/SPaSM_static ) failed : No such file or directory

#summary:#
Error reading message prefix; LOGIN chdir failed; 

#52#
RAS KERNEL INFO ciod : generated 128 core files for program /home/germann2/BGL-demo/SPaSM_mpi
RAS KERNEL INFO ciod : generated 128 core files for program /home/germann2/BGL-demo/SPaSM_mpi
RAS KERNEL INFO ciod : generated 128 core files for program /home/germann2/BGL-demo/SPaSM_mpi
RAS KERNEL INFO ciod : generated 128 core files for program /home/germann2/BGL-demo/SPaSM_mpi
RAS KERNEL INFO ciod : generated 128 core files for program /home/germann2/BGL-demo/SPaSM_mpi
RAS KERNEL INFO ciod : generated 128 core files for program /home/germann2/BGL-demo/SPaSM_mpi
RAS KERNEL INFO ciod : generated 128 core files for program /home/germann2/BGL-demo/SPaSM_mpi
RAS KERNEL INFO ciod : generated 128 core files for program /home/germann2/BGL-demo/SPaSM_mpi
RAS KERNEL INFO ciod : generated 128 core files for program /home/germann2/BGL-demo/SPaSM_mpi
RAS KERNEL INFO ciod : generated 128 core files for program /home/germann2/BGL-demo/SPaSM_mpi
RAS KERNEL INFO ciod : generated 128 core files for program /home/germann2/BGL-demo/SPaSM_mpi
RAS KERNEL INFO ciod : generated 128 core files for program /home/germann2/BGL-demo/SPaSM_mpi
RAS KERNEL INFO ciod : generated 128 core files for program /home/germann2/BGL-demo/SPaSM_mpi
RAS KERNEL INFO ciod : generated 128 core files for program /home/germann2/BGL-demo/SPaSM_mpi
RAS KERNEL INFO ciod : generated 128 core files for program /home/germann2/BGL-demo/SPaSM_mpi
RAS KERNEL INFO ciod : generated 128 core files for program /home/germann2/BGL-demo/SPaSM_mpi
RAS KERNEL INFO ciod : generated 128 core files for program /home/germann2/BGL-demo/SPaSM_mpi
RAS KERNEL INFO ciod : generated 128 core files for program /home/germann2/BGL-demo/SPaSM_mpi
RAS KERNEL INFO ciod : generated 128 core files for program /home/germann2/BGL-demo/SPaSM_mpi
RAS KERNEL INFO ciod : generated 128 core files for program /home/germann2/BGL-demo/SPaSM_mpi

#summary:#
generated core files for program;

#53#
RAS KERNEL INFO ciod : generated 128 core files for program /home/germann2/BGL-demo/SPaSM_mpi
RAS KERNEL INFO ciod : generated 128 core files for program /home/germann2/BGL-demo/SPaSM_mpi
RAS KERNEL INFO ciod : generated 128 core files for program /home/germann2/BGL-demo/SPaSM_mpi
RAS KERNEL INFO ciod : generated 128 core files for program /home/germann2/BGL-demo/SPaSM_mpi
RAS KERNEL INFO ciod : generated 128 core files for program /home/germann2/BGL-demo/SPaSM_mpi
RAS KERNEL INFO ciod : generated 128 core files for program /home/germann2/BGL-demo/SPaSM_mpi
RAS KERNEL INFO ciod : generated 128 core files for program /home/germann2/BGL-demo/SPaSM_mpi
RAS KERNEL INFO ciod : generated 128 core files for program /home/germann2/BGL-demo/SPaSM_mpi
RAS KERNEL INFO ciod : generated 128 core files for program /home/germann2/BGL-demo/SPaSM_mpi
RAS KERNEL INFO ciod : generated 128 core files for program /home/germann2/BGL-demo/SPaSM_mpi
RAS KERNEL INFO ciod : generated 128 core files for program /home/germann2/BGL-demo/SPaSM_mpi
RAS KERNEL INFO ciod : generated 128 core files for program /home/germann2/BGL-demo/SPaSM_mpi
RAS KERNEL INFO ciod : generated 128 core files for program /home/germann2/BGL-demo/SPaSM_mpi
RAS KERNEL INFO ciod : generated 128 core files for program /home/germann2/BGL-demo/SPaSM_mpi
RAS KERNEL INFO ciod : generated 128 core files for program /home/germann2/BGL-demo/SPaSM_mpi
RAS KERNEL INFO ciod : generated 128 core files for program /home/germann2/BGL-demo/SPaSM_mpi
RAS KERNEL INFO ciod : generated 127 core files for program /home/germann2/BGL-demo/SPaSM_mpi
RAS KERNEL INFO ciod : generated 128 core files for program /home/germann2/BGL-demo/SPaSM_mpi
RAS KERNEL INFO ciod : generated 128 core files for program /home/germann2/BGL-demo/SPaSM_mpi
RAS KERNEL INFO ciod : generated 128 core files for program /home/germann2/BGL-demo/SPaSM_mpi

#summary:#
generated core files for program;

#54#
RAS KERNEL INFO NFS Mount failed on bglio379 , slept 18 seconds , retrying ( 1 )
RAS KERNEL INFO NFS Mount failed on bglio380 , slept 14 seconds , retrying ( 1 )
RAS KERNEL INFO NFS Mount failed on bglio852 , slept 14 seconds , retrying ( 1 )
RAS KERNEL INFO NFS Mount failed on bglio289 , slept 14 seconds , retrying ( 1 )
RAS KERNEL INFO NFS Mount failed on bglio472 , slept 14 seconds , retrying ( 1 )
RAS KERNEL INFO NFS Mount failed on bglio756 , slept 14 seconds , retrying ( 1 )
RAS KERNEL INFO NFS Mount failed on bglio451 , slept 18 seconds , retrying ( 1 )
RAS KERNEL INFO NFS Mount failed on bglio341 , slept 18 seconds , retrying ( 1 )
RAS KERNEL INFO NFS Mount failed on bglio342 , slept 14 seconds , retrying ( 1 )
RAS KERNEL INFO NFS Mount failed on bglio405 , slept 14 seconds , retrying ( 1 )
RAS KERNEL INFO NFS Mount failed on bglio368 , slept 14 seconds , retrying ( 1 )
RAS KERNEL INFO NFS Mount failed on bglio139 , slept 14 seconds , retrying ( 1 )
RAS KERNEL INFO NFS Mount failed on bglio843 , slept 18 seconds , retrying ( 1 )
RAS KERNEL INFO NFS Mount failed on bglio844 , slept 14 seconds , retrying ( 1 )
RAS KERNEL INFO NFS Mount failed on bglio352 , slept 18 seconds , retrying ( 1 )
RAS KERNEL INFO NFS Mount failed on bglio396 , slept 18 seconds , retrying ( 1 )
RAS KERNEL INFO NFS Mount failed on bglio958 , slept 14 seconds , retrying ( 1 )
RAS KERNEL INFO NFS Mount failed on bglio1004 , slept 18 seconds , retrying ( 1 )
RAS KERNEL INFO NFS Mount failed on bglio909 , slept 14 seconds , retrying ( 1 )
RAS KERNEL INFO NFS Mount failed on bglio911 , slept 14 seconds , retrying ( 1 )

#summary:#
NFS Mount failed; slept seconds;

#55#
RAS KERNEL FATAL Lustre mount FAILED : bglio825 : point /p/gb1
RAS KERNEL INFO critical input interrupt ( unit = 0x0b bit = 0x0b ) : warning for torus z- wire
RAS KERNEL INFO suppressing further interrupts of same type
RAS KERNEL INFO critical input interrupt ( unit = 0x0b bit = 0x0a ) : warning for torus z+ wire
RAS KERNEL INFO suppressing further interrupts of same type
RAS KERNEL INFO critical input interrupt ( unit = 0x0b bit = 0x03 ) : warning for torus x- wire
RAS KERNEL INFO suppressing further interrupts of same type
RAS KERNEL INFO ddr : activating redundant bit steering : rank = 0 symbol = 16
RAS KERNEL INFO critical input interrupt ( unit = 0x0b bit = 0x03 ) : warning for torus x- wire
RAS KERNEL INFO suppressing further interrupts of same type
RAS KERNEL INFO ddr : activating redundant bit steering : rank = 0 symbol = 28
RAS KERNEL INFO critical input interrupt ( unit = 0x0b bit = 0x0e ) : warning for tree A0 wire
RAS KERNEL INFO suppressing further interrupts of same type
RAS KERNEL INFO 1 ddr errors ( s ) detected and corrected on rank 0 , symbol 30 , bit 7
RAS KERNEL INFO CE sym 30 , at 0x006f0e80 , mask 0x01
RAS KERNEL INFO total of 1 ddr error ( s ) detected and corrected
RAS KERNEL INFO critical input interrupt ( unit = 0x0b bit = 0x03 ) : warning for torus x- wire
RAS KERNEL INFO suppressing further interrupts of same type
RAS KERNEL FATAL external input interrupt ( unit = 0x02 bit = 0x0e ) : torus sender z- retransmission error was corrected
RAS KERNEL FATAL rts panic! - stopping execution

#summary:#
critical input interrupt; suppressing further interrupts; activating redundant bit steering; stopping execution;

#56#
RAS KERNEL FATAL Lustre mount FAILED : bglio473 : point /p/gb1
RAS KERNEL FATAL Lustre mount FAILED : bglio106 : point /p/gb1
RAS KERNEL FATAL Lustre mount FAILED : bglio650 : point /p/gb1
RAS KERNEL FATAL Lustre mount FAILED : bglio396 : point /p/gb1
RAS KERNEL FATAL Lustre mount FAILED : bglio817 : point /p/gb1
RAS KERNEL FATAL Lustre mount FAILED : bglio359 : point /p/gb1
RAS KERNEL FATAL Lustre mount FAILED : bglio14 : point /p/gb1
RAS KERNEL FATAL Lustre mount FAILED : bglio173 : point /p/gb1
RAS KERNEL FATAL Lustre mount FAILED : bglio240 : point /p/gb1
RAS KERNEL FATAL Lustre mount FAILED : bglio365 : point /p/gb1
RAS KERNEL FATAL Lustre mount FAILED : bglio188 : point /p/gb1
RAS KERNEL FATAL Lustre mount FAILED : bglio827 : point /p/gb1
RAS KERNEL FATAL Lustre mount FAILED : bglio46 : point /p/gb1
RAS KERNEL FATAL Lustre mount FAILED : bglio99 : point /p/gb1
RAS KERNEL FATAL Lustre mount FAILED : bglio474 : point /p/gb1
RAS KERNEL FATAL Lustre mount FAILED : bglio643 : point /p/gb1
RAS KERNEL FATAL Lustre mount FAILED : bglio148 : point /p/gb1
RAS KERNEL FATAL Lustre mount FAILED : bglio467 : point /p/gb1
RAS KERNEL FATAL Lustre mount FAILED : bglio231 : point /p/gb1
RAS KERNEL FATAL Lustre mount FAILED : bglio100 : point /p/gb1

#summary:#
Lustre mount FAILED;

#57#
RAS KERNEL FATAL Lustre mount FAILED : bglio137 : point /p/gb1
RAS KERNEL FATAL Lustre mount FAILED : bglio127 : point /p/gb1
RAS KERNEL FATAL Lustre mount FAILED : bglio48 : point /p/gb1
RAS KERNEL FATAL Lustre mount FAILED : bglio128 : point /p/gb1
RAS KERNEL FATAL Lustre mount FAILED : bglio46 : point /p/gb1
RAS KERNEL FATAL Lustre mount FAILED : bglio117 : point /p/gb1
RAS KERNEL FATAL Lustre mount FAILED : bglio129 : point /p/gb1
RAS KERNEL FATAL Lustre mount FAILED : bglio39 : point /p/gb1
RAS KERNEL FATAL Lustre mount FAILED : bglio130 : point /p/gb1
RAS KERNEL FATAL Lustre mount FAILED : bglio40 : point /p/gb1
RAS KERNEL FATAL Lustre mount FAILED : bglio119 : point /p/gb1
RAS KERNEL FATAL Lustre mount FAILED : bglio131 : point /p/gb1
RAS KERNEL FATAL Lustre mount FAILED : bglio37 : point /p/gb1
RAS KERNEL FATAL Lustre mount FAILED : bglio120 : point /p/gb1
RAS KERNEL FATAL Lustre mount FAILED : bglio132 : point /p/gb1
RAS KERNEL FATAL Lustre mount FAILED : bglio125 : point /p/gb1
RAS KERNEL FATAL Lustre mount FAILED : bglio138 : point /p/gb1
RAS KERNEL FATAL Lustre mount FAILED : bglio179 : point /p/gb1
RAS KERNEL FATAL Lustre mount FAILED : bglio180 : point /p/gb1
RAS KERNEL FATAL Lustre mount FAILED : bglio38 : point /p/gb1

#summary:#
Lustre mount FAILED;

#58#
RAS APP FATAL ciod : Error loading /home/greeno/_dev2/_pasci2/_hyperclaw.mf.rich/run/_jag_work/raptor.dev.new3d.BGL.CXX_XL.MPI.ex : invalid or missing program image , No such file or directory
RAS APP FATAL ciod : Error loading /home/greeno/_dev2/_pasci2/_hyperclaw.mf.rich/run/_jag_work/raptor.dev.new3d.BGL.CXX_XL.MPI.ex : invalid or missing program image , No such file or directory
RAS APP FATAL ciod : Error loading /home/greeno/_dev2/_pasci2/_hyperclaw.mf.rich/run/_jag_work/raptor.dev.new3d.BGL.CXX_XL.MPI.ex : invalid or missing program image , No such file or directory
RAS APP FATAL ciod : Error loading /home/greeno/_dev2/_pasci2/_hyperclaw.mf.rich/run/_jag_work/raptor.dev.new3d.BGL.CXX_XL.MPI.ex : invalid or missing program image , No such file or directory
RAS APP FATAL ciod : Error loading /home/greeno/_dev2/_pasci2/_hyperclaw.mf.rich/run/_jag_work/raptor.dev.new3d.BGL.CXX_XL.MPI.ex : invalid or missing program image , No such file or directory
RAS APP FATAL ciod : Error loading /home/greeno/_dev2/_pasci2/_hyperclaw.mf.rich/run/_jag_work/raptor.dev.new3d.BGL.CXX_XL.MPI.ex : invalid or missing program image , No such file or directory
RAS APP FATAL ciod : Error loading /home/greeno/_dev2/_pasci2/_hyperclaw.mf.rich/run/_jag_work/raptor.dev.new3d.BGL.CXX_XL.MPI.ex : invalid or missing program image , No such file or directory
RAS APP FATAL ciod : Error loading /home/greeno/_dev2/_pasci2/_hyperclaw.mf.rich/run/_jag_work/raptor.dev.new3d.BGL.CXX_XL.MPI.ex : invalid or missing program image , No such file or directory
RAS APP FATAL ciod : Error loading /home/greeno/_dev2/_pasci2/_hyperclaw.mf.rich/run/_jag_work/raptor.dev.new3d.BGL.CXX_XL.MPI.ex : invalid or missing program image , No such file or directory
RAS APP FATAL ciod : Error loading /home/greeno/_dev2/_pasci2/_hyperclaw.mf.rich/run/_jag_work/raptor.dev.new3d.BGL.CXX_XL.MPI.ex : invalid or missing program image , No such file or directory
RAS APP FATAL ciod : Error loading /home/greeno/_dev2/_pasci2/_hyperclaw.mf.rich/run/_jag_work/raptor.dev.new3d.BGL.CXX_XL.MPI.ex : invalid or missing program image , No such file or directory
RAS APP FATAL ciod : Error loading /home/greeno/_dev2/_pasci2/_hyperclaw.mf.rich/run/_jag_work/raptor.dev.new3d.BGL.CXX_XL.MPI.ex : invalid or missing program image , No such file or directory
RAS APP FATAL ciod : Error loading /home/greeno/_dev2/_pasci2/_hyperclaw.mf.rich/run/_jag_work/raptor.dev.new3d.BGL.CXX_XL.MPI.ex : invalid or missing program image , No such file or directory
RAS APP FATAL ciod : Error loading /home/greeno/_dev2/_pasci2/_hyperclaw.mf.rich/run/_jag_work/raptor.dev.new3d.BGL.CXX_XL.MPI.ex : invalid or missing program image , No such file or directory
RAS APP FATAL ciod : Error loading /home/greeno/_dev2/_pasci2/_hyperclaw.mf.rich/run/_jag_work/raptor.dev.new3d.BGL.CXX_XL.MPI.ex : invalid or missing program image , No such file or directory
RAS APP FATAL ciod : Error loading /home/greeno/_dev2/_pasci2/_hyperclaw.mf.rich/run/_jag_work/raptor.dev.new3d.BGL.CXX_XL.MPI.ex : invalid or missing program image , No such file or directory
RAS APP FATAL ciod : Error loading /home/greeno/_dev2/_pasci2/_hyperclaw.mf.rich/run/_jag_work/raptor.dev.new3d.BGL.CXX_XL.MPI.ex : invalid or missing program image , No such file or directory
RAS APP FATAL ciod : Error loading /home/greeno/_dev2/_pasci2/_hyperclaw.mf.rich/run/_jag_work/raptor.dev.new3d.BGL.CXX_XL.MPI.ex : invalid or missing program image , No such file or directory
RAS APP FATAL ciod : Error loading /home/greeno/_dev2/_pasci2/_hyperclaw.mf.rich/run/_jag_work/raptor.dev.new3d.BGL.CXX_XL.MPI.ex : invalid or missing program image , No such file or directory
RAS APP FATAL ciod : Error loading /home/greeno/_dev2/_pasci2/_hyperclaw.mf.rich/run/_jag_work/raptor.dev.new3d.BGL.CXX_XL.MPI.ex : invalid or missing program image , No such file or directory

#summary:#
Error loading; invalid or missing program image;

#59#
RAS KERNEL INFO total of 1 ddr error ( s ) detected and corrected
RAS KERNEL INFO total of 1 ddr error ( s ) detected and corrected
RAS KERNEL INFO CE sym 20 , at 0x1edbb720 , mask 0x40
RAS KERNEL INFO CE sym 35 , at 0x090075e0 , mask 0x80
RAS KERNEL INFO CE sym 9 , at 0x047a0740 , mask 0x04
RAS KERNEL INFO CE sym 14 , at 0x06047860 , mask 0x20
RAS KERNEL INFO CE sym 5 , at 0x05e23580 , mask 0x20
RAS KERNEL INFO CE sym 15 , at 0x05c42680 , mask 0x40
RAS KERNEL INFO CE sym 29 , at 0x03a32fc0 , mask 0x04
RAS KERNEL INFO total of 1 ddr error ( s ) detected and corrected
RAS KERNEL INFO CE sym 10 , at 0x0249e060 , mask 0x04
RAS KERNEL INFO total of 1 ddr error ( s ) detected and corrected
RAS KERNEL INFO total of 1 ddr error ( s ) detected and corrected
RAS KERNEL INFO total of 1 ddr error ( s ) detected and corrected
RAS KERNEL INFO CE sym 26 , at 0x07a95e80 , mask 0x10
RAS KERNEL INFO CE sym 16 , at 0x0456cd40 , mask 0x04
RAS KERNEL INFO total of 1 ddr error ( s ) detected and corrected
RAS KERNEL INFO total of 1 ddr error ( s ) detected and corrected
RAS KERNEL INFO total of 1 ddr error ( s ) detected and corrected
RAS KERNEL INFO CE sym 19 , at 0x02e79e40 , mask 0x02

#summary:#
error detected; error corrected; 

#60#
RAS APP FATAL ciod : Error loading /home/spelce1/HPCC_IBM/TomAndJeff/bin/tested_copro/tested_copro.rts : invalid or missing program image , Permission denied
RAS APP FATAL ciod : Error loading /home/spelce1/HPCC_IBM/TomAndJeff/bin/tested_copro/tested_copro.rts : invalid or missing program image , Permission denied
RAS APP FATAL ciod : Error loading /home/spelce1/HPCC_IBM/TomAndJeff/bin/tested_copro/tested_copro.rts : invalid or missing program image , Permission denied
RAS APP FATAL ciod : Error loading /home/spelce1/HPCC_IBM/TomAndJeff/bin/tested_copro/tested_copro.rts : invalid or missing program image , Permission denied
RAS APP FATAL ciod : Error loading /home/spelce1/HPCC_IBM/TomAndJeff/bin/tested_copro/tested_copro.rts : invalid or missing program image , Permission denied
RAS APP FATAL ciod : Error loading /home/spelce1/HPCC_IBM/TomAndJeff/bin/tested_copro/tested_copro.rts : invalid or missing program image , Permission denied
RAS APP FATAL ciod : Error loading /home/spelce1/HPCC_IBM/TomAndJeff/bin/tested_copro/tested_copro.rts : invalid or missing program image , Permission denied
RAS APP FATAL ciod : Error loading /home/spelce1/HPCC_IBM/TomAndJeff/bin/tested_copro/tested_copro.rts : invalid or missing program image , Permission denied
RAS APP FATAL ciod : Error loading /home/spelce1/HPCC_IBM/TomAndJeff/bin/tested_copro/tested_copro.rts : invalid or missing program image , Permission denied
RAS APP FATAL ciod : Error loading /home/spelce1/HPCC_IBM/TomAndJeff/bin/tested_copro/tested_copro.rts : invalid or missing program image , Permission denied
RAS APP FATAL ciod : Error loading /home/spelce1/HPCC_IBM/TomAndJeff/bin/tested_copro/tested_copro.rts : invalid or missing program image , Permission denied
RAS APP FATAL ciod : Error loading /home/spelce1/HPCC_IBM/TomAndJeff/bin/tested_copro/tested_copro.rts : invalid or missing program image , Permission denied
RAS APP FATAL ciod : Error loading /home/spelce1/HPCC_IBM/TomAndJeff/bin/tested_copro/tested_copro.rts : invalid or missing program image , Permission denied
RAS APP FATAL ciod : Error loading /home/spelce1/HPCC_IBM/TomAndJeff/bin/tested_copro/tested_copro.rts : invalid or missing program image , Permission denied
RAS APP FATAL ciod : Error loading /home/spelce1/HPCC_IBM/TomAndJeff/bin/tested_copro/tested_copro.rts : invalid or missing program image , Permission denied
RAS APP FATAL ciod : Error loading /home/spelce1/HPCC_IBM/TomAndJeff/bin/tested_copro/tested_copro.rts : invalid or missing program image , Permission denied
RAS APP FATAL ciod : Error loading /home/spelce1/HPCC_IBM/TomAndJeff/bin/tested_copro/tested_copro.rts : invalid or missing program image , Permission denied
RAS APP FATAL ciod : Error loading /home/spelce1/HPCC_IBM/TomAndJeff/bin/tested_copro/tested_copro.rts : invalid or missing program image , Permission denied
RAS APP FATAL ciod : Error loading /home/spelce1/HPCC_IBM/TomAndJeff/bin/tested_copro/tested_copro.rts : invalid or missing program image , Permission denied
RAS APP FATAL ciod : Error loading /home/spelce1/HPCC_IBM/TomAndJeff/bin/tested_copro/tested_copro.rts : invalid or missing program image , Permission denied

#summary:#
Error loading; invalid or missing program image;

#61#
RAS MMCS ERROR idoproxydb hit ASSERT condition : ASSERT expression = 0 Source file = idotransportmgr.cpp Source line = 1043 Function = int IdoTransportMgr : : SendPacket ( IdoUdpMgr* , BglCtlPavTrace* )
RAS MMCS ERROR idoproxydb hit ASSERT condition : ASSERT expression = 0 Source file = idotransportmgr.cpp Source line = 1043 Function = int IdoTransportMgr : : SendPacket ( IdoUdpMgr* , BglCtlPavTrace* )
RAS MMCS ERROR idoproxydb hit ASSERT condition : ASSERT expression = 0 Source file = idotransportmgr.cpp Source line = 1043 Function = int IdoTransportMgr : : SendPacket ( IdoUdpMgr* , BglCtlPavTrace* )
RAS MMCS ERROR idoproxydb hit ASSERT condition : ASSERT expression = 0 Source file = idotransportmgr.cpp Source line = 1043 Function = int IdoTransportMgr : : SendPacket ( IdoUdpMgr* , BglCtlPavTrace* )
RAS MMCS ERROR idoproxydb hit ASSERT condition : ASSERT expression = 0 Source file = idotransportmgr.cpp Source line = 1043 Function = int IdoTransportMgr : : SendPacket ( IdoUdpMgr* , BglCtlPavTrace* )
RAS MMCS ERROR idoproxydb hit ASSERT condition : ASSERT expression = 0 Source file = idotransportmgr.cpp Source line = 1043 Function = int IdoTransportMgr : : SendPacket ( IdoUdpMgr* , BglCtlPavTrace* )
RAS MMCS ERROR idoproxydb hit ASSERT condition : ASSERT expression = 0 Source file = idotransportmgr.cpp Source line = 1043 Function = int IdoTransportMgr : : SendPacket ( IdoUdpMgr* , BglCtlPavTrace* )
RAS MMCS ERROR idoproxydb hit ASSERT condition : ASSERT expression = 0 Source file = idotransportmgr.cpp Source line = 1043 Function = int IdoTransportMgr : : SendPacket ( IdoUdpMgr* , BglCtlPavTrace* )
RAS MMCS ERROR idoproxydb hit ASSERT condition : ASSERT expression = 0 Source file = idotransportmgr.cpp Source line = 1043 Function = int IdoTransportMgr : : SendPacket ( IdoUdpMgr* , BglCtlPavTrace* )
RAS MMCS ERROR idoproxydb hit ASSERT condition : ASSERT expression = 0 Source file = idotransportmgr.cpp Source line = 1043 Function = int IdoTransportMgr : : SendPacket ( IdoUdpMgr* , BglCtlPavTrace* )
RAS MMCS ERROR idoproxydb hit ASSERT condition : ASSERT expression = 0 Source file = idotransportmgr.cpp Source line = 1043 Function = int IdoTransportMgr : : SendPacket ( IdoUdpMgr* , BglCtlPavTrace* )
RAS MMCS ERROR idoproxydb hit ASSERT condition : ASSERT expression = 0 Source file = idotransportmgr.cpp Source line = 1043 Function = int IdoTransportMgr : : SendPacket ( IdoUdpMgr* , BglCtlPavTrace* )
RAS MMCS ERROR idoproxydb hit ASSERT condition : ASSERT expression = 0 Source file = idotransportmgr.cpp Source line = 1043 Function = int IdoTransportMgr : : SendPacket ( IdoUdpMgr* , BglCtlPavTrace* )
RAS MMCS ERROR idoproxydb hit ASSERT condition : ASSERT expression = 0 Source file = idotransportmgr.cpp Source line = 1043 Function = int IdoTransportMgr : : SendPacket ( IdoUdpMgr* , BglCtlPavTrace* )
RAS MMCS ERROR idoproxydb hit ASSERT condition : ASSERT expression = 0 Source file = idotransportmgr.cpp Source line = 1043 Function = int IdoTransportMgr : : SendPacket ( IdoUdpMgr* , BglCtlPavTrace* )
RAS MMCS ERROR idoproxydb hit ASSERT condition : ASSERT expression = 0 Source file = idotransportmgr.cpp Source line = 1043 Function = int IdoTransportMgr : : SendPacket ( IdoUdpMgr* , BglCtlPavTrace* )
RAS MMCS ERROR idoproxydb hit ASSERT condition : ASSERT expression = 0 Source file = idotransportmgr.cpp Source line = 1043 Function = int IdoTransportMgr : : SendPacket ( IdoUdpMgr* , BglCtlPavTrace* )
RAS MMCS ERROR idoproxydb hit ASSERT condition : ASSERT expression = 0 Source file = idotransportmgr.cpp Source line = 1043 Function = int IdoTransportMgr : : SendPacket ( IdoUdpMgr* , BglCtlPavTrace* )
RAS MMCS ERROR idoproxydb hit ASSERT condition : ASSERT expression = 0 Source file = idotransportmgr.cpp Source line = 1043 Function = int IdoTransportMgr : : SendPacket ( IdoUdpMgr* , BglCtlPavTrace* )
RAS MMCS ERROR idoproxydb hit ASSERT condition : ASSERT expression = 0 Source file = idotransportmgr.cpp Source line = 1043 Function = int IdoTransportMgr : : SendPacket ( IdoUdpMgr* , BglCtlPavTrace* )

#summary:#
idoproxydb hit ASSERT condition;

#62#
RAS MMCS ERROR idoproxydb hit ASSERT condition : ASSERT expression = 0 Source file = idotransportmgr.cpp Source line = 1043 Function = int IdoTransportMgr : : SendPacket ( IdoUdpMgr* , BglCtlPavTrace* )
RAS MMCS ERROR idoproxydb hit ASSERT condition : ASSERT expression = 0 Source file = idotransportmgr.cpp Source line = 1043 Function = int IdoTransportMgr : : SendPacket ( IdoUdpMgr* , BglCtlPavTrace* )
RAS MMCS ERROR idoproxydb hit ASSERT condition : ASSERT expression = 0 Source file = idotransportmgr.cpp Source line = 1043 Function = int IdoTransportMgr : : SendPacket ( IdoUdpMgr* , BglCtlPavTrace* )
RAS MMCS ERROR idoproxydb hit ASSERT condition : ASSERT expression = 0 Source file = idotransportmgr.cpp Source line = 1043 Function = int IdoTransportMgr : : SendPacket ( IdoUdpMgr* , BglCtlPavTrace* )
RAS MMCS ERROR idoproxydb hit ASSERT condition : ASSERT expression = 0 Source file = idotransportmgr.cpp Source line = 1043 Function = int IdoTransportMgr : : SendPacket ( IdoUdpMgr* , BglCtlPavTrace* )
RAS MMCS ERROR idoproxydb hit ASSERT condition : ASSERT expression = 0 Source file = idotransportmgr.cpp Source line = 1043 Function = int IdoTransportMgr : : SendPacket ( IdoUdpMgr* , BglCtlPavTrace* )
RAS MMCS ERROR idoproxydb hit ASSERT condition : ASSERT expression = 0 Source file = idotransportmgr.cpp Source line = 1043 Function = int IdoTransportMgr : : SendPacket ( IdoUdpMgr* , BglCtlPavTrace* )
RAS MMCS ERROR idoproxydb hit ASSERT condition : ASSERT expression = 0 Source file = idotransportmgr.cpp Source line = 1043 Function = int IdoTransportMgr : : SendPacket ( IdoUdpMgr* , BglCtlPavTrace* )
RAS MMCS ERROR idoproxydb hit ASSERT condition : ASSERT expression = 0 Source file = idotransportmgr.cpp Source line = 1043 Function = int IdoTransportMgr : : SendPacket ( IdoUdpMgr* , BglCtlPavTrace* )
RAS MMCS ERROR idoproxydb hit ASSERT condition : ASSERT expression = 0 Source file = idotransportmgr.cpp Source line = 1043 Function = int IdoTransportMgr : : SendPacket ( IdoUdpMgr* , BglCtlPavTrace* )
RAS MMCS ERROR idoproxydb hit ASSERT condition : ASSERT expression = 0 Source file = idotransportmgr.cpp Source line = 1043 Function = int IdoTransportMgr : : SendPacket ( IdoUdpMgr* , BglCtlPavTrace* )
RAS MMCS ERROR idoproxydb hit ASSERT condition : ASSERT expression = 0 Source file = idotransportmgr.cpp Source line = 1043 Function = int IdoTransportMgr : : SendPacket ( IdoUdpMgr* , BglCtlPavTrace* )
RAS MMCS ERROR idoproxydb hit ASSERT condition : ASSERT expression = 0 Source file = idotransportmgr.cpp Source line = 1043 Function = int IdoTransportMgr : : SendPacket ( IdoUdpMgr* , BglCtlPavTrace* )
RAS MMCS ERROR idoproxydb hit ASSERT condition : ASSERT expression = 0 Source file = idotransportmgr.cpp Source line = 1043 Function = int IdoTransportMgr : : SendPacket ( IdoUdpMgr* , BglCtlPavTrace* )
RAS MMCS ERROR idoproxydb hit ASSERT condition : ASSERT expression = 0 Source file = idotransportmgr.cpp Source line = 1043 Function = int IdoTransportMgr : : SendPacket ( IdoUdpMgr* , BglCtlPavTrace* )
RAS MMCS ERROR idoproxydb hit ASSERT condition : ASSERT expression = 0 Source file = idotransportmgr.cpp Source line = 1043 Function = int IdoTransportMgr : : SendPacket ( IdoUdpMgr* , BglCtlPavTrace* )
RAS MMCS ERROR idoproxydb hit ASSERT condition : ASSERT expression = 0 Source file = idotransportmgr.cpp Source line = 1043 Function = int IdoTransportMgr : : SendPacket ( IdoUdpMgr* , BglCtlPavTrace* )
RAS MMCS ERROR idoproxydb hit ASSERT condition : ASSERT expression = 0 Source file = idotransportmgr.cpp Source line = 1043 Function = int IdoTransportMgr : : SendPacket ( IdoUdpMgr* , BglCtlPavTrace* )
RAS MMCS ERROR idoproxydb hit ASSERT condition : ASSERT expression = 0 Source file = idotransportmgr.cpp Source line = 1043 Function = int IdoTransportMgr : : SendPacket ( IdoUdpMgr* , BglCtlPavTrace* )
RAS MMCS ERROR idoproxydb hit ASSERT condition : ASSERT expression = 0 Source file = idotransportmgr.cpp Source line = 1043 Function = int IdoTransportMgr : : SendPacket ( IdoUdpMgr* , BglCtlPavTrace* )

#summary:#
idoproxydb hit ASSERT condition;

#63#
NULL DISCOVERY INFO Node card VPD check : missing U01 node , VPD ecid 04E38455992FFFFF0C071B9048E4 in processor card slot J19
NULL DISCOVERY INFO Node card VPD check : missing U11 node , VPD ecid 04E38455992FFFFF020C1C204EF0 in processor card slot J19
NULL DISCOVERY INFO Node card VPD check : U01 node in processor card slot J07 do not match. VPD ecid 04D980D7192FFFFF07021B508EDA , found 04CB80D8512FFFFF0E091AA096CF
NULL DISCOVERY INFO Node card VPD check : U11 node in processor card slot J07 do not match. VPD ecid 04D980D7192FFFFF030C1B8096DE , found 04C980E0232FFFFF0D0C1B70A0DF
NULL DISCOVERY INFO Node card VPD check : U01 node in processor card slot J11 do not match. VPD ecid 04C38125C72FFFFF08081B5084DC , found 07630E10912FFFFF0F071B7052DC
NULL DISCOVERY INFO Node card VPD check : U11 node in processor card slot J11 do not match. VPD ecid 04C98125932FFFFF08101B20E0DB , found 07510E11222FFFFF050C1AB08ECD
NULL DISCOVERY INFO Node card VPD check : U01 node in processor card slot J03 do not match. VPD ecid 04C98125932FFFFF06061BA04AE5 , found 04D48457912FFFFF07101B7094DF
NULL DISCOVERY INFO Node card VPD check : U11 node in processor card slot J03 do not match. VPD ecid 04C98125932FFFFF0E0C1B905CE4 , found 04CD84558A2FFFFF0A061AF094D7
NULL DISCOVERY INFO Node card VPD check : U01 node in processor card slot J04 do not match. VPD ecid 074D0D51DE2FFFFF0A0B1BD04EE6 , found 074D0D38132FFFFF0D0D1C4088F6
NULL DISCOVERY INFO Node card VPD check : U11 node in processor card slot J04 do not match. VPD ecid 07460D51142FFFFF080B1BE04CE5 , found 074D0D38132FFFFF0D061CA050FD
NULL DISCOVERY INFO Node card VPD check : U01 node in processor card slot J08 do not match. VPD ecid 04C18087E22FFFFF0E0D1B0092D4 , found 04CD80E0CB2FFFFF07061B4086DB
NULL DISCOVERY INFO Node card VPD check : U11 node in processor card slot J08 do not match. VPD ecid 04D18087802FFFFF0C0E1AB084CF , found 04C680E0D22FFFFF08021B40DEDC
NULL DISCOVERY INFO Node card VPD check : U01 node in processor card slot J05 do not match. VPD ecid 07440E100D2FFFFF08081B404CDB , found 04CF81D5D42FFFFF08071BA044DF
NULL DISCOVERY INFO Node card VPD check : U11 node in processor card slot J05 do not match. VPD ecid 07440E100D2FFFFF0A021BA048E2 , found 04D581D5A12FFFFF070B1BB046E0
NULL DISCOVERY INFO Node card VPD check : U01 node in processor card slot J05 do not match. VPD ecid 07460D51142FFFFF0E051BA04CE0 , found 07550D38DC2FFFFF08021C704AF9
NULL DISCOVERY INFO Node card VPD check : U11 node in processor card slot J05 do not match. VPD ecid 07570D52802FFFFF06061B6046DC , found 07560D385C2FFFFF0C091BF058ED
NULL DISCOVERY INFO Node card VPD check : U01 node in processor card slot J07 do not match. VPD ecid 04D281C25A2FFFFF080D1A2090C3 , found 07551051032FFFFF0E0B1B00CCD9
NULL DISCOVERY INFO Node card VPD check : U11 node in processor card slot J07 do not match. VPD ecid 04D481C4022FFFFF070819A084B7 , found 075D1051202FFFFF06071B309AD9
NULL DISCOVERY INFO Node card VPD check : U01 node in processor card slot J09 do not match. VPD ecid 04DC80D7152FFFFF02081AC0D0CD , found 04C680E0022FFFFF080C1A60D4C8
NULL DISCOVERY INFO Node card VPD check : U11 node in processor card slot J09 do not match. VPD ecid 04D980D7192FFFFF0C0A1AB08ACE , found 04C680E0022FFFFF05051A80D4CC

#summary:#
missing node; card slot do not match;

#64#
RAS APP FATAL ciod : Error loading /home/yates//broadcast.rts : invalid or missing program image , No such file or directory
RAS APP FATAL ciod : Error loading /home/yates//broadcast.rts : invalid or missing program image , No such file or directory
RAS APP FATAL ciod : Error loading /home/yates//broadcast.rts : invalid or missing program image , No such file or directory
RAS APP FATAL ciod : Error loading /home/yates//broadcast.rts : invalid or missing program image , No such file or directory
RAS APP FATAL ciod : Error loading /home/yates//broadcast.rts : invalid or missing program image , No such file or directory
RAS APP FATAL ciod : Error loading /home/yates//broadcast.rts : invalid or missing program image , No such file or directory
RAS APP FATAL ciod : Error loading /home/yates//broadcast.rts : invalid or missing program image , No such file or directory
RAS APP FATAL ciod : Error loading /home/yates//broadcast.rts : invalid or missing program image , No such file or directory
RAS APP FATAL ciod : Error loading /home/yates//broadcast.rts : invalid or missing program image , No such file or directory
RAS APP FATAL ciod : Error loading /home/yates//broadcast.rts : invalid or missing program image , No such file or directory
RAS APP FATAL ciod : Error loading /home/yates//broadcast.rts : invalid or missing program image , No such file or directory
RAS APP FATAL ciod : Error loading /home/yates//broadcast.rts : invalid or missing program image , No such file or directory
RAS APP FATAL ciod : Error loading /home/yates//broadcast.rts : invalid or missing program image , No such file or directory
RAS APP FATAL ciod : Error loading /home/yates//broadcast.rts : invalid or missing program image , No such file or directory
RAS APP FATAL ciod : Error loading /home/yates//broadcast.rts : invalid or missing program image , No such file or directory
RAS APP FATAL ciod : Error loading /home/yates//broadcast.rts : invalid or missing program image , No such file or directory
RAS APP FATAL ciod : Error loading /home/yates//broadcast.rts : invalid or missing program image , No such file or directory
RAS APP FATAL ciod : Error loading /home/yates//broadcast.rts : invalid or missing program image , No such file or directory
RAS APP FATAL ciod : Error loading /home/yates//broadcast.rts : invalid or missing program image , No such file or directory
RAS APP FATAL ciod : Error loading /home/yates//broadcast.rts : invalid or missing program image , No such file or directory

#summary:#
Error loading; invalid or missing program image;

#65#
RAS APP FATAL ciod : LOGIN chdir ( /bgl/apps/SWL/performance/MINIBEN///2005.09.20-18.06.15 ) failed : No such file or directory
RAS APP FATAL ciod : LOGIN chdir ( /bgl/apps/SWL/performance/MINIBEN///2005.09.20-18.06.05 ) failed : No such file or directory
RAS APP FATAL ciod : LOGIN chdir ( /bgl/apps/SWL/performance/MINIBEN///2005.09.20-18.06.15 ) failed : No such file or directory
RAS APP FATAL ciod : LOGIN chdir ( /bgl/apps/SWL/performance/MINIBEN///2005.09.20-18.06.01 ) failed : No such file or directory
RAS APP FATAL ciod : LOGIN chdir ( /bgl/apps/SWL/performance/MINIBEN///2005.09.20-18.06.05 ) failed : No such file or directory
RAS APP FATAL ciod : LOGIN chdir ( /bgl/apps/SWL/performance/MINIBEN///2005.09.20-18.06.15 ) failed : No such file or directory
RAS APP FATAL ciod : LOGIN chdir ( /bgl/apps/SWL/performance/MINIBEN///2005.09.20-18.06.01 ) failed : No such file or directory
RAS APP FATAL ciod : LOGIN chdir ( /bgl/apps/SWL/performance/MINIBEN///2005.09.20-18.06.05 ) failed : No such file or directory
RAS APP FATAL ciod : LOGIN chdir ( /bgl/apps/SWL/performance/MINIBEN///2005.09.20-18.06.01 ) failed : No such file or directory
RAS APP FATAL ciod : LOGIN chdir ( /bgl/apps/SWL/performance/MINIBEN///2005.09.20-18.06.05 ) failed : No such file or directory
RAS APP FATAL ciod : LOGIN chdir ( /bgl/apps/SWL/performance/MINIBEN///2005.09.20-18.06.01 ) failed : No such file or directory
RAS APP FATAL ciod : LOGIN chdir ( /bgl/apps/SWL/performance/MINIBEN///2005.09.20-18.06.05 ) failed : No such file or directory
RAS APP FATAL ciod : LOGIN chdir ( /bgl/apps/SWL/performance/MINIBEN///2005.09.20-18.06.05 ) failed : No such file or directory
RAS APP FATAL ciod : LOGIN chdir ( /bgl/apps/SWL/performance/MINIBEN///2005.09.20-18.06.01 ) failed : No such file or directory
RAS APP FATAL ciod : LOGIN chdir ( /bgl/apps/SWL/performance/MINIBEN///2005.09.20-18.06.05 ) failed : No such file or directory
RAS APP FATAL ciod : LOGIN chdir ( /bgl/apps/SWL/performance/MINIBEN///2005.09.20-18.06.01 ) failed : No such file or directory
RAS APP FATAL ciod : LOGIN chdir ( /bgl/apps/SWL/performance/MINIBEN///2005.09.20-18.06.05 ) failed : No such file or directory
RAS APP FATAL ciod : LOGIN chdir ( /bgl/apps/SWL/performance/MINIBEN///2005.09.20-18.06.01 ) failed : No such file or directory
RAS APP FATAL ciod : LOGIN chdir ( /bgl/apps/SWL/performance/MINIBEN///2005.09.20-18.06.05 ) failed : No such file or directory
RAS APP FATAL ciod : LOGIN chdir ( /bgl/apps/SWL/performance/MINIBEN///2005.09.20-18.06.01 ) failed : No such file or directory

#summary:#
LOGIN chdir failed; 

#66#
RAS KERNEL INFO total of 1 ddr error ( s ) detected and corrected
RAS KERNEL INFO total of 1 ddr error ( s ) detected and corrected
RAS KERNEL INFO total of 1 ddr error ( s ) detected and corrected
RAS KERNEL INFO CE sym 26 , at 0x07a95e80 , mask 0x10
RAS KERNEL INFO CE sym 35 , at 0x0d94da40 , mask 0x02
RAS KERNEL INFO total of 1 ddr error ( s ) detected and corrected
RAS KERNEL INFO total of 1 ddr error ( s ) detected and corrected
RAS KERNEL INFO 1 ddr errors ( s ) detected and corrected on rank 0 , symbol 26 , bit 3
RAS KERNEL INFO 1 ddr errors ( s ) detected and corrected on rank 0 , symbol 35 , bit 6
RAS KERNEL INFO 1 tree receiver 2 in re-synch state event ( s ) ( dcr 0x019a ) detected
RAS KERNEL INFO CE sym 26 , at 0x07a95e80 , mask 0x10
RAS KERNEL INFO CE sym 35 , at 0x0d94da40 , mask 0x02
RAS KERNEL INFO total of 1 ddr error ( s ) detected and corrected
RAS KERNEL INFO total of 1 ddr error ( s ) detected and corrected
RAS KERNEL INFO 1 ddr errors ( s ) detected and corrected on rank 0 , symbol 35 , bit 6
RAS KERNEL INFO CE sym 35 , at 0x0d94da40 , mask 0x02
RAS KERNEL INFO total of 1 ddr error ( s ) detected and corrected
RAS KERNEL INFO 1 ddr errors ( s ) detected and corrected on rank 0 , symbol 35 , bit 6
RAS KERNEL INFO CE sym 35 , at 0x0d94da40 , mask 0x02
RAS KERNEL INFO total of 1 ddr error ( s ) detected and corrected

#summary:#
error detected; error corrected; 

#67#
RAS KERNEL INFO critical input interrupt ( unit = 0x0b bit = 0x02 ) : warning for torus x+ wire
RAS KERNEL INFO suppressing further interrupts of same type
RAS KERNEL INFO critical input interrupt ( unit = 0x0b bit = 0x17 ) : warning for tree C1 wire
RAS KERNEL INFO suppressing further interrupts of same type
RAS KERNEL INFO critical input interrupt ( unit = 0x0b bit = 0x17 ) : warning for tree C1 wire
RAS KERNEL INFO suppressing further interrupts of same type
RAS KERNEL INFO critical input interrupt ( unit = 0x0b bit = 0x0b ) : warning for torus z- wire
RAS KERNEL INFO suppressing further interrupts of same type
RAS KERNEL INFO critical input interrupt ( unit = 0x0b bit = 0x06 ) : warning for torus y+ wire
RAS KERNEL INFO suppressing further interrupts of same type
RAS KERNEL INFO critical input interrupt ( unit = 0x0b bit = 0x0e ) : warning for tree A0 wire
RAS KERNEL INFO critical input interrupt ( unit = 0x0b bit = 0x0f ) : warning for tree A1 wire
RAS KERNEL INFO suppressing further interrupts of same type
RAS KERNEL INFO suppressing further interrupts of same type
RAS KERNEL INFO instruction cache parity error corrected
RAS KERNEL INFO critical input interrupt ( unit = 0x0b bit = 0x0b ) : warning for torus z- wire
RAS KERNEL INFO suppressing further interrupts of same type
RAS KERNEL INFO critical input interrupt ( unit = 0x0b bit = 0x07 ) : warning for torus y- wire
RAS KERNEL INFO suppressing further interrupts of same type
RAS KERNEL INFO critical input interrupt ( unit = 0x0b bit = 0x0f ) : warning for tree A1 wire

#summary:#
suppressing further interrupts; critical input interrupt;

#68#
RAS APP FATAL ciod : Error reading message prefix after LOAD_MESSAGE on CioStream socket to 172.16.96.116 : 49984 : Link has been severed
RAS APP FATAL ciod : Error reading message prefix after LOAD_MESSAGE on CioStream socket to 172.16.96.116 : 49797 : Link has been severed
RAS APP FATAL ciod : Error reading message prefix after LOAD_MESSAGE on CioStream socket to 172.16.96.116 : 49987 : Link has been severed
RAS APP FATAL ciod : Error reading message prefix after LOAD_MESSAGE on CioStream socket to 172.16.96.116 : 49988 : Link has been severed
RAS APP FATAL ciod : Error reading message prefix after LOAD_MESSAGE on CioStream socket to 172.16.96.116 : 50174 : Link has been severed
RAS APP FATAL ciod : Error reading message prefix after LOAD_MESSAGE on CioStream socket to 172.16.96.116 : 50175 : Link has been severed
RAS KERNEL FATAL critical input interrupt enable...0
RAS KERNEL INFO critical input interrupt ( unit = 0x0b bit = 0x12 ) : warning for tree B0 wire
RAS KERNEL INFO suppressing further interrupts of same type
RAS KERNEL INFO critical input interrupt ( unit = 0x0b bit = 0x17 ) : warning for tree C1 wire
RAS KERNEL INFO critical input interrupt ( unit = 0x0b bit = 0x12 ) : warning for tree B0 wire
RAS KERNEL INFO suppressing further interrupts of same type
RAS KERNEL INFO suppressing further interrupts of same type
RAS KERNEL INFO critical input interrupt ( unit = 0x0b bit = 0x06 ) : warning for torus y+ wire
RAS KERNEL INFO suppressing further interrupts of same type
RAS KERNEL INFO critical input interrupt ( unit = 0x0b bit = 0x02 ) : warning for torus x+ wire
RAS KERNEL INFO suppressing further interrupts of same type
RAS KERNEL INFO critical input interrupt ( unit = 0x0b bit = 0x0a ) : warning for torus z+ wire
RAS KERNEL INFO suppressing further interrupts of same type
RAS KERNEL INFO critical input interrupt ( unit = 0x0b bit = 0x02 ) : warning for torus x+ wire

#summary:#
Error reading message prefix; critical input interrupt; suppressing further interrupts;

#69#
RAS APP FATAL ciod : Error loading /home/spelce1/HPCC_IBM/Urgent/Gunnels/VNM64/vnm.rts : invalid or missing program image , Permission denied
RAS APP FATAL ciod : Error loading /home/spelce1/HPCC_IBM/Urgent/Gunnels/VNM64/vnm.rts : invalid or missing program image , Permission denied
RAS APP FATAL ciod : Error loading /home/spelce1/HPCC_IBM/Urgent/Gunnels/VNM64/vnm.rts : invalid or missing program image , Permission denied
RAS APP FATAL ciod : Error loading /home/spelce1/HPCC_IBM/Urgent/Gunnels/VNM64/vnm.rts : invalid or missing program image , Permission denied
RAS APP FATAL ciod : Error loading /home/spelce1/HPCC_IBM/Urgent/Gunnels/VNM64/vnm.rts : invalid or missing program image , Permission denied
RAS APP FATAL ciod : Error loading /home/spelce1/HPCC_IBM/Urgent/Gunnels/VNM64/vnm.rts : invalid or missing program image , Permission denied
RAS APP FATAL ciod : Error loading /home/spelce1/HPCC_IBM/Urgent/Gunnels/VNM64/vnm.rts : invalid or missing program image , Permission denied
RAS APP FATAL ciod : Error loading /home/spelce1/HPCC_IBM/Urgent/Gunnels/VNM64/vnm.rts : invalid or missing program image , Permission denied
RAS APP FATAL ciod : Error loading /home/spelce1/HPCC_IBM/Urgent/Gunnels/VNM64/vnm.rts : invalid or missing program image , Permission denied
RAS APP FATAL ciod : Error loading /home/spelce1/HPCC_IBM/Urgent/Gunnels/VNM64/vnm.rts : invalid or missing program image , Permission denied
RAS APP FATAL ciod : Error loading /home/spelce1/HPCC_IBM/Urgent/Gunnels/VNM64/vnm.rts : invalid or missing program image , Permission denied
RAS APP FATAL ciod : Error loading /home/spelce1/HPCC_IBM/Urgent/Gunnels/VNM64/vnm.rts : invalid or missing program image , Permission denied
RAS APP FATAL ciod : Error loading /home/spelce1/HPCC_IBM/Urgent/Gunnels/VNM64/vnm.rts : invalid or missing program image , Permission denied
RAS APP FATAL ciod : Error loading /home/spelce1/HPCC_IBM/Urgent/Gunnels/VNM64/vnm.rts : invalid or missing program image , Permission denied
RAS APP FATAL ciod : Error loading /home/spelce1/HPCC_IBM/Urgent/Gunnels/VNM64/vnm.rts : invalid or missing program image , Permission denied
RAS APP FATAL ciod : Error loading /home/spelce1/HPCC_IBM/Urgent/Gunnels/VNM64/vnm.rts : invalid or missing program image , Permission denied
RAS APP FATAL ciod : Error loading /home/spelce1/HPCC_IBM/Urgent/Gunnels/VNM64/vnm.rts : invalid or missing program image , Permission denied
RAS APP FATAL ciod : Error loading /home/spelce1/HPCC_IBM/Urgent/Gunnels/VNM64/vnm.rts : invalid or missing program image , Permission denied
RAS APP FATAL ciod : Error loading /home/spelce1/HPCC_IBM/Urgent/Gunnels/VNM64/vnm.rts : invalid or missing program image , Permission denied
RAS APP FATAL ciod : Error loading /home/spelce1/HPCC_IBM/Urgent/Gunnels/VNM64/vnm.rts : invalid or missing program image , Permission denied

#summary:#
Error loading; invalid or missing program image;

#70#
RAS KERNEL INFO ciod : generated 2 core files for program /home/spelce1/HPCC_IBM/Urgent/VNM/32K/vnm.rts
RAS KERNEL INFO ciod : generated 128 core files for program /home/spelce1/HPCC_IBM/Urgent/VNM/32K/vnm.rts
RAS KERNEL INFO ciod : generated 4 core files for program /home/spelce1/HPCC_IBM/Urgent/VNM/32K/vnm.rts
RAS KERNEL INFO ciod : generated 128 core files for program /home/spelce1/HPCC_IBM/Urgent/VNM/32K/vnm.rts
RAS KERNEL INFO ciod : generated 128 core files for program /home/spelce1/HPCC_IBM/Urgent/VNM/32K/vnm.rts
RAS KERNEL INFO ciod : generated 2 core files for program /home/spelce1/HPCC_IBM/Urgent/VNM/32K/vnm.rts
RAS KERNEL INFO ciod : generated 2 core files for program /home/spelce1/HPCC_IBM/Urgent/VNM/32K/vnm.rts
RAS KERNEL INFO ciod : generated 128 core files for program /home/spelce1/HPCC_IBM/Urgent/VNM/32K/vnm.rts
RAS KERNEL INFO ciod : generated 2 core files for program /home/spelce1/HPCC_IBM/Urgent/VNM/32K/vnm.rts
RAS KERNEL INFO ciod : generated 128 core files for program /home/spelce1/HPCC_IBM/Urgent/VNM/32K/vnm.rts
RAS KERNEL INFO ciod : generated 3 core files for program /home/spelce1/HPCC_IBM/Urgent/VNM/32K/vnm.rts
RAS KERNEL INFO ciod : generated 128 core files for program /home/spelce1/HPCC_IBM/Urgent/VNM/32K/vnm.rts
RAS KERNEL INFO ciod : generated 128 core files for program /home/spelce1/HPCC_IBM/Urgent/VNM/32K/vnm.rts
RAS KERNEL INFO ciod : generated 2 core files for program /home/spelce1/HPCC_IBM/Urgent/VNM/32K/vnm.rts
RAS KERNEL INFO ciod : generated 2 core files for program /home/spelce1/HPCC_IBM/Urgent/VNM/32K/vnm.rts
RAS KERNEL INFO ciod : generated 128 core files for program /home/spelce1/HPCC_IBM/Urgent/VNM/32K/vnm.rts
RAS KERNEL INFO ciod : generated 1 core files for program /home/spelce1/HPCC_IBM/Urgent/VNM/32K/vnm.rts
RAS KERNEL INFO ciod : generated 128 core files for program /home/spelce1/HPCC_IBM/Urgent/VNM/32K/vnm.rts
RAS KERNEL INFO ciod : generated 128 core files for program /home/spelce1/HPCC_IBM/Urgent/VNM/32K/vnm.rts
RAS KERNEL INFO ciod : generated 1 core files for program /home/spelce1/HPCC_IBM/Urgent/VNM/32K/vnm.rts

#summary:#
generated core files for program;

#71#
RAS APP FATAL ciod : Error loading /home/spelce1/HPCC_IBM/Urgent/VNM/64K/vnm.rts : invalid or missing program image , Permission denied
RAS APP FATAL ciod : Error loading /home/spelce1/HPCC_IBM/Urgent/VNM/64K/vnm.rts : invalid or missing program image , Permission denied
RAS APP FATAL ciod : Error loading /home/spelce1/HPCC_IBM/Urgent/VNM/64K/vnm.rts : invalid or missing program image , Permission denied
RAS KERNEL INFO 1 ddr errors ( s ) detected and corrected on rank 0 , symbol 26 , bit 3
RAS KERNEL INFO 1 ddr errors ( s ) detected and corrected on rank 0 , symbol 26 , bit 3
RAS KERNEL INFO 1 ddr errors ( s ) detected and corrected on rank 0 , symbol 12 , bit 7
RAS KERNEL INFO 1 L3 directory error ( s ) ( dcr 0x0152 ) detected and corrected
RAS KERNEL INFO 1 L3 directory error ( s ) ( dcr 0x0152 ) detected and corrected
RAS KERNEL INFO CE sym 26 , at 0x07a95e80 , mask 0x10
RAS KERNEL INFO CE sym 12 , at 0x1682ed20 , mask 0x01
RAS KERNEL INFO 4 ddr errors ( s ) detected and corrected on rank 0 , symbol 22 , bit 7
RAS KERNEL INFO 1 ddr errors ( s ) detected and corrected on rank 0 , symbol 4 , bit 1
RAS KERNEL INFO 1 ddr errors ( s ) detected and corrected on rank 0 , symbol 9 , bit 6
RAS KERNEL INFO 4 ddr errors ( s ) detected and corrected on rank 0 , symbol 22 , bit 7
RAS KERNEL INFO 1 ddr errors ( s ) detected and corrected on rank 0 , symbol 4 , bit 1
RAS KERNEL INFO 1 ddr errors ( s ) detected and corrected on rank 0 , symbol 23 , bit 3
RAS KERNEL INFO CE sym 9 , at 0x05ae8720 , mask 0x02
RAS KERNEL INFO 1 ddr errors ( s ) detected and corrected on rank 0 , symbol 8 , bit 7
RAS KERNEL INFO 3 ddr errors ( s ) detected and corrected on rank 0 , symbol 4 , bit 2
RAS KERNEL INFO 2 ddr errors ( s ) detected and corrected on rank 0 , symbol 9 , bit 3

#summary:#
Error loading; invalid or missing program image; errors detected; errors corrected;

#72#
RAS KERNEL INFO ciod : generated 64 core files for program /home/spelce1/HPCC_IBM/Urgent/COP/FFTW_OPT/cop.rts
RAS KERNEL INFO ciod : generated 64 core files for program /home/spelce1/HPCC_IBM/Urgent/COP/FFTW_OPT/cop.rts
RAS KERNEL INFO ciod : generated 64 core files for program /home/spelce1/HPCC_IBM/Urgent/COP/FFTW_OPT/cop.rts
RAS KERNEL INFO ciod : generated 64 core files for program /home/spelce1/HPCC_IBM/Urgent/COP/FFTW_OPT/cop.rts
RAS KERNEL INFO ciod : generated 62 core files for program /home/spelce1/HPCC_IBM/Urgent/COP/FFTW_OPT/cop.rts
RAS KERNEL INFO ciod : generated 62 core files for program /home/spelce1/HPCC_IBM/Urgent/COP/FFTW_OPT/cop.rts
RAS KERNEL INFO ciod : generated 64 core files for program /home/spelce1/HPCC_IBM/Urgent/COP/FFTW_OPT/cop.rts
RAS KERNEL INFO ciod : generated 64 core files for program /home/spelce1/HPCC_IBM/Urgent/COP/FFTW_OPT/cop.rts
RAS KERNEL INFO ciod : generated 60 core files for program /home/spelce1/HPCC_IBM/Urgent/COP/FFTW_OPT/cop.rts
RAS KERNEL INFO ciod : generated 63 core files for program /home/spelce1/HPCC_IBM/Urgent/COP/FFTW_OPT/cop.rts
RAS KERNEL INFO ciod : generated 61 core files for program /home/spelce1/HPCC_IBM/Urgent/COP/FFTW_OPT/cop.rts
RAS KERNEL INFO ciod : generated 62 core files for program /home/spelce1/HPCC_IBM/Urgent/COP/FFTW_OPT/cop.rts
RAS KERNEL INFO ciod : generated 63 core files for program /home/spelce1/HPCC_IBM/Urgent/COP/FFTW_OPT/cop.rts
RAS KERNEL INFO ciod : generated 62 core files for program /home/spelce1/HPCC_IBM/Urgent/COP/FFTW_OPT/cop.rts
RAS KERNEL INFO ciod : generated 60 core files for program /home/spelce1/HPCC_IBM/Urgent/COP/FFTW_OPT/cop.rts
RAS KERNEL INFO ciod : generated 61 core files for program /home/spelce1/HPCC_IBM/Urgent/COP/FFTW_OPT/cop.rts
RAS KERNEL INFO ciod : generated 62 core files for program /home/spelce1/HPCC_IBM/Urgent/COP/FFTW_OPT/cop.rts
RAS KERNEL INFO ciod : generated 56 core files for program /home/spelce1/HPCC_IBM/Urgent/COP/FFTW_OPT/cop.rts
RAS KERNEL INFO ciod : generated 56 core files for program /home/spelce1/HPCC_IBM/Urgent/COP/FFTW_OPT/cop.rts
RAS KERNEL INFO ciod : generated 55 core files for program /home/spelce1/HPCC_IBM/Urgent/COP/FFTW_OPT/cop.rts

#summary:#
generated core files for program;

#73#
RAS APP FATAL ciod : Error reading message prefix after LOAD_MESSAGE on CioStream socket to 172.16.96.116 : 58093 : Link has been severed
RAS APP FATAL ciod : Error reading message prefix after LOAD_MESSAGE on CioStream socket to 172.16.96.116 : 58094 : Link has been severed
RAS APP FATAL ciod : Error reading message prefix after LOAD_MESSAGE on CioStream socket to 172.16.96.116 : 57383 : Link has been severed
RAS APP FATAL ciod : Error reading message prefix after LOAD_MESSAGE on CioStream socket to 172.16.96.116 : 57384 : Link has been severed
RAS APP FATAL ciod : Error reading message prefix after LOAD_MESSAGE on CioStream socket to 172.16.96.116 : 58155 : Link has been severed
RAS APP FATAL ciod : Error reading message prefix after LOAD_MESSAGE on CioStream socket to 172.16.96.116 : 58156 : Link has been severed
RAS APP FATAL ciod : Error reading message prefix after LOAD_MESSAGE on CioStream socket to 172.16.96.116 : 58151 : Link has been severed
RAS APP FATAL ciod : Error reading message prefix after LOAD_MESSAGE on CioStream socket to 172.16.96.116 : 58152 : Link has been severed
RAS APP FATAL ciod : Error reading message prefix after LOAD_MESSAGE on CioStream socket to 172.16.96.116 : 57389 : Link has been severed
RAS APP FATAL ciod : Error reading message prefix after LOAD_MESSAGE on CioStream socket to 172.16.96.116 : 57390 : Link has been severed
RAS APP FATAL ciod : Error reading message prefix after LOAD_MESSAGE on CioStream socket to 172.16.96.116 : 57385 : Link has been severed
RAS APP FATAL ciod : Error reading message prefix after LOAD_MESSAGE on CioStream socket to 172.16.96.116 : 57386 : Link has been severed
RAS APP FATAL ciod : Error reading message prefix after LOAD_MESSAGE on CioStream socket to 172.16.96.116 : 57533 : Link has been severed
RAS APP FATAL ciod : Error reading message prefix after LOAD_MESSAGE on CioStream socket to 172.16.96.116 : 57534 : Link has been severed
RAS APP FATAL ciod : Error reading message prefix after LOAD_MESSAGE on CioStream socket to 172.16.96.116 : 58159 : Link has been severed
RAS APP FATAL ciod : Error reading message prefix after LOAD_MESSAGE on CioStream socket to 172.16.96.116 : 58160 : Link has been severed
RAS APP FATAL ciod : Error reading message prefix after LOAD_MESSAGE on CioStream socket to 172.16.96.116 : 57577 : Link has been severed
RAS APP FATAL ciod : Error reading message prefix after LOAD_MESSAGE on CioStream socket to 172.16.96.116 : 57578 : Link has been severed
RAS APP FATAL ciod : Error reading message prefix after LOAD_MESSAGE on CioStream socket to 172.16.96.116 : 58299 : Link has been severed
RAS APP FATAL ciod : Error reading message prefix after LOAD_MESSAGE on CioStream socket to 172.16.96.116 : 58300 : Link has been severed

#summary:#
Error reading message prefix;

#74#
RAS APP FATAL ciod : Error loading /bgl/apps/followup/RAPTOR/raptor.254.noprint : invalid or missing program image , Permission denied
RAS APP FATAL ciod : Error loading /bgl/apps/followup/RAPTOR/raptor.254.noprint : invalid or missing program image , Permission denied
RAS APP FATAL ciod : Error loading /bgl/apps/followup/RAPTOR/raptor.254.noprint : invalid or missing program image , Permission denied
RAS APP FATAL ciod : Error loading /bgl/apps/followup/RAPTOR/raptor.254.noprint : invalid or missing program image , Permission denied
RAS APP FATAL ciod : Error loading /bgl/apps/followup/RAPTOR/raptor.254.noprint : invalid or missing program image , Permission denied
RAS APP FATAL ciod : Error loading /bgl/apps/followup/RAPTOR/raptor.254.noprint : invalid or missing program image , Permission denied
RAS APP FATAL ciod : Error loading /bgl/apps/followup/RAPTOR/raptor.254.noprint : invalid or missing program image , Permission denied
RAS APP FATAL ciod : Error loading /bgl/apps/followup/RAPTOR/raptor.254.noprint : invalid or missing program image , Permission denied
RAS APP FATAL ciod : Error loading /bgl/apps/followup/RAPTOR/raptor.254.noprint : invalid or missing program image , Permission denied
RAS APP FATAL ciod : Error loading /bgl/apps/followup/RAPTOR/raptor.254.noprint : invalid or missing program image , Permission denied
RAS APP FATAL ciod : Error loading /bgl/apps/followup/RAPTOR/raptor.254.noprint : invalid or missing program image , Permission denied
RAS APP FATAL ciod : Error loading /bgl/apps/followup/RAPTOR/raptor.254.noprint : invalid or missing program image , Permission denied
RAS APP FATAL ciod : Error loading /bgl/apps/followup/RAPTOR/raptor.254.noprint : invalid or missing program image , Permission denied
RAS APP FATAL ciod : Error loading /bgl/apps/followup/RAPTOR/raptor.254.noprint : invalid or missing program image , Permission denied
RAS APP FATAL ciod : Error loading /bgl/apps/followup/RAPTOR/raptor.254.noprint : invalid or missing program image , Permission denied
RAS APP FATAL ciod : Error loading /bgl/apps/followup/RAPTOR/raptor.254.noprint : invalid or missing program image , Permission denied
RAS APP FATAL ciod : Error loading /bgl/apps/followup/RAPTOR/raptor.254.noprint : invalid or missing program image , Permission denied
RAS APP FATAL ciod : Error loading /bgl/apps/followup/RAPTOR/raptor.254.noprint : invalid or missing program image , Permission denied
RAS APP FATAL ciod : Error loading /bgl/apps/followup/RAPTOR/raptor.254.noprint : invalid or missing program image , Permission denied
RAS APP FATAL ciod : Error loading /bgl/apps/followup/RAPTOR/raptor.254.noprint : invalid or missing program image , Permission denied

#summary:#
Error loading; invalid or missing program image;

#75#
RAS KERNEL INFO critical input interrupt ( unit = 0x0b bit = 0x06 ) : warning for torus y+ wire
RAS KERNEL INFO suppressing further interrupts of same type
RAS KERNEL INFO critical input interrupt ( unit = 0x0b bit = 0x0f ) : warning for tree A1 wire
RAS KERNEL INFO suppressing further interrupts of same type
RAS KERNEL INFO critical input interrupt ( unit = 0x0b bit = 0x07 ) : warning for torus y- wire
RAS KERNEL INFO suppressing further interrupts of same type
RAS KERNEL INFO critical input interrupt ( unit = 0x0b bit = 0x06 ) : warning for torus y+ wire
RAS KERNEL INFO suppressing further interrupts of same type
RAS KERNEL INFO critical input interrupt ( unit = 0x0b bit = 0x07 ) : warning for torus y- wire
RAS KERNEL INFO suppressing further interrupts of same type
RAS KERNEL INFO critical input interrupt ( unit = 0x0b bit = 0x17 ) : warning for tree C1 wire
RAS KERNEL INFO suppressing further interrupts of same type
RAS KERNEL INFO critical input interrupt ( unit = 0x0b bit = 0x0e ) : warning for tree A0 wire
RAS KERNEL INFO suppressing further interrupts of same type
RAS KERNEL INFO critical input interrupt ( unit = 0x0b bit = 0x13 ) : warning for tree B1 wire
RAS KERNEL INFO suppressing further interrupts of same type
RAS KERNEL INFO critical input interrupt ( unit = 0x0b bit = 0x17 ) : warning for tree C1 wire
RAS KERNEL INFO suppressing further interrupts of same type
RAS KERNEL INFO critical input interrupt ( unit = 0x0b bit = 0x0f ) : warning for tree A1 wire
RAS KERNEL INFO suppressing further interrupts of same type

#summary:#
critical input interrupt; suppressing further interrupts;

#76#
RAS KERNEL FATAL rts : kernel terminated for reason 1004
RAS KERNEL FATAL rts : kernel terminated for reason 1004
RAS KERNEL FATAL rts : kernel terminated for reason 1004
RAS KERNEL FATAL rts : kernel terminated for reason 1004
RAS KERNEL FATAL rts : kernel terminated for reason 1004
RAS KERNEL FATAL rts : kernel terminated for reason 1004
RAS KERNEL FATAL rts : kernel terminated for reason 1004
RAS KERNEL FATAL rts : kernel terminated for reason 1004
RAS KERNEL FATAL rts : kernel terminated for reason 1004
RAS KERNEL FATAL rts : kernel terminated for reason 1004
RAS KERNEL FATAL rts : kernel terminated for reason 1004
RAS KERNEL FATAL rts : kernel terminated for reason 1004
RAS KERNEL FATAL rts : kernel terminated for reason 1004
RAS KERNEL FATAL rts : kernel terminated for reason 1004
RAS KERNEL FATAL rts : kernel terminated for reason 1004
RAS KERNEL FATAL rts : kernel terminated for reason 1004
RAS KERNEL FATAL rts : kernel terminated for reason 1004
RAS KERNEL FATAL rts : kernel terminated for reason 1004
RAS KERNEL FATAL rts : kernel terminated for reason 1004
RAS KERNEL FATAL rts : kernel terminated for reason 1004

#summary:#
kernel terminated for reason;

#77#
NULL DISCOVERY SEVERE Can not get assembly information for node card
NULL DISCOVERY ERROR Node card status : no ALERTs are active. Clock Mode is Low. Clock Select is Midplane. Phy JTAG Reset is asserted. ASIC JTAG Reset is asserted. Temperature Mask is not active. No temperature error. Temperature Limit Error Latch is clear. PGOOD IS NOT ASSERTED. PGOOD ERROR LATCH IS ACTIVE. MPGOOD IS NOT OK. MPGOOD ERROR LATCH IS ACTIVE. The 2.5 volt rail is OK. The 1.5 volt rail is OK.
NULL DISCOVERY WARNING Node card is not fully functional
NULL DISCOVERY WARNING Node card is not fully functional
NULL DISCOVERY WARNING Node card is not fully functional
NULL DISCOVERY WARNING Node card is not fully functional
NULL DISCOVERY SEVERE Can not get assembly information for node card
NULL DISCOVERY SEVERE Can not get assembly information for node card
NULL DISCOVERY SEVERE Can not get assembly information for node card
NULL DISCOVERY ERROR Node card status : no ALERTs are active. Clock Mode is Low. Clock Select is Midplane. Phy JTAG Reset is asserted. ASIC JTAG Reset is asserted. Temperature Mask is not active. No temperature error. Temperature Limit Error Latch is clear. PGOOD IS NOT ASSERTED. PGOOD ERROR LATCH IS ACTIVE. MPGOOD IS NOT OK. MPGOOD ERROR LATCH IS ACTIVE. The 2.5 volt rail is OK. The 1.5 volt rail is OK.
NULL DISCOVERY SEVERE Can not get assembly information for node card
NULL DISCOVERY ERROR Node card status : no ALERTs are active. Clock Mode is Low. Clock Select is Midplane. Phy JTAG Reset is asserted. ASIC JTAG Reset is asserted. Temperature Mask is not active. No temperature error. Temperature Limit Error Latch is clear. PGOOD IS NOT ASSERTED. PGOOD ERROR LATCH IS ACTIVE. MPGOOD IS NOT OK. MPGOOD ERROR LATCH IS ACTIVE. The 2.5 volt rail is OK. The 1.5 volt rail is OK.
NULL DISCOVERY ERROR Node card status : no ALERTs are active. Clock Mode is Low. Clock Select is Midplane. Phy JTAG Reset is asserted. ASIC JTAG Reset is asserted. Temperature Mask is not active. No temperature error. Temperature Limit Error Latch is clear. PGOOD IS NOT ASSERTED. PGOOD ERROR LATCH IS ACTIVE. MPGOOD IS NOT OK. MPGOOD ERROR LATCH IS ACTIVE. The 2.5 volt rail is OK. The 1.5 volt rail is OK.
NULL DISCOVERY ERROR Node card status : no ALERTs are active. Clock Mode is Low. Clock Select is Midplane. Phy JTAG Reset is asserted. ASIC JTAG Reset is asserted. Temperature Mask is not active. No temperature error. Temperature Limit Error Latch is clear. PGOOD IS NOT ASSERTED. PGOOD ERROR LATCH IS ACTIVE. MPGOOD IS NOT OK. MPGOOD ERROR LATCH IS ACTIVE. The 2.5 volt rail is OK. The 1.5 volt rail is OK.
NULL DISCOVERY WARNING Node card is not fully functional
NULL DISCOVERY WARNING Node card is not fully functional
NULL DISCOVERY WARNING Node card is not fully functional
NULL DISCOVERY WARNING Node card is not fully functional
NULL DISCOVERY WARNING Node card is not fully functional
NULL DISCOVERY WARNING Node card is not fully functional

#summary:#
Can not get assembly information; Node card is not fully functional; Can not get assembly information; no ALERTs are active; Clock Mode is Low; Clock Select is Midplane; Phy JTAG Reset is asserted; ASIC JTAG Reset is asserted; Temperature Mask is not active; No temperature error; Temperature Limit Error Latch is clear; PGOOD IS NOT ASSERTED; PGOOD ERROR LATCH IS ACTIVE; MPGOOD IS NOT OK; MPGOOD ERROR LATCH IS ACTIVE;

#78#
RAS KERNEL INFO 1 torus receiver y+ input pipe error ( s ) ( dcr 0x02ee ) detected and corrected over 43 seconds
RAS KERNEL INFO 699897 torus sender y+ retransmission error ( s ) ( dcr 0x02f6 ) detected and corrected over 46 seconds
RAS KERNEL INFO 1 torus receiver y+ input pipe error ( s ) ( dcr 0x02ee ) detected and corrected over 43 seconds
RAS KERNEL INFO 732795 torus sender y+ retransmission error ( s ) ( dcr 0x02f6 ) detected and corrected over 46 seconds
RAS KERNEL INFO 1 torus receiver y+ input pipe error ( s ) ( dcr 0x02ee ) detected and corrected over 43 seconds
RAS KERNEL INFO 767144 torus sender y+ retransmission error ( s ) ( dcr 0x02f6 ) detected and corrected over 46 seconds
RAS KERNEL INFO 1 torus receiver y+ input pipe error ( s ) ( dcr 0x02ee ) detected and corrected over 43 seconds
RAS KERNEL INFO 799348 torus sender y+ retransmission error ( s ) ( dcr 0x02f6 ) detected and corrected over 47 seconds
RAS KERNEL INFO 1 torus receiver y+ input pipe error ( s ) ( dcr 0x02ee ) detected and corrected over 43 seconds
RAS KERNEL INFO 832247 torus sender y+ retransmission error ( s ) ( dcr 0x02f6 ) detected and corrected over 47 seconds
RAS KERNEL INFO 1 torus receiver y+ input pipe error ( s ) ( dcr 0x02ee ) detected and corrected over 43 seconds
RAS KERNEL INFO 865877 torus sender y+ retransmission error ( s ) ( dcr 0x02f6 ) detected and corrected over 47 seconds
RAS KERNEL INFO 1 torus receiver y+ input pipe error ( s ) ( dcr 0x02ee ) detected and corrected over 43 seconds
RAS KERNEL INFO 909355 torus sender y+ retransmission error ( s ) ( dcr 0x02f6 ) detected and corrected over 48 seconds
RAS KERNEL INFO 1 torus receiver y+ input pipe error ( s ) ( dcr 0x02ee ) detected and corrected over 43 seconds
RAS KERNEL INFO 945060 torus sender y+ retransmission error ( s ) ( dcr 0x02f6 ) detected and corrected over 48 seconds
RAS KERNEL INFO 1 torus receiver y+ input pipe error ( s ) ( dcr 0x02ee ) detected and corrected over 43 seconds
RAS KERNEL INFO 979372 torus sender y+ retransmission error ( s ) ( dcr 0x02f6 ) detected and corrected over 48 seconds
RAS KERNEL INFO 1 torus receiver y+ input pipe error ( s ) ( dcr 0x02ee ) detected and corrected over 43 seconds
RAS KERNEL INFO 1012642 torus sender y+ retransmission error ( s ) ( dcr 0x02f6 ) detected and corrected over 48 seconds

#summary:#
error detected; error corrected;

#79#
RAS KERNEL INFO 1146800 double-hummer alignment exceptions
RAS KERNEL INFO 1146800 double-hummer alignment exceptions
RAS KERNEL INFO 1146800 double-hummer alignment exceptions
RAS KERNEL INFO 1146800 double-hummer alignment exceptions
RAS KERNEL INFO 1146800 double-hummer alignment exceptions
RAS KERNEL INFO 1146800 double-hummer alignment exceptions
RAS KERNEL INFO 1146800 double-hummer alignment exceptions
RAS KERNEL INFO 1146800 double-hummer alignment exceptions
RAS KERNEL INFO 1146800 double-hummer alignment exceptions
RAS KERNEL INFO 1146800 double-hummer alignment exceptions
RAS KERNEL INFO 1146800 double-hummer alignment exceptions
RAS KERNEL INFO 1146800 double-hummer alignment exceptions
RAS KERNEL INFO 1146800 double-hummer alignment exceptions
RAS KERNEL INFO 1311300 double-hummer alignment exceptions
RAS KERNEL INFO 1311300 double-hummer alignment exceptions
RAS KERNEL INFO 1311300 double-hummer alignment exceptions
RAS KERNEL INFO 1311300 double-hummer alignment exceptions
RAS KERNEL INFO 1311300 double-hummer alignment exceptions
RAS KERNEL INFO 1311300 double-hummer alignment exceptions
RAS KERNEL INFO 1146800 double-hummer alignment exceptions

#summary:#
double-hummer alignment exceptions;

#80#
RAS KERNEL INFO ciod : Received signal 15 , code = 0 , errno = 0 , address = 0x000001b0
RAS KERNEL INFO ciod : Received signal 15 , code = 0 , errno = 0 , address = 0x000001b0
RAS KERNEL INFO ciod : Received signal 15 , code = 0 , errno = 0 , address = 0x000001b0
RAS KERNEL INFO ciod : Received signal 15 , code = 0 , errno = 0 , address = 0x000001b0
RAS KERNEL INFO ciod : Received signal 15 , code = 0 , errno = 0 , address = 0x000001b0
RAS KERNEL INFO ciod : Received signal 15 , code = 0 , errno = 0 , address = 0x000001b0
RAS KERNEL INFO ciod : Received signal 15 , code = 0 , errno = 0 , address = 0x000001b0
RAS KERNEL INFO ciod : Received signal 15 , code = 0 , errno = 0 , address = 0x000001b0
RAS KERNEL INFO ciod : Received signal 15 , code = 0 , errno = 0 , address = 0x000001b0
RAS KERNEL INFO ciod : Received signal 15 , code = 0 , errno = 0 , address = 0x000001b0
RAS KERNEL INFO ciod : Received signal 15 , code = 0 , errno = 0 , address = 0x000001b0
RAS KERNEL INFO ciod : Received signal 15 , code = 0 , errno = 0 , address = 0x000001b0
RAS KERNEL INFO ciod : Received signal 15 , code = 0 , errno = 0 , address = 0x000001b0
RAS KERNEL INFO ciod : Received signal 15 , code = 0 , errno = 0 , address = 0x000001b0
RAS KERNEL INFO ciod : Received signal 15 , code = 0 , errno = 0 , address = 0x000001b0
RAS KERNEL INFO ciod : Received signal 15 , code = 0 , errno = 0 , address = 0x000001b0
RAS KERNEL INFO ciod : Received signal 15 , code = 0 , errno = 0 , address = 0x000001b0
RAS KERNEL INFO ciod : Received signal 15 , code = 0 , errno = 0 , address = 0x000001b0
RAS KERNEL INFO ciod : Received signal 15 , code = 0 , errno = 0 , address = 0x000001b0
RAS KERNEL INFO ciod : Received signal 15 , code = 0 , errno = 0 , address = 0x000001b0

#summary:#
Received signal;

#81#
RAS KERNEL INFO ciod : generated 128 core files for program /g/g90/glosli/src/ddcMD/ddcMD1.1.18a/bin/ddcMDbglV
RAS KERNEL INFO ciod : generated 128 core files for program /g/g90/glosli/src/ddcMD/ddcMD1.1.18a/bin/ddcMDbglV
RAS KERNEL INFO ciod : generated 128 core files for program /g/g90/glosli/src/ddcMD/ddcMD1.1.18a/bin/ddcMDbglV
RAS KERNEL INFO ciod : generated 128 core files for program /g/g90/glosli/src/ddcMD/ddcMD1.1.18a/bin/ddcMDbglV
RAS KERNEL INFO ciod : generated 128 core files for program /g/g90/glosli/src/ddcMD/ddcMD1.1.18a/bin/ddcMDbglV
RAS KERNEL INFO ciod : generated 128 core files for program /g/g90/glosli/src/ddcMD/ddcMD1.1.18a/bin/ddcMDbglV
RAS KERNEL INFO ciod : generated 128 core files for program /g/g90/glosli/src/ddcMD/ddcMD1.1.18a/bin/ddcMDbglV
RAS KERNEL INFO ciod : generated 128 core files for program /g/g90/glosli/src/ddcMD/ddcMD1.1.18a/bin/ddcMDbglV
RAS KERNEL INFO ciod : generated 128 core files for program /g/g90/glosli/src/ddcMD/ddcMD1.1.18a/bin/ddcMDbglV
RAS KERNEL INFO ciod : generated 128 core files for program /g/g90/glosli/src/ddcMD/ddcMD1.1.18a/bin/ddcMDbglV
RAS KERNEL INFO ciod : generated 128 core files for program /g/g90/glosli/src/ddcMD/ddcMD1.1.18a/bin/ddcMDbglV
RAS KERNEL INFO ciod : generated 128 core files for program /g/g90/glosli/src/ddcMD/ddcMD1.1.18a/bin/ddcMDbglV
RAS KERNEL INFO ciod : generated 128 core files for program /g/g90/glosli/src/ddcMD/ddcMD1.1.18a/bin/ddcMDbglV
RAS KERNEL INFO ciod : generated 128 core files for program /g/g90/glosli/src/ddcMD/ddcMD1.1.18a/bin/ddcMDbglV
RAS KERNEL INFO ciod : generated 128 core files for program /g/g90/glosli/src/ddcMD/ddcMD1.1.18a/bin/ddcMDbglV
RAS KERNEL INFO ciod : generated 128 core files for program /g/g90/glosli/src/ddcMD/ddcMD1.1.18a/bin/ddcMDbglV
RAS KERNEL INFO ciod : generated 128 core files for program /g/g90/glosli/src/ddcMD/ddcMD1.1.18a/bin/ddcMDbglV
RAS KERNEL INFO ciod : generated 128 core files for program /g/g90/glosli/src/ddcMD/ddcMD1.1.18a/bin/ddcMDbglV
RAS KERNEL INFO ciod : generated 128 core files for program /g/g90/glosli/src/ddcMD/ddcMD1.1.18a/bin/ddcMDbglV
RAS KERNEL INFO ciod : generated 128 core files for program /g/g90/glosli/src/ddcMD/ddcMD1.1.18a/bin/ddcMDbglV

#summary:#
generated core files for program;

#82#
RAS KERNEL INFO ciod : Received signal 15 , code = 0 , errno = 0 , address = 0x000001f5
RAS APP FATAL ciod : Error reading message prefix on CioStream socket to 172.16.96.116 : 47024 , Link has been severed
RAS KERNEL INFO ciod : Received signal 15 , code = 0 , errno = 0 , address = 0x000001f2
RAS APP FATAL ciod : Error reading message prefix on CioStream socket to 172.16.96.116 : 47023 , Link has been severed
RAS KERNEL INFO ciod : Received signal 15 , code = 0 , errno = 0 , address = 0x000001f5
RAS APP FATAL ciod : Error reading message prefix on CioStream socket to 172.16.96.116 : 47296 , Link has been severed
RAS KERNEL INFO ciod : Received signal 15 , code = 0 , errno = 0 , address = 0x000001f2
RAS APP FATAL ciod : Error reading message prefix on CioStream socket to 172.16.96.116 : 47295 , Link has been severed
RAS KERNEL INFO ciod : Received signal 15 , code = 0 , errno = 0 , address = 0x000001f7
RAS APP FATAL ciod : Error reading message prefix on CioStream socket to 172.16.96.116 : 47034 , Link has been severed
RAS APP FATAL ciod : Error reading message prefix on CioStream socket to 172.16.96.116 : 47033 , Link has been severed
RAS APP FATAL ciod : Error reading message prefix on CioStream socket to 172.16.96.116 : 47294 , Link has been severed
RAS APP FATAL ciod : Error reading message prefix on CioStream socket to 172.16.96.116 : 47293 , Link has been severed
RAS KERNEL INFO ciod : Received signal 15 , code = 0 , errno = 0 , address = 0x000001f2
RAS APP FATAL ciod : Error reading message prefix on CioStream socket to 172.16.96.116 : 47302 , Link has been severed
RAS KERNEL INFO ciod : Received signal 15 , code = 0 , errno = 0 , address = 0x000001f2
RAS APP FATAL ciod : Error reading message prefix on CioStream socket to 172.16.96.116 : 47301 , Link has been severed
RAS APP FATAL ciod : Error reading message prefix on CioStream socket to 172.16.96.116 : 47106 , Link has been severed
RAS KERNEL INFO ciod : Received signal 15 , code = 0 , errno = 0 , address = 0x000001f5
RAS APP FATAL ciod : Error reading message prefix on CioStream socket to 172.16.96.116 : 47105 , Link has been severed

#summary:#
Received signal; Error reading message prefix;

#83#
RAS KERNEL INFO 0 microseconds spent in the rbs signal handler during 0 calls. 0 microseconds was the maximum time for a single instance of a correctable ddr.
RAS KERNEL INFO 0 microseconds spent in the rbs signal handler during 0 calls. 0 microseconds was the maximum time for a single instance of a correctable ddr.
RAS KERNEL INFO 10692 total interrupts. 0 critical input interrupts. 0 microseconds total spent on critical input interrupts , 0 microseconds max time in a critical input interrupt.
RAS KERNEL INFO 10726 total interrupts. 0 critical input interrupts. 0 microseconds total spent on critical input interrupts , 0 microseconds max time in a critical input interrupt.
RAS KERNEL INFO 0 microseconds spent in the rbs signal handler during 0 calls. 0 microseconds was the maximum time for a single instance of a correctable ddr.
RAS KERNEL INFO 10684 total interrupts. 0 critical input interrupts. 0 microseconds total spent on critical input interrupts , 0 microseconds max time in a critical input interrupt.
RAS KERNEL INFO 10698 total interrupts. 0 critical input interrupts. 0 microseconds total spent on critical input interrupts , 0 microseconds max time in a critical input interrupt.
RAS KERNEL INFO 10734 total interrupts. 0 critical input interrupts. 0 microseconds total spent on critical input interrupts , 0 microseconds max time in a critical input interrupt.
RAS KERNEL INFO 10710 total interrupts. 0 critical input interrupts. 0 microseconds total spent on critical input interrupts , 0 microseconds max time in a critical input interrupt.
RAS KERNEL INFO 10730 total interrupts. 0 critical input interrupts. 0 microseconds total spent on critical input interrupts , 0 microseconds max time in a critical input interrupt.
RAS KERNEL INFO 0 microseconds spent in the rbs signal handler during 0 calls. 0 microseconds was the maximum time for a single instance of a correctable ddr.
RAS KERNEL INFO 10692 total interrupts. 0 critical input interrupts. 0 microseconds total spent on critical input interrupts , 0 microseconds max time in a critical input interrupt.
RAS KERNEL INFO 10606 total interrupts. 0 critical input interrupts. 0 microseconds total spent on critical input interrupts , 0 microseconds max time in a critical input interrupt.
RAS KERNEL INFO 0 microseconds spent in the rbs signal handler during 0 calls. 0 microseconds was the maximum time for a single instance of a correctable ddr.
RAS KERNEL INFO 10722 total interrupts. 0 critical input interrupts. 0 microseconds total spent on critical input interrupts , 0 microseconds max time in a critical input interrupt.
RAS KERNEL INFO 0 microseconds spent in the rbs signal handler during 0 calls. 0 microseconds was the maximum time for a single instance of a correctable ddr.
RAS KERNEL INFO 0 microseconds spent in the rbs signal handler during 0 calls. 0 microseconds was the maximum time for a single instance of a correctable ddr.
RAS KERNEL INFO 0 microseconds spent in the rbs signal handler during 0 calls. 0 microseconds was the maximum time for a single instance of a correctable ddr.
RAS KERNEL INFO 0 microseconds spent in the rbs signal handler during 0 calls. 0 microseconds was the maximum time for a single instance of a correctable ddr.
RAS KERNEL INFO 10732 total interrupts. 0 critical input interrupts. 0 microseconds total spent on critical input interrupts , 0 microseconds max time in a critical input interrupt.

#summary:#
microseconds spent in the rbs signal handler; critical input interrupts;

#84#
RAS KERNEL INFO 0 microseconds spent in the rbs signal handler during 0 calls. 0 microseconds was the maximum time for a single instance of a correctable ddr.
RAS KERNEL INFO 0 microseconds spent in the rbs signal handler during 0 calls. 0 microseconds was the maximum time for a single instance of a correctable ddr.
RAS KERNEL INFO 10734 total interrupts. 0 critical input interrupts. 0 microseconds total spent on critical input interrupts , 0 microseconds max time in a critical input interrupt.
RAS KERNEL INFO 10738 total interrupts. 0 critical input interrupts. 0 microseconds total spent on critical input interrupts , 0 microseconds max time in a critical input interrupt.
RAS KERNEL INFO 10702 total interrupts. 0 critical input interrupts. 0 microseconds total spent on critical input interrupts , 0 microseconds max time in a critical input interrupt.
RAS KERNEL INFO 10702 total interrupts. 0 critical input interrupts. 0 microseconds total spent on critical input interrupts , 0 microseconds max time in a critical input interrupt.
RAS KERNEL INFO 10646 total interrupts. 0 critical input interrupts. 0 microseconds total spent on critical input interrupts , 0 microseconds max time in a critical input interrupt.
RAS KERNEL INFO 10712 total interrupts. 0 critical input interrupts. 0 microseconds total spent on critical input interrupts , 0 microseconds max time in a critical input interrupt.
RAS KERNEL INFO 0 microseconds spent in the rbs signal handler during 0 calls. 0 microseconds was the maximum time for a single instance of a correctable ddr.
RAS KERNEL INFO 10706 total interrupts. 0 critical input interrupts. 0 microseconds total spent on critical input interrupts , 0 microseconds max time in a critical input interrupt.
RAS KERNEL INFO 10727 total interrupts. 0 critical input interrupts. 0 microseconds total spent on critical input interrupts , 0 microseconds max time in a critical input interrupt.
RAS KERNEL INFO 0 microseconds spent in the rbs signal handler during 0 calls. 0 microseconds was the maximum time for a single instance of a correctable ddr.
RAS KERNEL INFO 0 microseconds spent in the rbs signal handler during 0 calls. 0 microseconds was the maximum time for a single instance of a correctable ddr.
RAS KERNEL INFO 0 microseconds spent in the rbs signal handler during 0 calls. 0 microseconds was the maximum time for a single instance of a correctable ddr.
RAS KERNEL INFO 0 microseconds spent in the rbs signal handler during 0 calls. 0 microseconds was the maximum time for a single instance of a correctable ddr.
RAS KERNEL INFO 10662 total interrupts. 0 critical input interrupts. 0 microseconds total spent on critical input interrupts , 0 microseconds max time in a critical input interrupt.
RAS KERNEL INFO 10644 total interrupts. 0 critical input interrupts. 0 microseconds total spent on critical input interrupts , 0 microseconds max time in a critical input interrupt.
RAS KERNEL INFO 0 microseconds spent in the rbs signal handler during 0 calls. 0 microseconds was the maximum time for a single instance of a correctable ddr.
RAS KERNEL INFO 10714 total interrupts. 0 critical input interrupts. 0 microseconds total spent on critical input interrupts , 0 microseconds max time in a critical input interrupt.
RAS KERNEL INFO 0 microseconds spent in the rbs signal handler during 0 calls. 0 microseconds was the maximum time for a single instance of a correctable ddr.

#summary:#
microseconds spent in the rbs signal handler; critical input interrupts;

#85#
RAS KERNEL INFO 0 microseconds spent in the rbs signal handler during 0 calls. 0 microseconds was the maximum time for a single instance of a correctable ddr.
RAS KERNEL INFO 10654 total interrupts. 0 critical input interrupts. 0 microseconds total spent on critical input interrupts , 0 microseconds max time in a critical input interrupt.
RAS KERNEL INFO 10740 total interrupts. 0 critical input interrupts. 0 microseconds total spent on critical input interrupts , 0 microseconds max time in a critical input interrupt.
RAS KERNEL INFO 0 microseconds spent in the rbs signal handler during 0 calls. 0 microseconds was the maximum time for a single instance of a correctable ddr.
RAS KERNEL INFO 0 microseconds spent in the rbs signal handler during 0 calls. 0 microseconds was the maximum time for a single instance of a correctable ddr.
RAS KERNEL INFO 0 microseconds spent in the rbs signal handler during 0 calls. 0 microseconds was the maximum time for a single instance of a correctable ddr.
RAS KERNEL INFO 10678 total interrupts. 0 critical input interrupts. 0 microseconds total spent on critical input interrupts , 0 microseconds max time in a critical input interrupt.
RAS KERNEL INFO 10715 total interrupts. 0 critical input interrupts. 0 microseconds total spent on critical input interrupts , 0 microseconds max time in a critical input interrupt.
RAS KERNEL INFO 0 microseconds spent in the rbs signal handler during 0 calls. 0 microseconds was the maximum time for a single instance of a correctable ddr.
RAS KERNEL INFO 0 microseconds spent in the rbs signal handler during 0 calls. 0 microseconds was the maximum time for a single instance of a correctable ddr.
RAS KERNEL INFO 10716 total interrupts. 0 critical input interrupts. 0 microseconds total spent on critical input interrupts , 0 microseconds max time in a critical input interrupt.
RAS KERNEL INFO 0 microseconds spent in the rbs signal handler during 0 calls. 0 microseconds was the maximum time for a single instance of a correctable ddr.
RAS KERNEL INFO 0 microseconds spent in the rbs signal handler during 0 calls. 0 microseconds was the maximum time for a single instance of a correctable ddr.
RAS KERNEL INFO 0 microseconds spent in the rbs signal handler during 0 calls. 0 microseconds was the maximum time for a single instance of a correctable ddr.
RAS KERNEL INFO 0 microseconds spent in the rbs signal handler during 0 calls. 0 microseconds was the maximum time for a single instance of a correctable ddr.
RAS KERNEL INFO 0 microseconds spent in the rbs signal handler during 0 calls. 0 microseconds was the maximum time for a single instance of a correctable ddr.
RAS KERNEL INFO 0 microseconds spent in the rbs signal handler during 0 calls. 0 microseconds was the maximum time for a single instance of a correctable ddr.
RAS KERNEL INFO 10620 total interrupts. 0 critical input interrupts. 0 microseconds total spent on critical input interrupts , 0 microseconds max time in a critical input interrupt.
RAS KERNEL INFO 10668 total interrupts. 0 critical input interrupts. 0 microseconds total spent on critical input interrupts , 0 microseconds max time in a critical input interrupt.
RAS KERNEL INFO 10606 total interrupts. 0 critical input interrupts. 0 microseconds total spent on critical input interrupts , 0 microseconds max time in a critical input interrupt.

#summary:#
microseconds spent in the rbs signal handler; critical input interrupts;

#86#
RAS KERNEL INFO 0 microseconds spent in the rbs signal handler during 0 calls. 0 microseconds was the maximum time for a single instance of a correctable ddr.
RAS KERNEL INFO 751 total interrupts. 0 critical input interrupts. 0 microseconds total spent on critical input interrupts , 0 microseconds max time in a critical input interrupt.
RAS KERNEL INFO 3686 total interrupts. 0 critical input interrupts. 0 microseconds total spent on critical input interrupts , 0 microseconds max time in a critical input interrupt.
RAS KERNEL INFO 0 microseconds spent in the rbs signal handler during 0 calls. 0 microseconds was the maximum time for a single instance of a correctable ddr.
RAS KERNEL INFO 0 microseconds spent in the rbs signal handler during 0 calls. 0 microseconds was the maximum time for a single instance of a correctable ddr.
RAS KERNEL INFO 3686 total interrupts. 0 critical input interrupts. 0 microseconds total spent on critical input interrupts , 0 microseconds max time in a critical input interrupt.
RAS KERNEL INFO 751 total interrupts. 0 critical input interrupts. 0 microseconds total spent on critical input interrupts , 0 microseconds max time in a critical input interrupt.
RAS KERNEL INFO 0 microseconds spent in the rbs signal handler during 0 calls. 0 microseconds was the maximum time for a single instance of a correctable ddr.
RAS KERNEL INFO 0 microseconds spent in the rbs signal handler during 0 calls. 0 microseconds was the maximum time for a single instance of a correctable ddr.
RAS KERNEL INFO 751 total interrupts. 0 critical input interrupts. 0 microseconds total spent on critical input interrupts , 0 microseconds max time in a critical input interrupt.
RAS KERNEL INFO 3686 total interrupts. 0 critical input interrupts. 0 microseconds total spent on critical input interrupts , 0 microseconds max time in a critical input interrupt.
RAS KERNEL INFO 0 microseconds spent in the rbs signal handler during 0 calls. 0 microseconds was the maximum time for a single instance of a correctable ddr.
RAS KERNEL INFO 0 microseconds spent in the rbs signal handler during 0 calls. 0 microseconds was the maximum time for a single instance of a correctable ddr.
RAS KERNEL INFO 751 total interrupts. 0 critical input interrupts. 0 microseconds total spent on critical input interrupts , 0 microseconds max time in a critical input interrupt.
RAS KERNEL INFO 3686 total interrupts. 0 critical input interrupts. 0 microseconds total spent on critical input interrupts , 0 microseconds max time in a critical input interrupt.
RAS KERNEL INFO 0 microseconds spent in the rbs signal handler during 0 calls. 0 microseconds was the maximum time for a single instance of a correctable ddr.
RAS KERNEL INFO 0 microseconds spent in the rbs signal handler during 0 calls. 0 microseconds was the maximum time for a single instance of a correctable ddr.
RAS KERNEL INFO 751 total interrupts. 0 critical input interrupts. 0 microseconds total spent on critical input interrupts , 0 microseconds max time in a critical input interrupt.
RAS KERNEL INFO 3686 total interrupts. 0 critical input interrupts. 0 microseconds total spent on critical input interrupts , 0 microseconds max time in a critical input interrupt.
RAS KERNEL INFO 0 microseconds spent in the rbs signal handler during 0 calls. 0 microseconds was the maximum time for a single instance of a correctable ddr.

#summary:#
microseconds spent in the rbs signal handler; critical input interrupts;

#87#
RAS KERNEL INFO Kernel detected 41359969 integer alignment exceptions ( 41359962 ) iar 0x0023f108 , dear 0x1feaa260 ( 41359963 ) iar 0x00265564 , dear 0x1feaa1c0 ( 41359964 ) iar 0x00265574 , dear 0x1feaa1e0 ( 41359965 ) iar 0x00265578 , dear 0x1feaa200 ( 41359966 ) iar 0x00265588 , dear 0x1feaa220 ( 41359967 ) iar 0x0026558c , dear 0x1feaa240 ( 41359968 ) iar 0x00265594 , dear 0x1feaa260 ( 41359969 ) iar 0x00265598 , dear 0x1feaa280
RAS KERNEL INFO Kernel detected 22674569 integer alignment exceptions ( 22674562 ) iar 0x00265594 , dear 0x1feaa260 ( 22674563 ) iar 0x00265598 , dear 0x1feaa280 ( 22674564 ) iar 0x0023f0e0 , dear 0x1feaa1e0 ( 22674565 ) iar 0x0023f0e8 , dear 0x1feaa200 ( 22674566 ) iar 0x0023f0f0 , dear 0x1feaa220 ( 22674567 ) iar 0x0023f0f8 , dear 0x1feaa240 ( 22674568 ) iar 0x0023f100 , dear 0x1feaa260 ( 22674569 ) iar 0x0023f108 , dear 0x1feaa280
RAS KERNEL INFO Kernel detected 51619380 integer alignment exceptions ( 51619373 ) iar 0x0023f014 , dear 0x009c00c0 ( 51619374 ) iar 0x0023f01c , dear 0x009c00e0 ( 51619375 ) iar 0x0023f0e0 , dear 0x1feaa1e0 ( 51619376 ) iar 0x0023f0e8 , dear 0x1feaa200 ( 51619377 ) iar 0x0023f0f0 , dear 0x1feaa220 ( 51619378 ) iar 0x0023f0f8 , dear 0x1feaa240 ( 51619379 ) iar 0x0023f100 , dear 0x1feaa260 ( 51619380 ) iar 0x0023f108 , dear 0x1feaa280
RAS KERNEL INFO Kernel detected 41558151 integer alignment exceptions ( 41558144 ) iar 0x0023f108 , dear 0x1feaa260 ( 41558145 ) iar 0x00265564 , dear 0x1feaa1c0 ( 41558146 ) iar 0x00265574 , dear 0x1feaa1e0 ( 41558147 ) iar 0x00265578 , dear 0x1feaa200 ( 41558148 ) iar 0x00265588 , dear 0x1feaa220 ( 41558149 ) iar 0x0026558c , dear 0x1feaa240 ( 41558150 ) iar 0x00265594 , dear 0x1feaa260 ( 41558151 ) iar 0x00265598 , dear 0x1feaa280
RAS KERNEL INFO Kernel detected 40503235 integer alignment exceptions ( 40503228 ) iar 0x0023f100 , dear 0x009c0ce0 ( 40503229 ) iar 0x0023f108 , dear 0x009c0d00 ( 40503230 ) iar 0x0023f0e0 , dear 0x1feaa1e0 ( 40503231 ) iar 0x0023f0e8 , dear 0x1feaa200 ( 40503232 ) iar 0x0023f0f0 , dear 0x1feaa220 ( 40503233 ) iar 0x0023f0f8 , dear 0x1feaa240 ( 40503234 ) iar 0x0023f100 , dear 0x1feaa260 ( 40503235 ) iar 0x0023f108 , dear 0x1feaa280
RAS KERNEL INFO Kernel detected 21079516 integer alignment exceptions ( 21079509 ) iar 0x0023f108 , dear 0x1feaa280 ( 21079510 ) iar 0x0023efec , dear 0x00a5c820 ( 21079511 ) iar 0x0023eff4 , dear 0x00a5c840 ( 21079512 ) iar 0x0023effc , dear 0x00a5c860 ( 21079513 ) iar 0x0023f004 , dear 0x00a5c880 ( 21079514 ) iar 0x0023f00c , dear 0x00a5c8a0 ( 21079515 ) iar 0x0023f014 , dear 0x00a5c8c0 ( 21079516 ) iar 0x0023f01c , dear 0x00a5c8e0
RAS KERNEL INFO Kernel detected 44380406 integer alignment exceptions ( 44380399 ) iar 0x0023f108 , dear 0x009c1c00 ( 44380400 ) iar 0x00265564 , dear 0x1feaa1c0 ( 44380401 ) iar 0x00265574 , dear 0x1feaa1e0 ( 44380402 ) iar 0x00265578 , dear 0x1feaa200 ( 44380403 ) iar 0x00265588 , dear 0x1feaa220 ( 44380404 ) iar 0x0026558c , dear 0x1feaa240 ( 44380405 ) iar 0x00265594 , dear 0x1feaa260 ( 44380406 ) iar 0x00265598 , dear 0x1feaa280
RAS KERNEL INFO Kernel detected 25142106 integer alignment exceptions ( 25142099 ) iar 0x0023f108 , dear 0x1feaa280 ( 25142100 ) iar 0x0023efec , dear 0x00a5c640 ( 25142101 ) iar 0x0023eff4 , dear 0x00a5c660 ( 25142102 ) iar 0x0023effc , dear 0x00a5c680 ( 25142103 ) iar 0x0023f004 , dear 0x00a5c6a0 ( 25142104 ) iar 0x0023f00c , dear 0x00a5c6c0 ( 25142105 ) iar 0x0023f014 , dear 0x00a5c6e0 ( 25142106 ) iar 0x0023f01c , dear 0x00a5c700
RAS KERNEL INFO Kernel detected 19072323 integer alignment exceptions ( 19072316 ) iar 0x0022bb50 , dear 0x00a5d680 ( 19072317 ) iar 0x00265564 , dear 0x1feaa1c0 ( 19072318 ) iar 0x00265574 , dear 0x1feaa1e0 ( 19072319 ) iar 0x00265578 , dear 0x1feaa200 ( 19072320 ) iar 0x00265588 , dear 0x1feaa220 ( 19072321 ) iar 0x0026558c , dear 0x1feaa240 ( 19072322 ) iar 0x00265594 , dear 0x1feaa260 ( 19072323 ) iar 0x00265598 , dear 0x1feaa280
RAS KERNEL INFO Kernel detected 39620394 integer alignment exceptions ( 39620387 ) iar 0x00265598 , dear 0x1feaa280 ( 39620388 ) iar 0x00265564 , dear 0x1feaa1c0 ( 39620389 ) iar 0x00265574 , dear 0x1feaa1e0 ( 39620390 ) iar 0x00265578 , dear 0x1feaa200 ( 39620391 ) iar 0x00265588 , dear 0x1feaa220 ( 39620392 ) iar 0x0026558c , dear 0x1feaa240 ( 39620393 ) iar 0x00265594 , dear 0x1feaa260 ( 39620394 ) iar 0x00265598 , dear 0x1feaa280
RAS KERNEL INFO Kernel detected 20909452 integer alignment exceptions ( 20909445 ) iar 0x0023f01c , dear 0x0098d1e0 ( 20909446 ) iar 0x00265564 , dear 0x1feaa1c0 ( 20909447 ) iar 0x00265574 , dear 0x1feaa1e0 ( 20909448 ) iar 0x00265578 , dear 0x1feaa200 ( 20909449 ) iar 0x00265588 , dear 0x1feaa220 ( 20909450 ) iar 0x0026558c , dear 0x1feaa240 ( 20909451 ) iar 0x00265594 , dear 0x1feaa260 ( 20909452 ) iar 0x00265598 , dear 0x1feaa280
RAS KERNEL INFO Kernel detected 23529834 integer alignment exceptions ( 23529827 ) iar 0x0022bb50 , dear 0x0098d1a0 ( 23529828 ) iar 0x00265564 , dear 0x1feaa1c0 ( 23529829 ) iar 0x00265574 , dear 0x1feaa1e0 ( 23529830 ) iar 0x00265578 , dear 0x1feaa200 ( 23529831 ) iar 0x00265588 , dear 0x1feaa220 ( 23529832 ) iar 0x0026558c , dear 0x1feaa240 ( 23529833 ) iar 0x00265594 , dear 0x1feaa260 ( 23529834 ) iar 0x00265598 , dear 0x1feaa280
RAS KERNEL INFO Kernel detected 45426945 integer alignment exceptions ( 45426938 ) iar 0x0022bb08 , dear 0x009c19a0 ( 45426939 ) iar 0x0022bb18 , dear 0x009c19c0 ( 45426940 ) iar 0x0022bb08 , dear 0x009c19e0 ( 45426941 ) iar 0x0022bb18 , dear 0x009c1a00 ( 45426942 ) iar 0x0022bb40 , dear 0x009c1a20 ( 45426943 ) iar 0x0022bb50 , dear 0x009c1a40 ( 45426944 ) iar 0x0022bb40 , dear 0x009c1a60 ( 45426945 ) iar 0x0022bb50 , dear 0x009c1a80
RAS KERNEL INFO Kernel detected 51445260 integer alignment exceptions ( 51445253 ) iar 0x0022bb50 , dear 0x009c19c0 ( 51445254 ) iar 0x00265564 , dear 0x1feaa1c0 ( 51445255 ) iar 0x00265574 , dear 0x1feaa1e0 ( 51445256 ) iar 0x00265578 , dear 0x1feaa200 ( 51445257 ) iar 0x00265588 , dear 0x1feaa220 ( 51445258 ) iar 0x0026558c , dear 0x1feaa240 ( 51445259 ) iar 0x00265594 , dear 0x1feaa260 ( 51445260 ) iar 0x00265598 , dear 0x1feaa280
RAS KERNEL INFO Kernel detected 38519259 integer alignment exceptions ( 38519252 ) iar 0x0023f014 , dear 0x009c0fc0 ( 38519253 ) iar 0x0023f01c , dear 0x009c0fe0 ( 38519254 ) iar 0x0023f0e0 , dear 0x009c1100 ( 38519255 ) iar 0x0023f0e8 , dear 0x009c1120 ( 38519256 ) iar 0x0023f0f0 , dear 0x009c1140 ( 38519257 ) iar 0x0023f0f8 , dear 0x009c1160 ( 38519258 ) iar 0x0023f100 , dear 0x009c1180 ( 38519259 ) iar 0x0023f108 , dear 0x009c11a0
RAS KERNEL INFO Kernel detected 27641807 integer alignment exceptions ( 27641800 ) iar 0x00265598 , dear 0x1feaa280 ( 27641801 ) iar 0x0023f11c , dear 0x1feaa2a0 ( 27641802 ) iar 0x0023f0e0 , dear 0x1feaa1e0 ( 27641803 ) iar 0x0023f0e8 , dear 0x1feaa200 ( 27641804 ) iar 0x0023f0f0 , dear 0x1feaa220 ( 27641805 ) iar 0x0023f0f8 , dear 0x1feaa240 ( 27641806 ) iar 0x0023f100 , dear 0x1feaa260 ( 27641807 ) iar 0x0023f108 , dear 0x1feaa280
RAS KERNEL INFO Kernel detected 38074106 integer alignment exceptions ( 38074099 ) iar 0x0023f014 , dear 0x009c0840 ( 38074100 ) iar 0x0023f01c , dear 0x009c0860 ( 38074101 ) iar 0x0023f0e0 , dear 0x1feaa1e0 ( 38074102 ) iar 0x0023f0e8 , dear 0x1feaa200 ( 38074103 ) iar 0x0023f0f0 , dear 0x1feaa220 ( 38074104 ) iar 0x0023f0f8 , dear 0x1feaa240 ( 38074105 ) iar 0x0023f100 , dear 0x1feaa260 ( 38074106 ) iar 0x0023f108 , dear 0x1feaa280
RAS KERNEL INFO Kernel detected 20934694 integer alignment exceptions ( 20934687 ) iar 0x0023f108 , dear 0x1feaa280 ( 20934688 ) iar 0x0023efec , dear 0x0098c400 ( 20934689 ) iar 0x0023eff4 , dear 0x0098c420 ( 20934690 ) iar 0x0023effc , dear 0x0098c440 ( 20934691 ) iar 0x0023f004 , dear 0x0098c460 ( 20934692 ) iar 0x0023f00c , dear 0x0098c480 ( 20934693 ) iar 0x0023f014 , dear 0x0098c4a0 ( 20934694 ) iar 0x0023f01c , dear 0x0098c4c0
RAS KERNEL INFO Kernel detected 29405283 integer alignment exceptions ( 29405276 ) iar 0x0022bb50 , dear 0x0098d0a0 ( 29405277 ) iar 0x00265564 , dear 0x1feaa1c0 ( 29405278 ) iar 0x00265574 , dear 0x1feaa1e0 ( 29405279 ) iar 0x00265578 , dear 0x1feaa200 ( 29405280 ) iar 0x00265588 , dear 0x1feaa220 ( 29405281 ) iar 0x0026558c , dear 0x1feaa240 ( 29405282 ) iar 0x00265594 , dear 0x1feaa260 ( 29405283 ) iar 0x00265598 , dear 0x1feaa280
RAS KERNEL INFO Kernel detected 13742449 integer alignment exceptions ( 13742442 ) iar 0x0023f014 , dear 0x00a5d400 ( 13742443 ) iar 0x0023f01c , dear 0x00a5d420 ( 13742444 ) iar 0x0023f0e0 , dear 0x1feaa1e0 ( 13742445 ) iar 0x0023f0e8 , dear 0x1feaa200 ( 13742446 ) iar 0x0023f0f0 , dear 0x1feaa220 ( 13742447 ) iar 0x0023f0f8 , dear 0x1feaa240 ( 13742448 ) iar 0x0023f100 , dear 0x1feaa260 ( 13742449 ) iar 0x0023f108 , dear 0x1feaa280

#summary:#
Kernel detected integer alignment exceptions;

#88#
RAS KERNEL INFO Kernel detected 4067432 integer alignment exceptions ( 4067425 ) iar 0x00544ea8 , dear 0x01ef4d40 ( 4067426 ) iar 0x00544eb8 , dear 0x01ef4d60 ( 4067427 ) iar 0x00544ea8 , dear 0x01ef4d80 ( 4067428 ) iar 0x00544eb8 , dear 0x01ef4da0 ( 4067429 ) iar 0x00544ee0 , dear 0x01ef4dc0 ( 4067430 ) iar 0x00544ef0 , dear 0x01ef4de0 ( 4067431 ) iar 0x00544ee0 , dear 0x01ef4e00 ( 4067432 ) iar 0x00544ef0 , dear 0x01ef4e20
RAS KERNEL INFO Kernel detected 4452372 integer alignment exceptions ( 4452365 ) iar 0x00544ea8 , dear 0x01ef6060 ( 4452366 ) iar 0x00544eb8 , dear 0x01ef6080 ( 4452367 ) iar 0x00544ea8 , dear 0x01ef60a0 ( 4452368 ) iar 0x00544eb8 , dear 0x01ef60c0 ( 4452369 ) iar 0x00544ee0 , dear 0x01ef60e0 ( 4452370 ) iar 0x00544ef0 , dear 0x01ef6100 ( 4452371 ) iar 0x00544ee0 , dear 0x01ef6120 ( 4452372 ) iar 0x00544ef0 , dear 0x01ef6140
RAS KERNEL INFO Kernel detected 5284546 integer alignment exceptions ( 5284539 ) iar 0x00544ea8 , dear 0x01fc75a0 ( 5284540 ) iar 0x00544eb8 , dear 0x01fc75c0 ( 5284541 ) iar 0x00544ea8 , dear 0x01fc75e0 ( 5284542 ) iar 0x00544eb8 , dear 0x01fc7600 ( 5284543 ) iar 0x00544ee0 , dear 0x01fc7620 ( 5284544 ) iar 0x00544ef0 , dear 0x01fc7640 ( 5284545 ) iar 0x00544ee0 , dear 0x01fc7660 ( 5284546 ) iar 0x00544ef0 , dear 0x01fc7680
RAS KERNEL INFO Kernel detected 3383448 integer alignment exceptions ( 3383441 ) iar 0x00544ea8 , dear 0x01ef4d20 ( 3383442 ) iar 0x00544eb8 , dear 0x01ef4d40 ( 3383443 ) iar 0x00544ea8 , dear 0x01ef4d60 ( 3383444 ) iar 0x00544eb8 , dear 0x01ef4d80 ( 3383445 ) iar 0x00544ee0 , dear 0x01ef4da0 ( 3383446 ) iar 0x00544ef0 , dear 0x01ef4dc0 ( 3383447 ) iar 0x00544ee0 , dear 0x01ef4de0 ( 3383448 ) iar 0x00544ef0 , dear 0x01ef4e00
RAS KERNEL INFO Kernel detected 4259662 integer alignment exceptions ( 4259655 ) iar 0x00544ea8 , dear 0x01ef4d40 ( 4259656 ) iar 0x00544eb8 , dear 0x01ef4d60 ( 4259657 ) iar 0x00544ea8 , dear 0x01ef4d80 ( 4259658 ) iar 0x00544eb8 , dear 0x01ef4da0 ( 4259659 ) iar 0x00544ee0 , dear 0x01ef4dc0 ( 4259660 ) iar 0x00544ef0 , dear 0x01ef4de0 ( 4259661 ) iar 0x00544ee0 , dear 0x01ef4e00 ( 4259662 ) iar 0x00544ef0 , dear 0x01ef4e20
RAS KERNEL INFO Kernel detected 3882114 integer alignment exceptions ( 3882107 ) iar 0x00544ea8 , dear 0x01ef6f40 ( 3882108 ) iar 0x00544eb8 , dear 0x01ef6f60 ( 3882109 ) iar 0x00544ea8 , dear 0x01ef6f80 ( 3882110 ) iar 0x00544eb8 , dear 0x01ef6fa0 ( 3882111 ) iar 0x00544ee0 , dear 0x01ef6fc0 ( 3882112 ) iar 0x00544ef0 , dear 0x01ef6fe0 ( 3882113 ) iar 0x00544ee0 , dear 0x01ef7000 ( 3882114 ) iar 0x00544ef0 , dear 0x01ef7020
RAS KERNEL INFO Kernel detected 5022770 integer alignment exceptions ( 5022763 ) iar 0x00544ea8 , dear 0x01ef0c80 ( 5022764 ) iar 0x00544eb8 , dear 0x01ef0ca0 ( 5022765 ) iar 0x00544ea8 , dear 0x01ef0cc0 ( 5022766 ) iar 0x00544eb8 , dear 0x01ef0ce0 ( 5022767 ) iar 0x00544ee0 , dear 0x01ef0d00 ( 5022768 ) iar 0x00544ef0 , dear 0x01ef0d20 ( 5022769 ) iar 0x00544ee0 , dear 0x01ef0d40 ( 5022770 ) iar 0x00544ef0 , dear 0x01ef0d60
RAS KERNEL INFO Kernel detected 4373536 integer alignment exceptions ( 4373529 ) iar 0x00544ea8 , dear 0x01ef55a0 ( 4373530 ) iar 0x00544eb8 , dear 0x01ef55c0 ( 4373531 ) iar 0x00544ea8 , dear 0x01ef55e0 ( 4373532 ) iar 0x00544eb8 , dear 0x01ef5600 ( 4373533 ) iar 0x00544ee0 , dear 0x01ef5620 ( 4373534 ) iar 0x00544ef0 , dear 0x01ef5640 ( 4373535 ) iar 0x00544ee0 , dear 0x01ef5660 ( 4373536 ) iar 0x00544ef0 , dear 0x01ef5680
RAS KERNEL INFO Kernel detected 3094906 integer alignment exceptions ( 3094899 ) iar 0x00544ea8 , dear 0x01fc5020 ( 3094900 ) iar 0x00544eb8 , dear 0x01fc5040 ( 3094901 ) iar 0x00544ea8 , dear 0x01fc5060 ( 3094902 ) iar 0x00544eb8 , dear 0x01fc5080 ( 3094903 ) iar 0x00544ee0 , dear 0x01fc50a0 ( 3094904 ) iar 0x00544ef0 , dear 0x01fc50c0 ( 3094905 ) iar 0x00544ee0 , dear 0x01fc50e0 ( 3094906 ) iar 0x00544ef0 , dear 0x01fc5100
RAS KERNEL INFO Kernel detected 5214146 integer alignment exceptions ( 5214139 ) iar 0x00544ea8 , dear 0x01fc59e0 ( 5214140 ) iar 0x00544eb8 , dear 0x01fc5a00 ( 5214141 ) iar 0x00544ea8 , dear 0x01fc5a20 ( 5214142 ) iar 0x00544eb8 , dear 0x01fc5a40 ( 5214143 ) iar 0x00544ee0 , dear 0x01fc5a60 ( 5214144 ) iar 0x00544ef0 , dear 0x01fc5a80 ( 5214145 ) iar 0x00544ee0 , dear 0x01fc5aa0 ( 5214146 ) iar 0x00544ef0 , dear 0x01fc5ac0
RAS KERNEL INFO Kernel detected 4471314 integer alignment exceptions ( 4471307 ) iar 0x00544ea8 , dear 0x01fc6220 ( 4471308 ) iar 0x00544eb8 , dear 0x01fc6240 ( 4471309 ) iar 0x00544ea8 , dear 0x01fc6260 ( 4471310 ) iar 0x00544eb8 , dear 0x01fc6280 ( 4471311 ) iar 0x00544ee0 , dear 0x01fc62a0 ( 4471312 ) iar 0x00544ef0 , dear 0x01fc62c0 ( 4471313 ) iar 0x00544ee0 , dear 0x01fc62e0 ( 4471314 ) iar 0x00544ef0 , dear 0x01fc6300
RAS KERNEL INFO Kernel detected 4431136 integer alignment exceptions ( 4431129 ) iar 0x00544ea8 , dear 0x01ef60c0 ( 4431130 ) iar 0x00544eb8 , dear 0x01ef60e0 ( 4431131 ) iar 0x00544ea8 , dear 0x01ef6100 ( 4431132 ) iar 0x00544eb8 , dear 0x01ef6120 ( 4431133 ) iar 0x00544ee0 , dear 0x01ef6140 ( 4431134 ) iar 0x00544ef0 , dear 0x01ef6160 ( 4431135 ) iar 0x00544ee0 , dear 0x01ef6180 ( 4431136 ) iar 0x00544ef0 , dear 0x01ef61a0
RAS KERNEL INFO Kernel detected 3619942 integer alignment exceptions ( 3619935 ) iar 0x00544ea8 , dear 0x01fc6220 ( 3619936 ) iar 0x00544eb8 , dear 0x01fc6240 ( 3619937 ) iar 0x00544ea8 , dear 0x01fc6260 ( 3619938 ) iar 0x00544eb8 , dear 0x01fc6280 ( 3619939 ) iar 0x00544ee0 , dear 0x01fc62a0 ( 3619940 ) iar 0x00544ef0 , dear 0x01fc62c0 ( 3619941 ) iar 0x00544ee0 , dear 0x01fc62e0 ( 3619942 ) iar 0x00544ef0 , dear 0x01fc6300
RAS KERNEL INFO Kernel detected 5374804 integer alignment exceptions ( 5374797 ) iar 0x00544ea8 , dear 0x01ef5780 ( 5374798 ) iar 0x00544eb8 , dear 0x01ef57a0 ( 5374799 ) iar 0x00544ea8 , dear 0x01ef57c0 ( 5374800 ) iar 0x00544eb8 , dear 0x01ef57e0 ( 5374801 ) iar 0x00544ee0 , dear 0x01ef5800 ( 5374802 ) iar 0x00544ef0 , dear 0x01ef5820 ( 5374803 ) iar 0x00544ee0 , dear 0x01ef5840 ( 5374804 ) iar 0x00544ef0 , dear 0x01ef5860
RAS KERNEL INFO Kernel detected 5600246 integer alignment exceptions ( 5600239 ) iar 0x00544ea8 , dear 0x01fc8140 ( 5600240 ) iar 0x00544eb8 , dear 0x01fc8160 ( 5600241 ) iar 0x00544ea8 , dear 0x01fc8180 ( 5600242 ) iar 0x00544eb8 , dear 0x01fc81a0 ( 5600243 ) iar 0x00544ee0 , dear 0x01fc81c0 ( 5600244 ) iar 0x00544ef0 , dear 0x01fc81e0 ( 5600245 ) iar 0x00544ee0 , dear 0x01fc8200 ( 5600246 ) iar 0x00544ef0 , dear 0x01fc8220
RAS KERNEL INFO Kernel detected 4646772 integer alignment exceptions ( 4646765 ) iar 0x00544ea8 , dear 0x01fc7d40 ( 4646766 ) iar 0x00544eb8 , dear 0x01fc7d60 ( 4646767 ) iar 0x00544ea8 , dear 0x01fc7d80 ( 4646768 ) iar 0x00544eb8 , dear 0x01fc7da0 ( 4646769 ) iar 0x00544ee0 , dear 0x01fc7dc0 ( 4646770 ) iar 0x00544ef0 , dear 0x01fc7de0 ( 4646771 ) iar 0x00544ee0 , dear 0x01fc7e00 ( 4646772 ) iar 0x00544ef0 , dear 0x01fc7e20
RAS KERNEL INFO Kernel detected 3737336 integer alignment exceptions ( 3737329 ) iar 0x00544ea8 , dear 0x01fc5a40 ( 3737330 ) iar 0x00544eb8 , dear 0x01fc5a60 ( 3737331 ) iar 0x00544ea8 , dear 0x01fc5a80 ( 3737332 ) iar 0x00544eb8 , dear 0x01fc5aa0 ( 3737333 ) iar 0x00544ee0 , dear 0x01fc5ac0 ( 3737334 ) iar 0x00544ef0 , dear 0x01fc5ae0 ( 3737335 ) iar 0x00544ee0 , dear 0x01fc5b00 ( 3737336 ) iar 0x00544ef0 , dear 0x01fc5b20
RAS KERNEL INFO Kernel detected 3812600 integer alignment exceptions ( 3812593 ) iar 0x00544ea8 , dear 0x01fc5940 ( 3812594 ) iar 0x00544eb8 , dear 0x01fc5960 ( 3812595 ) iar 0x00544ea8 , dear 0x01fc5980 ( 3812596 ) iar 0x00544eb8 , dear 0x01fc59a0 ( 3812597 ) iar 0x00544ee0 , dear 0x01fc59c0 ( 3812598 ) iar 0x00544ef0 , dear 0x01fc59e0 ( 3812599 ) iar 0x00544ee0 , dear 0x01fc5a00 ( 3812600 ) iar 0x00544ef0 , dear 0x01fc5a20
RAS KERNEL INFO Kernel detected 4268170 integer alignment exceptions ( 4268163 ) iar 0x00544ea8 , dear 0x01fc5840 ( 4268164 ) iar 0x00544eb8 , dear 0x01fc5860 ( 4268165 ) iar 0x00544ea8 , dear 0x01fc5880 ( 4268166 ) iar 0x00544eb8 , dear 0x01fc58a0 ( 4268167 ) iar 0x00544ee0 , dear 0x01fc58c0 ( 4268168 ) iar 0x00544ef0 , dear 0x01fc58e0 ( 4268169 ) iar 0x00544ee0 , dear 0x01fc5900 ( 4268170 ) iar 0x00544ef0 , dear 0x01fc5920
RAS KERNEL INFO Kernel detected 4032526 integer alignment exceptions ( 4032519 ) iar 0x00544ea8 , dear 0x01fc1980 ( 4032520 ) iar 0x00544eb8 , dear 0x01fc19a0 ( 4032521 ) iar 0x00544ea8 , dear 0x01fc19c0 ( 4032522 ) iar 0x00544eb8 , dear 0x01fc19e0 ( 4032523 ) iar 0x00544ee0 , dear 0x01fc1a00 ( 4032524 ) iar 0x00544ef0 , dear 0x01fc1a20 ( 4032525 ) iar 0x00544ee0 , dear 0x01fc1a40 ( 4032526 ) iar 0x00544ef0 , dear 0x01fc1a60

#summary:#
Kernel detected integer alignment exceptions;

#89#
RAS KERNEL INFO Kernel detected 5364164 integer alignment exceptions ( 5364157 ) iar 0x00544ea8 , dear 0x01ef5340 ( 5364158 ) iar 0x00544eb8 , dear 0x01ef5360 ( 5364159 ) iar 0x00544ea8 , dear 0x01ef5380 ( 5364160 ) iar 0x00544eb8 , dear 0x01ef53a0 ( 5364161 ) iar 0x00544ee0 , dear 0x01ef53c0 ( 5364162 ) iar 0x00544ef0 , dear 0x01ef53e0 ( 5364163 ) iar 0x00544ee0 , dear 0x01ef5400 ( 5364164 ) iar 0x00544ef0 , dear 0x01ef5420
RAS KERNEL INFO Kernel detected 3601796 integer alignment exceptions ( 3601789 ) iar 0x00544ea8 , dear 0x01f0cdc0 ( 3601790 ) iar 0x00544eb8 , dear 0x01f0cde0 ( 3601791 ) iar 0x00544ea8 , dear 0x01f0ce00 ( 3601792 ) iar 0x00544eb8 , dear 0x01f0ce20 ( 3601793 ) iar 0x00544ee0 , dear 0x01f0ce40 ( 3601794 ) iar 0x00544ef0 , dear 0x01f0ce60 ( 3601795 ) iar 0x00544ee0 , dear 0x01f0ce80 ( 3601796 ) iar 0x00544ef0 , dear 0x01f0cea0
RAS KERNEL INFO Kernel detected 3998188 integer alignment exceptions ( 3998181 ) iar 0x00544ea8 , dear 0x01f0afc0 ( 3998182 ) iar 0x00544eb8 , dear 0x01f0afe0 ( 3998183 ) iar 0x00544ea8 , dear 0x01f0b000 ( 3998184 ) iar 0x00544eb8 , dear 0x01f0b020 ( 3998185 ) iar 0x00544ee0 , dear 0x01f0b040 ( 3998186 ) iar 0x00544ef0 , dear 0x01f0b060 ( 3998187 ) iar 0x00544ee0 , dear 0x01f0b080 ( 3998188 ) iar 0x00544ef0 , dear 0x01f0b0a0
RAS KERNEL INFO Kernel detected 5476258 integer alignment exceptions ( 5476251 ) iar 0x00544ea8 , dear 0x01fcbae0 ( 5476252 ) iar 0x00544eb8 , dear 0x01fcbb00 ( 5476253 ) iar 0x00544ea8 , dear 0x01fcbb20 ( 5476254 ) iar 0x00544eb8 , dear 0x01fcbb40 ( 5476255 ) iar 0x00544ee0 , dear 0x01fcbb60 ( 5476256 ) iar 0x00544ef0 , dear 0x01fcbb80 ( 5476257 ) iar 0x00544ee0 , dear 0x01fcbba0 ( 5476258 ) iar 0x00544ef0 , dear 0x01fcbbc0
RAS KERNEL INFO Kernel detected 3640526 integer alignment exceptions ( 3640519 ) iar 0x00544ea8 , dear 0x01ef62a0 ( 3640520 ) iar 0x00544eb8 , dear 0x01ef62c0 ( 3640521 ) iar 0x00544ea8 , dear 0x01ef62e0 ( 3640522 ) iar 0x00544eb8 , dear 0x01ef6300 ( 3640523 ) iar 0x00544ee0 , dear 0x01ef6320 ( 3640524 ) iar 0x00544ef0 , dear 0x01ef6340 ( 3640525 ) iar 0x00544ee0 , dear 0x01ef6360 ( 3640526 ) iar 0x00544ef0 , dear 0x01ef6380
RAS KERNEL INFO Kernel detected 4609206 integer alignment exceptions ( 4609199 ) iar 0x00544ea8 , dear 0x01f0cbe0 ( 4609200 ) iar 0x00544eb8 , dear 0x01f0cc00 ( 4609201 ) iar 0x00544ea8 , dear 0x01f0cc20 ( 4609202 ) iar 0x00544eb8 , dear 0x01f0cc40 ( 4609203 ) iar 0x00544ee0 , dear 0x01f0cc60 ( 4609204 ) iar 0x00544ef0 , dear 0x01f0cc80 ( 4609205 ) iar 0x00544ee0 , dear 0x01f0cca0 ( 4609206 ) iar 0x00544ef0 , dear 0x01f0ccc0
RAS KERNEL INFO Kernel detected 5367358 integer alignment exceptions ( 5367351 ) iar 0x00544ea8 , dear 0x01ef46c0 ( 5367352 ) iar 0x00544eb8 , dear 0x01ef46e0 ( 5367353 ) iar 0x00544ea8 , dear 0x01ef4700 ( 5367354 ) iar 0x00544eb8 , dear 0x01ef4720 ( 5367355 ) iar 0x00544ee0 , dear 0x01ef4740 ( 5367356 ) iar 0x00544ef0 , dear 0x01ef4760 ( 5367357 ) iar 0x00544ee0 , dear 0x01ef4780 ( 5367358 ) iar 0x00544ef0 , dear 0x01ef47a0
RAS KERNEL INFO Kernel detected 4883782 integer alignment exceptions ( 4883775 ) iar 0x00544ea8 , dear 0x01ef6540 ( 4883776 ) iar 0x00544eb8 , dear 0x01ef6560 ( 4883777 ) iar 0x00544ea8 , dear 0x01ef6580 ( 4883778 ) iar 0x00544eb8 , dear 0x01ef65a0 ( 4883779 ) iar 0x00544ee0 , dear 0x01ef65c0 ( 4883780 ) iar 0x00544ef0 , dear 0x01ef65e0 ( 4883781 ) iar 0x00544ee0 , dear 0x01ef6600 ( 4883782 ) iar 0x00544ef0 , dear 0x01ef6620
RAS KERNEL INFO Kernel detected 4531608 integer alignment exceptions ( 4531601 ) iar 0x00544ea8 , dear 0x01fc7200 ( 4531602 ) iar 0x00544eb8 , dear 0x01fc7220 ( 4531603 ) iar 0x00544ea8 , dear 0x01fc7240 ( 4531604 ) iar 0x00544eb8 , dear 0x01fc7260 ( 4531605 ) iar 0x00544ee0 , dear 0x01fc7280 ( 4531606 ) iar 0x00544ef0 , dear 0x01fc72a0 ( 4531607 ) iar 0x00544ee0 , dear 0x01fc72c0 ( 4531608 ) iar 0x00544ef0 , dear 0x01fc72e0
RAS KERNEL INFO Kernel detected 4915188 integer alignment exceptions ( 4915181 ) iar 0x00544ea8 , dear 0x01ef6d40 ( 4915182 ) iar 0x00544eb8 , dear 0x01ef6d60 ( 4915183 ) iar 0x00544ea8 , dear 0x01ef6d80 ( 4915184 ) iar 0x00544eb8 , dear 0x01ef6da0 ( 4915185 ) iar 0x00544ee0 , dear 0x01ef6dc0 ( 4915186 ) iar 0x00544ef0 , dear 0x01ef6de0 ( 4915187 ) iar 0x00544ee0 , dear 0x01ef6e00 ( 4915188 ) iar 0x00544ef0 , dear 0x01ef6e20
RAS KERNEL INFO Kernel detected 3924052 integer alignment exceptions ( 3924045 ) iar 0x00544ea8 , dear 0x01ef3880 ( 3924046 ) iar 0x00544eb8 , dear 0x01ef38a0 ( 3924047 ) iar 0x00544ea8 , dear 0x01ef38c0 ( 3924048 ) iar 0x00544eb8 , dear 0x01ef38e0 ( 3924049 ) iar 0x00544ee0 , dear 0x01ef3900 ( 3924050 ) iar 0x00544ef0 , dear 0x01ef3920 ( 3924051 ) iar 0x00544ee0 , dear 0x01ef3940 ( 3924052 ) iar 0x00544ef0 , dear 0x01ef3960
RAS KERNEL INFO Kernel detected 4165136 integer alignment exceptions ( 4165129 ) iar 0x00544ea8 , dear 0x01efb4a0 ( 4165130 ) iar 0x00544eb8 , dear 0x01efb4c0 ( 4165131 ) iar 0x00544ea8 , dear 0x01efb4e0 ( 4165132 ) iar 0x00544eb8 , dear 0x01efb500 ( 4165133 ) iar 0x00544ee0 , dear 0x01efb520 ( 4165134 ) iar 0x00544ef0 , dear 0x01efb540 ( 4165135 ) iar 0x00544ee0 , dear 0x01efb560 ( 4165136 ) iar 0x00544ef0 , dear 0x01efb580
RAS KERNEL INFO Kernel detected 4931086 integer alignment exceptions ( 4931079 ) iar 0x00544ea8 , dear 0x01efbd40 ( 4931080 ) iar 0x00544eb8 , dear 0x01efbd60 ( 4931081 ) iar 0x00544ea8 , dear 0x01efbd80 ( 4931082 ) iar 0x00544eb8 , dear 0x01efbda0 ( 4931083 ) iar 0x00544ee0 , dear 0x01efbdc0 ( 4931084 ) iar 0x00544ef0 , dear 0x01efbde0 ( 4931085 ) iar 0x00544ee0 , dear 0x01efbe00 ( 4931086 ) iar 0x00544ef0 , dear 0x01efbe20
RAS KERNEL INFO Kernel detected 4233978 integer alignment exceptions ( 4233971 ) iar 0x00544ea8 , dear 0x01fca6a0 ( 4233972 ) iar 0x00544eb8 , dear 0x01fca6c0 ( 4233973 ) iar 0x00544ea8 , dear 0x01fca6e0 ( 4233974 ) iar 0x00544eb8 , dear 0x01fca700 ( 4233975 ) iar 0x00544ee0 , dear 0x01fca720 ( 4233976 ) iar 0x00544ef0 , dear 0x01fca740 ( 4233977 ) iar 0x00544ee0 , dear 0x01fca760 ( 4233978 ) iar 0x00544ef0 , dear 0x01fca780
RAS KERNEL INFO Kernel detected 5175596 integer alignment exceptions ( 5175589 ) iar 0x00544ea8 , dear 0x01ef8ea0 ( 5175590 ) iar 0x00544eb8 , dear 0x01ef8ec0 ( 5175591 ) iar 0x00544ea8 , dear 0x01ef8ee0 ( 5175592 ) iar 0x00544eb8 , dear 0x01ef8f00 ( 5175593 ) iar 0x00544ee0 , dear 0x01ef8f20 ( 5175594 ) iar 0x00544ef0 , dear 0x01ef8f40 ( 5175595 ) iar 0x00544ee0 , dear 0x01ef8f60 ( 5175596 ) iar 0x00544ef0 , dear 0x01ef8f80
RAS KERNEL INFO Kernel detected 4078502 integer alignment exceptions ( 4078495 ) iar 0x00544ea8 , dear 0x01fc7380 ( 4078496 ) iar 0x00544eb8 , dear 0x01fc73a0 ( 4078497 ) iar 0x00544ea8 , dear 0x01fc73c0 ( 4078498 ) iar 0x00544eb8 , dear 0x01fc73e0 ( 4078499 ) iar 0x00544ee0 , dear 0x01fc7400 ( 4078500 ) iar 0x00544ef0 , dear 0x01fc7420 ( 4078501 ) iar 0x00544ee0 , dear 0x01fc7440 ( 4078502 ) iar 0x00544ef0 , dear 0x01fc7460
RAS KERNEL INFO Kernel detected 3933172 integer alignment exceptions ( 3933165 ) iar 0x00544ea8 , dear 0x01efcda0 ( 3933166 ) iar 0x00544eb8 , dear 0x01efcdc0 ( 3933167 ) iar 0x00544ea8 , dear 0x01efcde0 ( 3933168 ) iar 0x00544eb8 , dear 0x01efce00 ( 3933169 ) iar 0x00544ee0 , dear 0x01efce20 ( 3933170 ) iar 0x00544ef0 , dear 0x01efce40 ( 3933171 ) iar 0x00544ee0 , dear 0x01efce60 ( 3933172 ) iar 0x00544ef0 , dear 0x01efce80
RAS KERNEL INFO Kernel detected 3764940 integer alignment exceptions ( 3764933 ) iar 0x00544ea8 , dear 0x01ef7da0 ( 3764934 ) iar 0x00544eb8 , dear 0x01ef7dc0 ( 3764935 ) iar 0x00544ea8 , dear 0x01ef7de0 ( 3764936 ) iar 0x00544eb8 , dear 0x01ef7e00 ( 3764937 ) iar 0x00544ee0 , dear 0x01ef7e20 ( 3764938 ) iar 0x00544ef0 , dear 0x01ef7e40 ( 3764939 ) iar 0x00544ee0 , dear 0x01ef7e60 ( 3764940 ) iar 0x00544ef0 , dear 0x01ef7e80
RAS KERNEL INFO Kernel detected 5788164 integer alignment exceptions ( 5788157 ) iar 0x00544ea8 , dear 0x01fca840 ( 5788158 ) iar 0x00544eb8 , dear 0x01fca860 ( 5788159 ) iar 0x00544ea8 , dear 0x01fca880 ( 5788160 ) iar 0x00544eb8 , dear 0x01fca8a0 ( 5788161 ) iar 0x00544ee0 , dear 0x01fca8c0 ( 5788162 ) iar 0x00544ef0 , dear 0x01fca8e0 ( 5788163 ) iar 0x00544ee0 , dear 0x01fca900 ( 5788164 ) iar 0x00544ef0 , dear 0x01fca920
RAS KERNEL INFO Kernel detected 4170578 integer alignment exceptions ( 4170571 ) iar 0x00544ea8 , dear 0x01f0f5e0 ( 4170572 ) iar 0x00544eb8 , dear 0x01f0f600 ( 4170573 ) iar 0x00544ea8 , dear 0x01f0f620 ( 4170574 ) iar 0x00544eb8 , dear 0x01f0f640 ( 4170575 ) iar 0x00544ee0 , dear 0x01f0f660 ( 4170576 ) iar 0x00544ef0 , dear 0x01f0f680 ( 4170577 ) iar 0x00544ee0 , dear 0x01f0f6a0 ( 4170578 ) iar 0x00544ef0 , dear 0x01f0f6c0

#summary:#
Kernel detected integer alignment exceptions;

#90#
RAS APP FATAL ciod : Error loading /g/g90/glosli/src/ddcMD/ddcMD1.1.17/bin/ddcMDbglV : invalid or missing program image , No such file or directory
RAS APP FATAL ciod : Error loading /g/g90/glosli/src/ddcMD/ddcMD1.1.17/bin/ddcMDbglV : invalid or missing program image , No such file or directory
RAS APP FATAL ciod : Error loading /g/g90/glosli/src/ddcMD/ddcMD1.1.17/bin/ddcMDbglV : invalid or missing program image , No such file or directory
RAS APP FATAL ciod : Error loading /g/g90/glosli/src/ddcMD/ddcMD1.1.17/bin/ddcMDbglV : invalid or missing program image , No such file or directory
RAS APP FATAL ciod : Error loading /g/g90/glosli/src/ddcMD/ddcMD1.1.17/bin/ddcMDbglV : invalid or missing program image , No such file or directory
RAS APP FATAL ciod : Error loading /g/g90/glosli/src/ddcMD/ddcMD1.1.17/bin/ddcMDbglV : invalid or missing program image , No such file or directory
RAS APP FATAL ciod : Error loading /g/g90/glosli/src/ddcMD/ddcMD1.1.17/bin/ddcMDbglV : invalid or missing program image , No such file or directory
RAS APP FATAL ciod : Error loading /g/g90/glosli/src/ddcMD/ddcMD1.1.17/bin/ddcMDbglV : invalid or missing program image , No such file or directory
RAS APP FATAL ciod : Error loading /g/g90/glosli/src/ddcMD/ddcMD1.1.17/bin/ddcMDbglV : invalid or missing program image , No such file or directory
RAS APP FATAL ciod : Error loading /g/g90/glosli/src/ddcMD/ddcMD1.1.17/bin/ddcMDbglV : invalid or missing program image , No such file or directory
RAS APP FATAL ciod : Error loading /g/g90/glosli/src/ddcMD/ddcMD1.1.17/bin/ddcMDbglV : invalid or missing program image , No such file or directory
RAS APP FATAL ciod : Error loading /g/g90/glosli/src/ddcMD/ddcMD1.1.17/bin/ddcMDbglV : invalid or missing program image , No such file or directory
RAS APP FATAL ciod : Error loading /g/g90/glosli/src/ddcMD/ddcMD1.1.17/bin/ddcMDbglV : invalid or missing program image , No such file or directory
RAS APP FATAL ciod : Error loading /g/g90/glosli/src/ddcMD/ddcMD1.1.17/bin/ddcMDbglV : invalid or missing program image , No such file or directory
RAS APP FATAL ciod : Error loading /g/g90/glosli/src/ddcMD/ddcMD1.1.17/bin/ddcMDbglV : invalid or missing program image , No such file or directory
RAS APP FATAL ciod : Error loading /g/g90/glosli/src/ddcMD/ddcMD1.1.17/bin/ddcMDbglV : invalid or missing program image , No such file or directory
RAS APP FATAL ciod : Error loading /g/g90/glosli/src/ddcMD/ddcMD1.1.17/bin/ddcMDbglV : invalid or missing program image , No such file or directory
RAS APP FATAL ciod : Error loading /g/g90/glosli/src/ddcMD/ddcMD1.1.17/bin/ddcMDbglV : invalid or missing program image , No such file or directory
RAS APP FATAL ciod : Error loading /g/g90/glosli/src/ddcMD/ddcMD1.1.17/bin/ddcMDbglV : invalid or missing program image , No such file or directory
RAS APP FATAL ciod : Error loading /g/g90/glosli/src/ddcMD/ddcMD1.1.17/bin/ddcMDbglV : invalid or missing program image , No such file or directory

#summary:#
Error loading; invalid or missing program image;

#91#
RAS APP FATAL ciod : Error loading /p/gb1/stella/SPASM/1352/spasm_DD : invalid or missing program image , Permission denied
RAS APP FATAL ciod : Error loading /bgl/apps/SWL/stability/NEWS05/news05_DD : invalid or missing program image , Permission denied
RAS APP FATAL ciod : Error loading /bgl/apps/SWL/stability/MDCASK/WORK/1378/inferno : invalid or missing program image , Permission denied
RAS APP FATAL ciod : Error loading /p/gb1/stella/SPPM/1366/sppm_DD : invalid or missing program image , Permission denied
RAS APP FATAL ciod : Error loading /p/gb1/stella/SPASM/1352/spasm_DD : invalid or missing program image , Permission denied
RAS APP FATAL ciod : Error loading /bgl/apps/SWL/stability/HPL/WORK/1398./hpl_DD : invalid or missing program image , No such file or directory
RAS APP FATAL ciod : Error loading /bgl/apps/SWL/stability/HPL/WORK/1398./hpl_DD : invalid or missing program image , No such file or directory
RAS APP FATAL ciod : Error loading /bgl/apps/SWL/stability/MDCASK/WORK/1378/inferno : invalid or missing program image , Permission denied
RAS APP FATAL ciod : Error loading /bgl/apps/SWL/stability/MDCASK/WORK/1378/inferno : invalid or missing program image , Permission denied
RAS APP FATAL ciod : Error loading /p/gb1/stella/UMT2K/1372/umt2k_DD : invalid or missing program image , Permission denied
RAS APP FATAL ciod : Error loading /p/gb1/stella/SPPM/1366/sppm_DD : invalid or missing program image , Permission denied
RAS APP FATAL ciod : Error loading /bgl/apps/SWL/stability/MDCASK/WORK/1339/inferno : invalid or missing program image , Permission denied
RAS APP FATAL ciod : Error loading /bgl/apps/SWL/stability/HPL/WORK/1398./hpl_DD : invalid or missing program image , No such file or directory
RAS APP FATAL ciod : Error loading /bgl/apps/SWL/stability/HPL/WORK/1398./hpl_DD : invalid or missing program image , No such file or directory
RAS APP FATAL ciod : Error loading /bgl/apps/SWL/stability/MDCASK/WORK/1383/inferno : invalid or missing program image , Permission denied
RAS APP FATAL ciod : Error loading /p/gb1/stella/SPASM/1352/spasm_DD : invalid or missing program image , Permission denied
RAS APP FATAL ciod : Error loading /bgl/apps/SWL/stability/NEWS05/news05_DD : invalid or missing program image , Permission denied
RAS APP FATAL ciod : Error loading /bgl/apps/SWL/stability/MDCASK/WORK/1339/inferno : invalid or missing program image , Permission denied
RAS APP FATAL ciod : Error loading /bgl/apps/SWL/stability/MDCASK/WORK/1332/inferno : invalid or missing program image , Permission denied
RAS APP FATAL ciod : Error loading /bgl/apps/SWL/stability/MDCASK/WORK/1378/inferno : invalid or missing program image , Permission denied

#summary:#
Error loading; invalid or missing program image;

#92#
RAS APP FATAL ciod : Error loading /home/spelce1/HPCC_IBM/TomAndJeff/bin/tested_copro/tested_copro.rts : invalid or missing program image , Permission denied
RAS APP FATAL ciod : Error loading /home/spelce1/HPCC_IBM/TomAndJeff/bin/tested_copro/tested_copro.rts : invalid or missing program image , Permission denied
RAS APP FATAL ciod : Error loading /home/spelce1/HPCC_IBM/TomAndJeff/bin/tested_copro/tested_copro.rts : invalid or missing program image , Permission denied
RAS APP FATAL ciod : Error loading /home/spelce1/HPCC_IBM/TomAndJeff/bin/tested_copro/tested_copro.rts : invalid or missing program image , Permission denied
RAS APP FATAL ciod : Error loading /home/spelce1/HPCC_IBM/TomAndJeff/bin/tested_copro/tested_copro.rts : invalid or missing program image , Permission denied
RAS APP FATAL ciod : Error loading /home/spelce1/HPCC_IBM/TomAndJeff/bin/tested_copro/tested_copro.rts : invalid or missing program image , Permission denied
RAS APP FATAL ciod : Error loading /home/spelce1/HPCC_IBM/TomAndJeff/bin/tested_copro/tested_copro.rts : invalid or missing program image , Permission denied
RAS APP FATAL ciod : Error loading /home/spelce1/HPCC_IBM/TomAndJeff/bin/tested_copro/tested_copro.rts : invalid or missing program image , Permission denied
RAS APP FATAL ciod : Error loading /home/spelce1/HPCC_IBM/TomAndJeff/bin/tested_copro/tested_copro.rts : invalid or missing program image , Permission denied
RAS APP FATAL ciod : Error loading /home/spelce1/HPCC_IBM/TomAndJeff/bin/tested_copro/tested_copro.rts : invalid or missing program image , Permission denied
RAS APP FATAL ciod : Error loading /home/spelce1/HPCC_IBM/TomAndJeff/bin/tested_copro/tested_copro.rts : invalid or missing program image , Permission denied
RAS APP FATAL ciod : Error loading /home/spelce1/HPCC_IBM/TomAndJeff/bin/tested_copro/tested_copro.rts : invalid or missing program image , Permission denied
RAS APP FATAL ciod : Error loading /home/spelce1/HPCC_IBM/TomAndJeff/bin/tested_copro/tested_copro.rts : invalid or missing program image , Permission denied
RAS APP FATAL ciod : Error loading /home/spelce1/HPCC_IBM/TomAndJeff/bin/tested_copro/tested_copro.rts : invalid or missing program image , Permission denied
RAS APP FATAL ciod : Error loading /home/spelce1/HPCC_IBM/TomAndJeff/bin/tested_copro/tested_copro.rts : invalid or missing program image , Permission denied
RAS APP FATAL ciod : Error loading /home/spelce1/HPCC_IBM/TomAndJeff/bin/tested_copro/tested_copro.rts : invalid or missing program image , Permission denied
RAS APP FATAL ciod : Error loading /home/spelce1/HPCC_IBM/TomAndJeff/bin/tested_copro/tested_copro.rts : invalid or missing program image , Permission denied
RAS APP FATAL ciod : Error loading /home/spelce1/HPCC_IBM/TomAndJeff/bin/tested_copro/tested_copro.rts : invalid or missing program image , Permission denied
RAS APP FATAL ciod : Error loading /home/spelce1/HPCC_IBM/TomAndJeff/bin/tested_copro/tested_copro.rts : invalid or missing program image , Permission denied
RAS APP FATAL ciod : Error loading /home/spelce1/HPCC_IBM/TomAndJeff/bin/tested_copro/tested_copro.rts : invalid or missing program image , Permission denied

#summary:#
Error loading; invalid or missing program image;

#93#
RAS APP FATAL ciod : Error reading message prefix on CioStream socket to 172.16.96.116 : 46425 , Link has been severed
RAS APP FATAL ciod : Error reading message prefix on CioStream socket to 172.16.96.116 : 46424 , Link has been severed
RAS APP FATAL ciod : Error reading message prefix on CioStream socket to 172.16.96.116 : 46323 , Link has been severed
RAS APP FATAL ciod : Error reading message prefix on CioStream socket to 172.16.96.116 : 46322 , Link has been severed
RAS APP FATAL ciod : Error reading message prefix on CioStream socket to 172.16.96.116 : 45882 , Link has been severed
RAS APP FATAL ciod : Error reading message prefix on CioStream socket to 172.16.96.116 : 45881 , Link has been severed
RAS APP FATAL ciod : Error reading message prefix on CioStream socket to 172.16.96.116 : 46439 , Link has been severed
RAS APP FATAL ciod : Error reading message prefix on CioStream socket to 172.16.96.116 : 46438 , Link has been severed
RAS APP FATAL ciod : Error reading message prefix on CioStream socket to 172.16.96.116 : 46431 , Link has been severed
RAS APP FATAL ciod : Error reading message prefix on CioStream socket to 172.16.96.116 : 46430 , Link has been severed
RAS APP FATAL ciod : Error reading message prefix on CioStream socket to 172.16.96.116 : 46459 , Link has been severed
RAS APP FATAL ciod : Error reading message prefix on CioStream socket to 172.16.96.116 : 46458 , Link has been severed
RAS APP FATAL ciod : Error reading message prefix on CioStream socket to 172.16.96.116 : 45690 , Link has been severed
RAS APP FATAL ciod : Error reading message prefix on CioStream socket to 172.16.96.116 : 45689 , Link has been severed
RAS APP FATAL ciod : Error reading message prefix on CioStream socket to 172.16.96.116 : 45932 , Link has been severed
RAS APP FATAL ciod : Error reading message prefix on CioStream socket to 172.16.96.116 : 45931 , Link has been severed
RAS APP FATAL ciod : Error reading message prefix on CioStream socket to 172.16.96.116 : 45920 , Link has been severed
RAS APP FATAL ciod : Error reading message prefix on CioStream socket to 172.16.96.116 : 45919 , Link has been severed
RAS APP FATAL ciod : Error reading message prefix on CioStream socket to 172.16.96.116 : 45928 , Link has been severed
RAS APP FATAL ciod : Error reading message prefix on CioStream socket to 172.16.96.116 : 45927 , Link has been severed

#summary:#
Error reading message prefix;

#94#
RAS KERNEL INFO ciod : pollControlDescriptors : Detected the debugger died.
RAS KERNEL INFO ciod : pollControlDescriptors : Detected the debugger died.
RAS KERNEL INFO ciod : pollControlDescriptors : Detected the debugger died.
RAS KERNEL INFO ciod : pollControlDescriptors : Detected the debugger died.
RAS KERNEL INFO ciod : pollControlDescriptors : Detected the debugger died.
RAS KERNEL INFO ciod : pollControlDescriptors : Detected the debugger died.
RAS KERNEL INFO ciod : pollControlDescriptors : Detected the debugger died.
RAS KERNEL INFO ciod : pollControlDescriptors : Detected the debugger died.
RAS KERNEL INFO ciod : pollControlDescriptors : Detected the debugger died.
RAS KERNEL INFO ciod : pollControlDescriptors : Detected the debugger died.
RAS KERNEL INFO ciod : pollControlDescriptors : Detected the debugger died.
RAS KERNEL INFO ciod : pollControlDescriptors : Detected the debugger died.
RAS KERNEL INFO ciod : pollControlDescriptors : Detected the debugger died.
RAS KERNEL INFO ciod : pollControlDescriptors : Detected the debugger died.
RAS KERNEL INFO ciod : pollControlDescriptors : Detected the debugger died.
RAS KERNEL INFO ciod : pollControlDescriptors : Detected the debugger died.
RAS KERNEL INFO ciod : pollControlDescriptors : Detected the debugger died.
RAS KERNEL INFO ciod : pollControlDescriptors : Detected the debugger died.
RAS KERNEL INFO ciod : pollControlDescriptors : Detected the debugger died.
RAS KERNEL INFO ciod : pollControlDescriptors : Detected the debugger died.

#summary:#
Detected the debugger died;

#95#
RAS KERNEL INFO ciod : generated 128 core files for program /g/g24/germann2/SPaSM_static/SPaSM_mpi
RAS KERNEL INFO ciod : generated 128 core files for program /g/g24/germann2/SPaSM_static/SPaSM_mpi
RAS KERNEL INFO ciod : generated 128 core files for program /g/g24/germann2/SPaSM_static/SPaSM_mpi
RAS KERNEL INFO ciod : generated 128 core files for program /g/g24/germann2/SPaSM_static/SPaSM_mpi
RAS KERNEL INFO ciod : generated 128 core files for program /g/g24/germann2/SPaSM_static/SPaSM_mpi
RAS KERNEL INFO ciod : generated 128 core files for program /g/g24/germann2/SPaSM_static/SPaSM_mpi
RAS KERNEL INFO ciod : generated 128 core files for program /g/g24/germann2/SPaSM_static/SPaSM_mpi
RAS KERNEL INFO ciod : generated 128 core files for program /g/g24/germann2/SPaSM_static/SPaSM_mpi
RAS KERNEL INFO ciod : generated 128 core files for program /g/g24/germann2/SPaSM_static/SPaSM_mpi
RAS KERNEL INFO ciod : generated 128 core files for program /g/g24/germann2/SPaSM_static/SPaSM_mpi
RAS KERNEL INFO ciod : generated 128 core files for program /g/g24/germann2/SPaSM_static/SPaSM_mpi
RAS KERNEL INFO ciod : generated 128 core files for program /g/g24/germann2/SPaSM_static/SPaSM_mpi
RAS KERNEL INFO ciod : generated 128 core files for program /g/g24/germann2/SPaSM_static/SPaSM_mpi
RAS KERNEL INFO ciod : generated 128 core files for program /g/g24/germann2/SPaSM_static/SPaSM_mpi
RAS KERNEL INFO ciod : generated 128 core files for program /g/g24/germann2/SPaSM_static/SPaSM_mpi
RAS KERNEL INFO ciod : generated 128 core files for program /g/g24/germann2/SPaSM_static/SPaSM_mpi
RAS KERNEL INFO ciod : generated 128 core files for program /g/g24/germann2/SPaSM_static/SPaSM_mpi
RAS KERNEL INFO ciod : generated 128 core files for program /g/g24/germann2/SPaSM_static/SPaSM_mpi
RAS KERNEL INFO ciod : generated 128 core files for program /g/g24/germann2/SPaSM_static/SPaSM_mpi
RAS KERNEL INFO ciod : generated 128 core files for program /g/g24/germann2/SPaSM_static/SPaSM_mpi

#summary:#
generated core files for program;

#96#
RAS KERNEL INFO instruction cache parity error corrected
RAS KERNEL INFO instruction cache parity error corrected
RAS KERNEL INFO instruction cache parity error corrected
RAS KERNEL INFO instruction cache parity error corrected
RAS KERNEL INFO instruction cache parity error corrected
RAS KERNEL INFO instruction cache parity error corrected
RAS KERNEL INFO instruction cache parity error corrected
RAS KERNEL INFO instruction cache parity error corrected
RAS KERNEL INFO instruction cache parity error corrected
RAS KERNEL INFO instruction cache parity error corrected
RAS KERNEL INFO instruction cache parity error corrected
RAS KERNEL INFO instruction cache parity error corrected
RAS KERNEL INFO instruction cache parity error corrected
RAS KERNEL INFO instruction cache parity error corrected
RAS KERNEL INFO instruction cache parity error corrected
RAS KERNEL INFO instruction cache parity error corrected
RAS KERNEL INFO instruction cache parity error corrected
RAS KERNEL INFO instruction cache parity error corrected
RAS KERNEL INFO instruction cache parity error corrected
RAS KERNEL INFO instruction cache parity error corrected

#summary:#
instruction cache parity error corrected;

#97#
RAS KERNEL INFO instruction cache parity error corrected
RAS KERNEL INFO instruction cache parity error corrected
RAS KERNEL INFO instruction cache parity error corrected
RAS KERNEL INFO instruction cache parity error corrected
RAS KERNEL INFO instruction cache parity error corrected
RAS KERNEL INFO instruction cache parity error corrected
RAS KERNEL INFO instruction cache parity error corrected
RAS KERNEL INFO instruction cache parity error corrected
RAS KERNEL INFO instruction cache parity error corrected
RAS KERNEL INFO instruction cache parity error corrected
RAS KERNEL INFO instruction cache parity error corrected
RAS KERNEL INFO instruction cache parity error corrected
RAS KERNEL INFO instruction cache parity error corrected
RAS KERNEL INFO instruction cache parity error corrected
RAS KERNEL INFO instruction cache parity error corrected
RAS KERNEL INFO instruction cache parity error corrected
RAS KERNEL INFO instruction cache parity error corrected
RAS KERNEL INFO instruction cache parity error corrected
RAS KERNEL INFO instruction cache parity error corrected
RAS KERNEL INFO instruction cache parity error corrected

#summary:#
instruction cache parity error corrected;

#98#
RAS KERNEL INFO ciod : generated 128 core files for program /g/g90/glosli/src/ddcMD/ddcMD1.1.18a/bin/ddcMDbglV
RAS KERNEL INFO ciod : generated 128 core files for program /g/g90/glosli/src/ddcMD/ddcMD1.1.18a/bin/ddcMDbglV
RAS KERNEL INFO ciod : generated 128 core files for program /g/g90/glosli/src/ddcMD/ddcMD1.1.18a/bin/ddcMDbglV
RAS KERNEL INFO ciod : generated 128 core files for program /g/g90/glosli/src/ddcMD/ddcMD1.1.18a/bin/ddcMDbglV
RAS KERNEL INFO ciod : generated 128 core files for program /g/g90/glosli/src/ddcMD/ddcMD1.1.18a/bin/ddcMDbglV
RAS KERNEL INFO ciod : generated 128 core files for program /g/g90/glosli/src/ddcMD/ddcMD1.1.18a/bin/ddcMDbglV
RAS KERNEL INFO ciod : generated 128 core files for program /g/g90/glosli/src/ddcMD/ddcMD1.1.18a/bin/ddcMDbglV
RAS KERNEL INFO ciod : generated 128 core files for program /g/g90/glosli/src/ddcMD/ddcMD1.1.18a/bin/ddcMDbglV
RAS KERNEL INFO ciod : generated 128 core files for program /g/g90/glosli/src/ddcMD/ddcMD1.1.18a/bin/ddcMDbglV
RAS KERNEL INFO ciod : generated 128 core files for program /g/g90/glosli/src/ddcMD/ddcMD1.1.18a/bin/ddcMDbglV
RAS KERNEL INFO ciod : generated 128 core files for program /g/g90/glosli/src/ddcMD/ddcMD1.1.18a/bin/ddcMDbglV
RAS KERNEL INFO ciod : generated 128 core files for program /g/g90/glosli/src/ddcMD/ddcMD1.1.18a/bin/ddcMDbglV
RAS KERNEL INFO ciod : generated 128 core files for program /g/g90/glosli/src/ddcMD/ddcMD1.1.18a/bin/ddcMDbglV
RAS KERNEL INFO ciod : generated 128 core files for program /g/g90/glosli/src/ddcMD/ddcMD1.1.18a/bin/ddcMDbglV
RAS KERNEL INFO ciod : generated 128 core files for program /g/g90/glosli/src/ddcMD/ddcMD1.1.18a/bin/ddcMDbglV
RAS KERNEL INFO ciod : generated 128 core files for program /g/g90/glosli/src/ddcMD/ddcMD1.1.18a/bin/ddcMDbglV
RAS KERNEL INFO ciod : generated 128 core files for program /g/g90/glosli/src/ddcMD/ddcMD1.1.18a/bin/ddcMDbglV
RAS KERNEL INFO ciod : generated 128 core files for program /g/g90/glosli/src/ddcMD/ddcMD1.1.18a/bin/ddcMDbglV
RAS KERNEL INFO ciod : generated 128 core files for program /g/g90/glosli/src/ddcMD/ddcMD1.1.18a/bin/ddcMDbglV
RAS KERNEL INFO ciod : generated 128 core files for program /g/g90/glosli/src/ddcMD/ddcMD1.1.18a/bin/ddcMDbglV

#summary:#
generated core files for program;

#99#
RAS KERNEL INFO ciod : Received signal 15 , code = 0 , errno = 0 , address = 0x000001f5
RAS APP FATAL ciod : Error reading message prefix on CioStream socket to 172.16.96.116 : 47024 , Link has been severed
RAS KERNEL INFO ciod : Received signal 15 , code = 0 , errno = 0 , address = 0x000001f2
RAS APP FATAL ciod : Error reading message prefix on CioStream socket to 172.16.96.116 : 47023 , Link has been severed
RAS KERNEL INFO ciod : Received signal 15 , code = 0 , errno = 0 , address = 0x000001f5
RAS APP FATAL ciod : Error reading message prefix on CioStream socket to 172.16.96.116 : 47296 , Link has been severed
RAS KERNEL INFO ciod : Received signal 15 , code = 0 , errno = 0 , address = 0x000001f2
RAS APP FATAL ciod : Error reading message prefix on CioStream socket to 172.16.96.116 : 47295 , Link has been severed
RAS KERNEL INFO ciod : Received signal 15 , code = 0 , errno = 0 , address = 0x000001f7
RAS APP FATAL ciod : Error reading message prefix on CioStream socket to 172.16.96.116 : 47034 , Link has been severed
RAS APP FATAL ciod : Error reading message prefix on CioStream socket to 172.16.96.116 : 47033 , Link has been severed
RAS APP FATAL ciod : Error reading message prefix on CioStream socket to 172.16.96.116 : 47294 , Link has been severed
RAS APP FATAL ciod : Error reading message prefix on CioStream socket to 172.16.96.116 : 47293 , Link has been severed
RAS KERNEL INFO ciod : Received signal 15 , code = 0 , errno = 0 , address = 0x000001f2
RAS APP FATAL ciod : Error reading message prefix on CioStream socket to 172.16.96.116 : 47302 , Link has been severed
RAS KERNEL INFO ciod : Received signal 15 , code = 0 , errno = 0 , address = 0x000001f2
RAS APP FATAL ciod : Error reading message prefix on CioStream socket to 172.16.96.116 : 47301 , Link has been severed
RAS APP FATAL ciod : Error reading message prefix on CioStream socket to 172.16.96.116 : 47106 , Link has been severed
RAS KERNEL INFO ciod : Received signal 15 , code = 0 , errno = 0 , address = 0x000001f5
RAS APP FATAL ciod : Error reading message prefix on CioStream socket to 172.16.96.116 : 47105 , Link has been severed

#summary:#
Received signal; Error reading message prefix;

#100#
RAS KERNEL INFO 0 microseconds spent in the rbs signal handler during 0 calls. 0 microseconds was the maximum time for a single instance of a correctable ddr.
RAS KERNEL INFO 0 microseconds spent in the rbs signal handler during 0 calls. 0 microseconds was the maximum time for a single instance of a correctable ddr.
RAS KERNEL INFO 10692 total interrupts. 0 critical input interrupts. 0 microseconds total spent on critical input interrupts , 0 microseconds max time in a critical input interrupt.
RAS KERNEL INFO 10726 total interrupts. 0 critical input interrupts. 0 microseconds total spent on critical input interrupts , 0 microseconds max time in a critical input interrupt.
RAS KERNEL INFO 0 microseconds spent in the rbs signal handler during 0 calls. 0 microseconds was the maximum time for a single instance of a correctable ddr.
RAS KERNEL INFO 10684 total interrupts. 0 critical input interrupts. 0 microseconds total spent on critical input interrupts , 0 microseconds max time in a critical input interrupt.
RAS KERNEL INFO 10698 total interrupts. 0 critical input interrupts. 0 microseconds total spent on critical input interrupts , 0 microseconds max time in a critical input interrupt.
RAS KERNEL INFO 10734 total interrupts. 0 critical input interrupts. 0 microseconds total spent on critical input interrupts , 0 microseconds max time in a critical input interrupt.
RAS KERNEL INFO 10710 total interrupts. 0 critical input interrupts. 0 microseconds total spent on critical input interrupts , 0 microseconds max time in a critical input interrupt.
RAS KERNEL INFO 10730 total interrupts. 0 critical input interrupts. 0 microseconds total spent on critical input interrupts , 0 microseconds max time in a critical input interrupt.
RAS KERNEL INFO 0 microseconds spent in the rbs signal handler during 0 calls. 0 microseconds was the maximum time for a single instance of a correctable ddr.
RAS KERNEL INFO 10692 total interrupts. 0 critical input interrupts. 0 microseconds total spent on critical input interrupts , 0 microseconds max time in a critical input interrupt.
RAS KERNEL INFO 10606 total interrupts. 0 critical input interrupts. 0 microseconds total spent on critical input interrupts , 0 microseconds max time in a critical input interrupt.
RAS KERNEL INFO 0 microseconds spent in the rbs signal handler during 0 calls. 0 microseconds was the maximum time for a single instance of a correctable ddr.
RAS KERNEL INFO 10722 total interrupts. 0 critical input interrupts. 0 microseconds total spent on critical input interrupts , 0 microseconds max time in a critical input interrupt.
RAS KERNEL INFO 0 microseconds spent in the rbs signal handler during 0 calls. 0 microseconds was the maximum time for a single instance of a correctable ddr.
RAS KERNEL INFO 0 microseconds spent in the rbs signal handler during 0 calls. 0 microseconds was the maximum time for a single instance of a correctable ddr.
RAS KERNEL INFO 0 microseconds spent in the rbs signal handler during 0 calls. 0 microseconds was the maximum time for a single instance of a correctable ddr.
RAS KERNEL INFO 0 microseconds spent in the rbs signal handler during 0 calls. 0 microseconds was the maximum time for a single instance of a correctable ddr.
RAS KERNEL INFO 10732 total interrupts. 0 critical input interrupts. 0 microseconds total spent on critical input interrupts , 0 microseconds max time in a critical input interrupt.

#summary:#
microseconds spent in the rbs signal handler; critical input interrupts;